2022-03-22 09:45:41 ERROR main org.springframework.data.elasticsearch.repository.support.AbstractElasticsearchRepository failed to load elasticsearch nodes : org.elasticsearch.client.transport.NoNodeAvailableException: None of the configured nodes are available: [{#transport#-1}{72oeoMN7T2maLubzBICgdQ}{192.168.2.11}{192.168.2.11:9300}]
2022-03-22 09:45:41 ERROR main org.springframework.data.elasticsearch.repository.support.AbstractElasticsearchRepository failed to load elasticsearch nodes : org.elasticsearch.client.transport.NoNodeAvailableException: None of the configured nodes are available: [{#transport#-1}{72oeoMN7T2maLubzBICgdQ}{192.168.2.11}{192.168.2.11:9300}]
2022-03-22 09:55:02 ERROR main org.springframework.data.elasticsearch.repository.support.AbstractElasticsearchRepository failed to load elasticsearch nodes : org.elasticsearch.client.transport.NoNodeAvailableException: None of the configured nodes are available: [{#transport#-1}{Geo8JArpSTe7JqiZ2BE3Gw}{192.168.2.11}{192.168.2.11:9300}]
2022-03-22 09:55:02 ERROR main org.springframework.data.elasticsearch.repository.support.AbstractElasticsearchRepository failed to load elasticsearch nodes : org.elasticsearch.client.transport.NoNodeAvailableException: None of the configured nodes are available: [{#transport#-1}{Geo8JArpSTe7JqiZ2BE3Gw}{192.168.2.11}{192.168.2.11:9300}]
2022-03-22 09:57:09 ERROR http-nio-5000-exec-5 org.apache.catalina.core.ContainerBase.[Tomcat].[localhost].[/].[dispatcherServlet] Servlet.service() for servlet [dispatcherServlet] in context with path [] threw exception [Request processing failed; nested exception is NoNodeAvailableException[None of the configured nodes are available: [{#transport#-1}{Geo8JArpSTe7JqiZ2BE3Gw}{192.168.2.11}{192.168.2.11:9300}]]] with root cause
org.elasticsearch.client.transport.NoNodeAvailableException: None of the configured nodes are available: [{#transport#-1}{Geo8JArpSTe7JqiZ2BE3Gw}{192.168.2.11}{192.168.2.11:9300}]
	at org.elasticsearch.client.transport.TransportClientNodesService.ensureNodesAreAvailable(TransportClientNodesService.java:352)
	at org.elasticsearch.client.transport.TransportClientNodesService.execute(TransportClientNodesService.java:248)
	at org.elasticsearch.client.transport.TransportProxyClient.execute(TransportProxyClient.java:60)
	at org.elasticsearch.client.transport.TransportClient.doExecute(TransportClient.java:388)
	at org.elasticsearch.client.support.AbstractClient.execute(AbstractClient.java:403)
	at org.elasticsearch.client.support.AbstractClient.execute(AbstractClient.java:391)
	at org.elasticsearch.action.ActionRequestBuilder.execute(ActionRequestBuilder.java:46)
	at org.springframework.data.elasticsearch.core.ElasticsearchTemplate.getSearchResponse(ElasticsearchTemplate.java:946)
	at org.springframework.data.elasticsearch.core.ElasticsearchTemplate.doScroll(ElasticsearchTemplate.java:808)
	at org.springframework.data.elasticsearch.core.ElasticsearchTemplate.startScroll(ElasticsearchTemplate.java:822)
	at org.springframework.data.elasticsearch.core.ElasticsearchTemplate.delete(ElasticsearchTemplate.java:719)
	at org.springframework.data.elasticsearch.repository.support.AbstractElasticsearchRepository.deleteAll(AbstractElasticsearchRepository.java:257)
	at sun.reflect.NativeMethodAccessorImpl.invoke0(Native Method)
	at sun.reflect.NativeMethodAccessorImpl.invoke(NativeMethodAccessorImpl.java:62)
	at sun.reflect.DelegatingMethodAccessorImpl.invoke(DelegatingMethodAccessorImpl.java:43)
	at java.lang.reflect.Method.invoke(Method.java:498)
	at org.springframework.data.repository.core.support.RepositoryComposition$RepositoryFragments.invoke(RepositoryComposition.java:359)
	at org.springframework.data.repository.core.support.RepositoryComposition.invoke(RepositoryComposition.java:200)
	at org.springframework.data.repository.core.support.RepositoryFactorySupport$ImplementationMethodExecutionInterceptor.invoke(RepositoryFactorySupport.java:644)
	at org.springframework.aop.framework.ReflectiveMethodInvocation.proceed(ReflectiveMethodInvocation.java:186)
	at org.springframework.data.repository.core.support.RepositoryFactorySupport$QueryExecutorMethodInterceptor.doInvoke(RepositoryFactorySupport.java:608)
	at org.springframework.data.repository.core.support.RepositoryFactorySupport$QueryExecutorMethodInterceptor.lambda$invoke$3(RepositoryFactorySupport.java:595)
	at org.springframework.data.repository.core.support.RepositoryFactorySupport$QueryExecutorMethodInterceptor.invoke(RepositoryFactorySupport.java:595)
	at org.springframework.aop.framework.ReflectiveMethodInvocation.proceed(ReflectiveMethodInvocation.java:186)
	at org.springframework.data.projection.DefaultMethodInvokingMethodInterceptor.invoke(DefaultMethodInvokingMethodInterceptor.java:59)
	at org.springframework.aop.framework.ReflectiveMethodInvocation.proceed(ReflectiveMethodInvocation.java:186)
	at org.springframework.aop.interceptor.ExposeInvocationInterceptor.invoke(ExposeInvocationInterceptor.java:93)
	at org.springframework.aop.framework.ReflectiveMethodInvocation.proceed(ReflectiveMethodInvocation.java:186)
	at org.springframework.data.repository.core.support.SurroundingTransactionDetectorMethodInterceptor.invoke(SurroundingTransactionDetectorMethodInterceptor.java:61)
	at org.springframework.aop.framework.ReflectiveMethodInvocation.proceed(ReflectiveMethodInvocation.java:186)
	at org.springframework.aop.framework.JdkDynamicAopProxy.invoke(JdkDynamicAopProxy.java:212)
	at com.sun.proxy.$Proxy106.deleteAll(Unknown Source)
	at com.mqz.elk.web.controller.user.EsController.delete(EsController.java:97)
	at com.mqz.elk.web.controller.user.EsController.add(EsController.java:88)
	at sun.reflect.NativeMethodAccessorImpl.invoke0(Native Method)
	at sun.reflect.NativeMethodAccessorImpl.invoke(NativeMethodAccessorImpl.java:62)
	at sun.reflect.DelegatingMethodAccessorImpl.invoke(DelegatingMethodAccessorImpl.java:43)
	at java.lang.reflect.Method.invoke(Method.java:498)
	at org.springframework.web.method.support.InvocableHandlerMethod.doInvoke(InvocableHandlerMethod.java:189)
	at org.springframework.web.method.support.InvocableHandlerMethod.invokeForRequest(InvocableHandlerMethod.java:138)
	at org.springframework.web.servlet.mvc.method.annotation.ServletInvocableHandlerMethod.invokeAndHandle(ServletInvocableHandlerMethod.java:102)
	at org.springframework.web.servlet.mvc.method.annotation.RequestMappingHandlerAdapter.invokeHandlerMethod(RequestMappingHandlerAdapter.java:892)
	at org.springframework.web.servlet.mvc.method.annotation.RequestMappingHandlerAdapter.handleInternal(RequestMappingHandlerAdapter.java:797)
	at org.springframework.web.servlet.mvc.method.AbstractHandlerMethodAdapter.handle(AbstractHandlerMethodAdapter.java:87)
	at org.springframework.web.servlet.DispatcherServlet.doDispatch(DispatcherServlet.java:1038)
	at org.springframework.web.servlet.DispatcherServlet.doService(DispatcherServlet.java:942)
	at org.springframework.web.servlet.FrameworkServlet.processRequest(FrameworkServlet.java:1005)
	at org.springframework.web.servlet.FrameworkServlet.doGet(FrameworkServlet.java:897)
	at javax.servlet.http.HttpServlet.service(HttpServlet.java:634)
	at org.springframework.web.servlet.FrameworkServlet.service(FrameworkServlet.java:882)
	at javax.servlet.http.HttpServlet.service(HttpServlet.java:741)
	at org.apache.catalina.core.ApplicationFilterChain.internalDoFilter(ApplicationFilterChain.java:231)
	at org.apache.catalina.core.ApplicationFilterChain.doFilter(ApplicationFilterChain.java:166)
	at org.apache.tomcat.websocket.server.WsFilter.doFilter(WsFilter.java:53)
	at org.apache.catalina.core.ApplicationFilterChain.internalDoFilter(ApplicationFilterChain.java:193)
	at org.apache.catalina.core.ApplicationFilterChain.doFilter(ApplicationFilterChain.java:166)
	at com.github.xiaoymin.knife4j.spring.filter.ProductionSecurityFilter.doFilter(ProductionSecurityFilter.java:53)
	at org.apache.catalina.core.ApplicationFilterChain.internalDoFilter(ApplicationFilterChain.java:193)
	at org.apache.catalina.core.ApplicationFilterChain.doFilter(ApplicationFilterChain.java:166)
	at com.github.xiaoymin.knife4j.spring.filter.SecurityBasicAuthFilter.doFilter(SecurityBasicAuthFilter.java:87)
	at org.apache.catalina.core.ApplicationFilterChain.internalDoFilter(ApplicationFilterChain.java:193)
	at org.apache.catalina.core.ApplicationFilterChain.doFilter(ApplicationFilterChain.java:166)
	at org.springframework.boot.actuate.web.trace.servlet.HttpTraceFilter.doFilterInternal(HttpTraceFilter.java:90)
	at org.springframework.web.filter.OncePerRequestFilter.doFilter(OncePerRequestFilter.java:107)
	at org.apache.catalina.core.ApplicationFilterChain.internalDoFilter(ApplicationFilterChain.java:193)
	at org.apache.catalina.core.ApplicationFilterChain.doFilter(ApplicationFilterChain.java:166)
	at org.springframework.web.filter.RequestContextFilter.doFilterInternal(RequestContextFilter.java:99)
	at org.springframework.web.filter.OncePerRequestFilter.doFilter(OncePerRequestFilter.java:107)
	at org.apache.catalina.core.ApplicationFilterChain.internalDoFilter(ApplicationFilterChain.java:193)
	at org.apache.catalina.core.ApplicationFilterChain.doFilter(ApplicationFilterChain.java:166)
	at org.springframework.web.filter.FormContentFilter.doFilterInternal(FormContentFilter.java:92)
	at org.springframework.web.filter.OncePerRequestFilter.doFilter(OncePerRequestFilter.java:107)
	at org.apache.catalina.core.ApplicationFilterChain.internalDoFilter(ApplicationFilterChain.java:193)
	at org.apache.catalina.core.ApplicationFilterChain.doFilter(ApplicationFilterChain.java:166)
	at org.springframework.web.filter.HiddenHttpMethodFilter.doFilterInternal(HiddenHttpMethodFilter.java:93)
	at org.springframework.web.filter.OncePerRequestFilter.doFilter(OncePerRequestFilter.java:107)
	at org.apache.catalina.core.ApplicationFilterChain.internalDoFilter(ApplicationFilterChain.java:193)
	at org.apache.catalina.core.ApplicationFilterChain.doFilter(ApplicationFilterChain.java:166)
	at org.springframework.boot.actuate.metrics.web.servlet.WebMvcMetricsFilter.filterAndRecordMetrics(WebMvcMetricsFilter.java:117)
	at org.springframework.boot.actuate.metrics.web.servlet.WebMvcMetricsFilter.doFilterInternal(WebMvcMetricsFilter.java:106)
	at org.springframework.web.filter.OncePerRequestFilter.doFilter(OncePerRequestFilter.java:107)
	at org.apache.catalina.core.ApplicationFilterChain.internalDoFilter(ApplicationFilterChain.java:193)
	at org.apache.catalina.core.ApplicationFilterChain.doFilter(ApplicationFilterChain.java:166)
	at org.springframework.web.filter.CharacterEncodingFilter.doFilterInternal(CharacterEncodingFilter.java:200)
	at org.springframework.web.filter.OncePerRequestFilter.doFilter(OncePerRequestFilter.java:107)
	at org.apache.catalina.core.ApplicationFilterChain.internalDoFilter(ApplicationFilterChain.java:193)
	at org.apache.catalina.core.ApplicationFilterChain.doFilter(ApplicationFilterChain.java:166)
	at org.apache.catalina.core.StandardWrapperValve.invoke(StandardWrapperValve.java:200)
	at org.apache.catalina.core.StandardContextValve.invoke(StandardContextValve.java:96)
	at org.apache.catalina.authenticator.AuthenticatorBase.invoke(AuthenticatorBase.java:490)
	at org.apache.catalina.core.StandardHostValve.invoke(StandardHostValve.java:139)
	at org.apache.catalina.valves.ErrorReportValve.invoke(ErrorReportValve.java:92)
	at org.apache.catalina.core.StandardEngineValve.invoke(StandardEngineValve.java:74)
	at org.apache.catalina.connector.CoyoteAdapter.service(CoyoteAdapter.java:343)
	at org.apache.coyote.http11.Http11Processor.service(Http11Processor.java:408)
	at org.apache.coyote.AbstractProcessorLight.process(AbstractProcessorLight.java:66)
	at org.apache.coyote.AbstractProtocol$ConnectionHandler.process(AbstractProtocol.java:834)
	at org.apache.tomcat.util.net.NioEndpoint$SocketProcessor.doRun(NioEndpoint.java:1415)
	at org.apache.tomcat.util.net.SocketProcessorBase.run(SocketProcessorBase.java:49)
	at java.util.concurrent.ThreadPoolExecutor.runWorker(ThreadPoolExecutor.java:1149)
	at java.util.concurrent.ThreadPoolExecutor$Worker.run(ThreadPoolExecutor.java:624)
	at org.apache.tomcat.util.threads.TaskThread$WrappingRunnable.run(TaskThread.java:61)
	at java.lang.Thread.run(Thread.java:748)
2022-03-22 10:06:13 ERROR main org.springframework.data.elasticsearch.repository.support.AbstractElasticsearchRepository failed to load elasticsearch nodes : MapperParsingException[Failed to parse mapping [poem_doc]: analyzer [ik_max_word] has not been configured in mappings]; nested: IllegalArgumentException[analyzer [ik_max_word] has not been configured in mappings];; java.lang.IllegalArgumentException: analyzer [ik_max_word] has not been configured in mappings
2022-03-22 10:06:13 ERROR main org.springframework.data.elasticsearch.repository.support.AbstractElasticsearchRepository failed to load elasticsearch nodes : MapperParsingException[Failed to parse mapping [poem_completion_doc]: analyzer [ik_max_word] has not been configured in mappings]; nested: IllegalArgumentException[analyzer [ik_max_word] has not been configured in mappings];; java.lang.IllegalArgumentException: analyzer [ik_max_word] has not been configured in mappings
2022-03-22 10:06:31 ERROR main org.springframework.data.elasticsearch.repository.support.AbstractElasticsearchRepository failed to load elasticsearch nodes : MapperParsingException[Failed to parse mapping [poem_doc]: analyzer [ik_max_word] has not been configured in mappings]; nested: IllegalArgumentException[analyzer [ik_max_word] has not been configured in mappings];; java.lang.IllegalArgumentException: analyzer [ik_max_word] has not been configured in mappings
2022-03-22 10:06:31 ERROR main org.springframework.data.elasticsearch.repository.support.AbstractElasticsearchRepository failed to load elasticsearch nodes : MapperParsingException[Failed to parse mapping [poem_completion_doc]: analyzer [ik_max_word] has not been configured in mappings]; nested: IllegalArgumentException[analyzer [ik_max_word] has not been configured in mappings];; java.lang.IllegalArgumentException: analyzer [ik_max_word] has not been configured in mappings
2022-03-22 10:07:07 ERROR main org.springframework.data.elasticsearch.repository.support.AbstractElasticsearchRepository failed to load elasticsearch nodes : MapperParsingException[Failed to parse mapping [poem_doc]: analyzer [ik_max_word] has not been configured in mappings]; nested: IllegalArgumentException[analyzer [ik_max_word] has not been configured in mappings];; java.lang.IllegalArgumentException: analyzer [ik_max_word] has not been configured in mappings
2022-03-22 10:07:07 ERROR main org.springframework.data.elasticsearch.repository.support.AbstractElasticsearchRepository failed to load elasticsearch nodes : MapperParsingException[Failed to parse mapping [poem_completion_doc]: analyzer [ik_max_word] has not been configured in mappings]; nested: IllegalArgumentException[analyzer [ik_max_word] has not been configured in mappings];; java.lang.IllegalArgumentException: analyzer [ik_max_word] has not been configured in mappings
2022-03-22 10:08:01 ERROR main org.springframework.data.elasticsearch.repository.support.AbstractElasticsearchRepository failed to load elasticsearch nodes : org.elasticsearch.client.transport.NoNodeAvailableException: None of the configured nodes are available: [{#transport#-1}{nq8_dc5iQVOrvZk_C-KaJA}{192.168.2.11}{192.168.2.11:9300}]
2022-03-22 10:08:01 ERROR main org.springframework.data.elasticsearch.repository.support.AbstractElasticsearchRepository failed to load elasticsearch nodes : org.elasticsearch.client.transport.NoNodeAvailableException: None of the configured nodes are available: [{#transport#-1}{nq8_dc5iQVOrvZk_C-KaJA}{192.168.2.11}{192.168.2.11:9300}]
2022-03-22 10:08:39 ERROR main org.springframework.data.elasticsearch.repository.support.AbstractElasticsearchRepository failed to load elasticsearch nodes : MapperParsingException[Failed to parse mapping [poem_doc]: analyzer [ik_max_word] has not been configured in mappings]; nested: IllegalArgumentException[analyzer [ik_max_word] has not been configured in mappings];; java.lang.IllegalArgumentException: analyzer [ik_max_word] has not been configured in mappings
2022-03-22 10:08:39 ERROR main org.springframework.data.elasticsearch.repository.support.AbstractElasticsearchRepository failed to load elasticsearch nodes : MapperParsingException[Failed to parse mapping [poem_completion_doc]: analyzer [ik_max_word] has not been configured in mappings]; nested: IllegalArgumentException[analyzer [ik_max_word] has not been configured in mappings];; java.lang.IllegalArgumentException: analyzer [ik_max_word] has not been configured in mappings
2022-03-22 10:10:15 ERROR main org.springframework.data.elasticsearch.repository.support.AbstractElasticsearchRepository failed to load elasticsearch nodes : MapperParsingException[Failed to parse mapping [poem_doc]: analyzer [ik_max_word] has not been configured in mappings]; nested: IllegalArgumentException[analyzer [ik_max_word] has not been configured in mappings];; java.lang.IllegalArgumentException: analyzer [ik_max_word] has not been configured in mappings
2022-03-22 10:10:15 ERROR main org.springframework.data.elasticsearch.repository.support.AbstractElasticsearchRepository failed to load elasticsearch nodes : MapperParsingException[Failed to parse mapping [poem_completion_doc]: analyzer [ik_max_word] has not been configured in mappings]; nested: IllegalArgumentException[analyzer [ik_max_word] has not been configured in mappings];; java.lang.IllegalArgumentException: analyzer [ik_max_word] has not been configured in mappings
2022-03-22 10:12:37 ERROR main org.springframework.data.elasticsearch.repository.support.AbstractElasticsearchRepository failed to load elasticsearch nodes : MapperParsingException[Failed to parse mapping [poem_doc]: analyzer [ik_max_word] has not been configured in mappings]; nested: IllegalArgumentException[analyzer [ik_max_word] has not been configured in mappings];; java.lang.IllegalArgumentException: analyzer [ik_max_word] has not been configured in mappings
2022-03-22 10:12:37 ERROR main org.springframework.data.elasticsearch.repository.support.AbstractElasticsearchRepository failed to load elasticsearch nodes : MapperParsingException[Failed to parse mapping [poem_completion_doc]: analyzer [ik_max_word] has not been configured in mappings]; nested: IllegalArgumentException[analyzer [ik_max_word] has not been configured in mappings];; java.lang.IllegalArgumentException: analyzer [ik_max_word] has not been configured in mappings
2022-03-22 10:13:15 ERROR main org.springframework.data.elasticsearch.repository.support.AbstractElasticsearchRepository failed to load elasticsearch nodes : MapperParsingException[Failed to parse mapping [poem_doc]: analyzer [ik_max_word] has not been configured in mappings]; nested: IllegalArgumentException[analyzer [ik_max_word] has not been configured in mappings];; java.lang.IllegalArgumentException: analyzer [ik_max_word] has not been configured in mappings
2022-03-22 10:13:16 ERROR main org.springframework.data.elasticsearch.repository.support.AbstractElasticsearchRepository failed to load elasticsearch nodes : MapperParsingException[Failed to parse mapping [poem_completion_doc]: analyzer [ik_max_word] has not been configured in mappings]; nested: IllegalArgumentException[analyzer [ik_max_word] has not been configured in mappings];; java.lang.IllegalArgumentException: analyzer [ik_max_word] has not been configured in mappings
2022-03-22 10:16:05 ERROR main org.springframework.data.elasticsearch.repository.support.AbstractElasticsearchRepository failed to load elasticsearch nodes : MapperParsingException[Failed to parse mapping [poem_doc]: analyzer [ik_max_word] has not been configured in mappings]; nested: IllegalArgumentException[analyzer [ik_max_word] has not been configured in mappings];; java.lang.IllegalArgumentException: analyzer [ik_max_word] has not been configured in mappings
2022-03-22 10:16:06 ERROR main org.springframework.data.elasticsearch.repository.support.AbstractElasticsearchRepository failed to load elasticsearch nodes : MapperParsingException[Failed to parse mapping [poem_completion_doc]: analyzer [ik_max_word] has not been configured in mappings]; nested: IllegalArgumentException[analyzer [ik_max_word] has not been configured in mappings];; java.lang.IllegalArgumentException: analyzer [ik_max_word] has not been configured in mappings
2022-03-22 10:17:29 ERROR main org.springframework.data.elasticsearch.repository.support.AbstractElasticsearchRepository failed to load elasticsearch nodes : MapperParsingException[Failed to parse mapping [poem_doc]: analyzer [ik_max_word] has not been configured in mappings]; nested: IllegalArgumentException[analyzer [ik_max_word] has not been configured in mappings];; java.lang.IllegalArgumentException: analyzer [ik_max_word] has not been configured in mappings
2022-03-22 10:17:29 ERROR main org.springframework.data.elasticsearch.repository.support.AbstractElasticsearchRepository failed to load elasticsearch nodes : MapperParsingException[Failed to parse mapping [poem_completion_doc]: analyzer [ik_max_word] has not been configured in mappings]; nested: IllegalArgumentException[analyzer [ik_max_word] has not been configured in mappings];; java.lang.IllegalArgumentException: analyzer [ik_max_word] has not been configured in mappings
2022-03-22 10:19:40 ERROR main org.springframework.data.elasticsearch.repository.support.AbstractElasticsearchRepository failed to load elasticsearch nodes : MapperParsingException[Failed to parse mapping [poem_doc]: analyzer [ik_max_word] has not been configured in mappings]; nested: IllegalArgumentException[analyzer [ik_max_word] has not been configured in mappings];; java.lang.IllegalArgumentException: analyzer [ik_max_word] has not been configured in mappings
2022-03-22 10:19:41 ERROR main org.springframework.data.elasticsearch.repository.support.AbstractElasticsearchRepository failed to load elasticsearch nodes : MapperParsingException[Failed to parse mapping [poem_completion_doc]: analyzer [ik_max_word] has not been configured in mappings]; nested: IllegalArgumentException[analyzer [ik_max_word] has not been configured in mappings];; java.lang.IllegalArgumentException: analyzer [ik_max_word] has not been configured in mappings
2022-03-22 10:21:46 ERROR main org.springframework.data.elasticsearch.repository.support.AbstractElasticsearchRepository failed to load elasticsearch nodes : MapperParsingException[Failed to parse mapping [poem_doc]: analyzer [ik_max_word] has not been configured in mappings]; nested: IllegalArgumentException[analyzer [ik_max_word] has not been configured in mappings];; java.lang.IllegalArgumentException: analyzer [ik_max_word] has not been configured in mappings
2022-03-22 10:21:46 ERROR main org.springframework.data.elasticsearch.repository.support.AbstractElasticsearchRepository failed to load elasticsearch nodes : MapperParsingException[Failed to parse mapping [poem_completion_doc]: analyzer [ik_max_word] has not been configured in mappings]; nested: IllegalArgumentException[analyzer [ik_max_word] has not been configured in mappings];; java.lang.IllegalArgumentException: analyzer [ik_max_word] has not been configured in mappings
2022-03-22 10:28:33 ERROR main org.springframework.boot.SpringApplication Application run failed
java.lang.IllegalStateException: java.lang.IllegalStateException: Logback configuration error detected: 
ERROR in ch.qos.logback.core.joran.action.AppenderRefAction - Could not find an appender named [console]. Did you define it below instead of above in the configuration file?
ERROR in ch.qos.logback.core.joran.action.AppenderRefAction - See http://logback.qos.ch/codes.html#appender_order for more details.
	at org.springframework.boot.context.logging.LoggingApplicationListener.initializeSystem(LoggingApplicationListener.java:304)
	at org.springframework.boot.context.logging.LoggingApplicationListener.initialize(LoggingApplicationListener.java:265)
	at org.springframework.boot.context.logging.LoggingApplicationListener.onApplicationEnvironmentPreparedEvent(LoggingApplicationListener.java:228)
	at org.springframework.boot.context.logging.LoggingApplicationListener.onApplicationEvent(LoggingApplicationListener.java:201)
	at org.springframework.context.event.SimpleApplicationEventMulticaster.doInvokeListener(SimpleApplicationEventMulticaster.java:172)
	at org.springframework.context.event.SimpleApplicationEventMulticaster.invokeListener(SimpleApplicationEventMulticaster.java:165)
	at org.springframework.context.event.SimpleApplicationEventMulticaster.multicastEvent(SimpleApplicationEventMulticaster.java:139)
	at org.springframework.context.event.SimpleApplicationEventMulticaster.multicastEvent(SimpleApplicationEventMulticaster.java:127)
	at org.springframework.boot.context.event.EventPublishingRunListener.environmentPrepared(EventPublishingRunListener.java:75)
	at org.springframework.boot.SpringApplicationRunListeners.environmentPrepared(SpringApplicationRunListeners.java:54)
	at org.springframework.boot.SpringApplication.prepareEnvironment(SpringApplication.java:347)
	at org.springframework.boot.SpringApplication.run(SpringApplication.java:306)
	at org.springframework.boot.SpringApplication.run(SpringApplication.java:1260)
	at org.springframework.boot.SpringApplication.run(SpringApplication.java:1248)
	at com.mqz.elk.web.ElkWebApplication.main(ElkWebApplication.java:25)
Caused by: java.lang.IllegalStateException: Logback configuration error detected: 
ERROR in ch.qos.logback.core.joran.action.AppenderRefAction - Could not find an appender named [console]. Did you define it below instead of above in the configuration file?
ERROR in ch.qos.logback.core.joran.action.AppenderRefAction - See http://logback.qos.ch/codes.html#appender_order for more details.
	at org.springframework.boot.logging.logback.LogbackLoggingSystem.loadConfiguration(LogbackLoggingSystem.java:169)
	at org.springframework.boot.logging.AbstractLoggingSystem.initializeWithSpecificConfig(AbstractLoggingSystem.java:67)
	at org.springframework.boot.logging.AbstractLoggingSystem.initialize(AbstractLoggingSystem.java:57)
	at org.springframework.boot.logging.logback.LogbackLoggingSystem.initialize(LogbackLoggingSystem.java:117)
	at org.springframework.boot.context.logging.LoggingApplicationListener.initializeSystem(LoggingApplicationListener.java:297)
	... 14 common frames omitted
2022-03-22 10:29:15 ERROR main org.springframework.data.elasticsearch.repository.support.AbstractElasticsearchRepository failed to load elasticsearch nodes : MapperParsingException[Failed to parse mapping [poem_doc]: analyzer [ik_max_word] has not been configured in mappings]; nested: IllegalArgumentException[analyzer [ik_max_word] has not been configured in mappings];; java.lang.IllegalArgumentException: analyzer [ik_max_word] has not been configured in mappings
2022-03-22 10:29:16 ERROR main org.springframework.data.elasticsearch.repository.support.AbstractElasticsearchRepository failed to load elasticsearch nodes : MapperParsingException[Failed to parse mapping [poem_completion_doc]: analyzer [ik_max_word] has not been configured in mappings]; nested: IllegalArgumentException[analyzer [ik_max_word] has not been configured in mappings];; java.lang.IllegalArgumentException: analyzer [ik_max_word] has not been configured in mappings
2022-03-22 11:43:10 ERROR main org.springframework.data.elasticsearch.repository.support.AbstractElasticsearchRepository failed to load elasticsearch nodes : MapperParsingException[Failed to parse mapping [poem_doc]: analyzer [ik_max_word] has not been configured in mappings]; nested: IllegalArgumentException[analyzer [ik_max_word] has not been configured in mappings];; java.lang.IllegalArgumentException: analyzer [ik_max_word] has not been configured in mappings
2022-03-22 11:43:11 ERROR main org.springframework.data.elasticsearch.repository.support.AbstractElasticsearchRepository failed to load elasticsearch nodes : MapperParsingException[Failed to parse mapping [poem_completion_doc]: analyzer [ik_max_word] has not been configured in mappings]; nested: IllegalArgumentException[analyzer [ik_max_word] has not been configured in mappings];; java.lang.IllegalArgumentException: analyzer [ik_max_word] has not been configured in mappings
2022-03-22 11:43:50 ERROR http-nio-5000-exec-4 org.apache.catalina.core.ContainerBase.[Tomcat].[localhost].[/].[dispatcherServlet] Servlet.service() for servlet [dispatcherServlet] in context with path [] threw exception [Request processing failed; nested exception is java.lang.IllegalArgumentException: [multi_match] requires query value] with root cause
java.lang.IllegalArgumentException: [multi_match] requires query value
	at org.elasticsearch.index.query.MultiMatchQueryBuilder.<init>(MultiMatchQueryBuilder.java:195)
	at org.elasticsearch.index.query.QueryBuilders.multiMatchQuery(QueryBuilders.java:79)
	at com.mqz.elk.web.controller.user.EsController.getByKeyword(EsController.java:134)
	at sun.reflect.NativeMethodAccessorImpl.invoke0(Native Method)
	at sun.reflect.NativeMethodAccessorImpl.invoke(NativeMethodAccessorImpl.java:62)
	at sun.reflect.DelegatingMethodAccessorImpl.invoke(DelegatingMethodAccessorImpl.java:43)
	at java.lang.reflect.Method.invoke(Method.java:498)
	at org.springframework.web.method.support.InvocableHandlerMethod.doInvoke(InvocableHandlerMethod.java:189)
	at org.springframework.web.method.support.InvocableHandlerMethod.invokeForRequest(InvocableHandlerMethod.java:138)
	at org.springframework.web.servlet.mvc.method.annotation.ServletInvocableHandlerMethod.invokeAndHandle(ServletInvocableHandlerMethod.java:102)
	at org.springframework.web.servlet.mvc.method.annotation.RequestMappingHandlerAdapter.invokeHandlerMethod(RequestMappingHandlerAdapter.java:892)
	at org.springframework.web.servlet.mvc.method.annotation.RequestMappingHandlerAdapter.handleInternal(RequestMappingHandlerAdapter.java:797)
	at org.springframework.web.servlet.mvc.method.AbstractHandlerMethodAdapter.handle(AbstractHandlerMethodAdapter.java:87)
	at org.springframework.web.servlet.DispatcherServlet.doDispatch(DispatcherServlet.java:1038)
	at org.springframework.web.servlet.DispatcherServlet.doService(DispatcherServlet.java:942)
	at org.springframework.web.servlet.FrameworkServlet.processRequest(FrameworkServlet.java:1005)
	at org.springframework.web.servlet.FrameworkServlet.doGet(FrameworkServlet.java:897)
	at javax.servlet.http.HttpServlet.service(HttpServlet.java:634)
	at org.springframework.web.servlet.FrameworkServlet.service(FrameworkServlet.java:882)
	at javax.servlet.http.HttpServlet.service(HttpServlet.java:741)
	at org.apache.catalina.core.ApplicationFilterChain.internalDoFilter(ApplicationFilterChain.java:231)
	at org.apache.catalina.core.ApplicationFilterChain.doFilter(ApplicationFilterChain.java:166)
	at org.apache.tomcat.websocket.server.WsFilter.doFilter(WsFilter.java:53)
	at org.apache.catalina.core.ApplicationFilterChain.internalDoFilter(ApplicationFilterChain.java:193)
	at org.apache.catalina.core.ApplicationFilterChain.doFilter(ApplicationFilterChain.java:166)
	at com.github.xiaoymin.knife4j.spring.filter.ProductionSecurityFilter.doFilter(ProductionSecurityFilter.java:53)
	at org.apache.catalina.core.ApplicationFilterChain.internalDoFilter(ApplicationFilterChain.java:193)
	at org.apache.catalina.core.ApplicationFilterChain.doFilter(ApplicationFilterChain.java:166)
	at com.github.xiaoymin.knife4j.spring.filter.SecurityBasicAuthFilter.doFilter(SecurityBasicAuthFilter.java:87)
	at org.apache.catalina.core.ApplicationFilterChain.internalDoFilter(ApplicationFilterChain.java:193)
	at org.apache.catalina.core.ApplicationFilterChain.doFilter(ApplicationFilterChain.java:166)
	at org.springframework.boot.actuate.web.trace.servlet.HttpTraceFilter.doFilterInternal(HttpTraceFilter.java:90)
	at org.springframework.web.filter.OncePerRequestFilter.doFilter(OncePerRequestFilter.java:107)
	at org.apache.catalina.core.ApplicationFilterChain.internalDoFilter(ApplicationFilterChain.java:193)
	at org.apache.catalina.core.ApplicationFilterChain.doFilter(ApplicationFilterChain.java:166)
	at org.springframework.web.filter.RequestContextFilter.doFilterInternal(RequestContextFilter.java:99)
	at org.springframework.web.filter.OncePerRequestFilter.doFilter(OncePerRequestFilter.java:107)
	at org.apache.catalina.core.ApplicationFilterChain.internalDoFilter(ApplicationFilterChain.java:193)
	at org.apache.catalina.core.ApplicationFilterChain.doFilter(ApplicationFilterChain.java:166)
	at org.springframework.web.filter.FormContentFilter.doFilterInternal(FormContentFilter.java:92)
	at org.springframework.web.filter.OncePerRequestFilter.doFilter(OncePerRequestFilter.java:107)
	at org.apache.catalina.core.ApplicationFilterChain.internalDoFilter(ApplicationFilterChain.java:193)
	at org.apache.catalina.core.ApplicationFilterChain.doFilter(ApplicationFilterChain.java:166)
	at org.springframework.web.filter.HiddenHttpMethodFilter.doFilterInternal(HiddenHttpMethodFilter.java:93)
	at org.springframework.web.filter.OncePerRequestFilter.doFilter(OncePerRequestFilter.java:107)
	at org.apache.catalina.core.ApplicationFilterChain.internalDoFilter(ApplicationFilterChain.java:193)
	at org.apache.catalina.core.ApplicationFilterChain.doFilter(ApplicationFilterChain.java:166)
	at org.springframework.boot.actuate.metrics.web.servlet.WebMvcMetricsFilter.filterAndRecordMetrics(WebMvcMetricsFilter.java:117)
	at org.springframework.boot.actuate.metrics.web.servlet.WebMvcMetricsFilter.doFilterInternal(WebMvcMetricsFilter.java:106)
	at org.springframework.web.filter.OncePerRequestFilter.doFilter(OncePerRequestFilter.java:107)
	at org.apache.catalina.core.ApplicationFilterChain.internalDoFilter(ApplicationFilterChain.java:193)
	at org.apache.catalina.core.ApplicationFilterChain.doFilter(ApplicationFilterChain.java:166)
	at org.springframework.web.filter.CharacterEncodingFilter.doFilterInternal(CharacterEncodingFilter.java:200)
	at org.springframework.web.filter.OncePerRequestFilter.doFilter(OncePerRequestFilter.java:107)
	at org.apache.catalina.core.ApplicationFilterChain.internalDoFilter(ApplicationFilterChain.java:193)
	at org.apache.catalina.core.ApplicationFilterChain.doFilter(ApplicationFilterChain.java:166)
	at org.apache.catalina.core.StandardWrapperValve.invoke(StandardWrapperValve.java:200)
	at org.apache.catalina.core.StandardContextValve.invoke(StandardContextValve.java:96)
	at org.apache.catalina.authenticator.AuthenticatorBase.invoke(AuthenticatorBase.java:490)
	at org.apache.catalina.core.StandardHostValve.invoke(StandardHostValve.java:139)
	at org.apache.catalina.valves.ErrorReportValve.invoke(ErrorReportValve.java:92)
	at org.apache.catalina.core.StandardEngineValve.invoke(StandardEngineValve.java:74)
	at org.apache.catalina.connector.CoyoteAdapter.service(CoyoteAdapter.java:343)
	at org.apache.coyote.http11.Http11Processor.service(Http11Processor.java:408)
	at org.apache.coyote.AbstractProcessorLight.process(AbstractProcessorLight.java:66)
	at org.apache.coyote.AbstractProtocol$ConnectionHandler.process(AbstractProtocol.java:834)
	at org.apache.tomcat.util.net.NioEndpoint$SocketProcessor.doRun(NioEndpoint.java:1415)
	at org.apache.tomcat.util.net.SocketProcessorBase.run(SocketProcessorBase.java:49)
	at java.util.concurrent.ThreadPoolExecutor.runWorker(ThreadPoolExecutor.java:1149)
	at java.util.concurrent.ThreadPoolExecutor$Worker.run(ThreadPoolExecutor.java:624)
	at org.apache.tomcat.util.threads.TaskThread$WrappingRunnable.run(TaskThread.java:61)
	at java.lang.Thread.run(Thread.java:748)
2022-03-22 16:01:48 ERROR main org.springframework.data.elasticsearch.repository.support.AbstractElasticsearchRepository failed to load elasticsearch nodes : MapperParsingException[Failed to parse mapping [poem_doc]: analyzer [ik_max_word] has not been configured in mappings]; nested: IllegalArgumentException[analyzer [ik_max_word] has not been configured in mappings];; java.lang.IllegalArgumentException: analyzer [ik_max_word] has not been configured in mappings
2022-03-22 16:01:48 ERROR main org.springframework.data.elasticsearch.repository.support.AbstractElasticsearchRepository failed to load elasticsearch nodes : MapperParsingException[Failed to parse mapping [poem_completion_doc]: analyzer [ik_max_word] has not been configured in mappings]; nested: IllegalArgumentException[analyzer [ik_max_word] has not been configured in mappings];; java.lang.IllegalArgumentException: analyzer [ik_max_word] has not been configured in mappings
2022-03-22 16:01:50 ERROR main org.apache.catalina.util.LifecycleBase Failed to start component [Connector[HTTP/1.1-5000]]
org.apache.catalina.LifecycleException: Protocol handler start failed
	at org.apache.catalina.connector.Connector.startInternal(Connector.java:1008)
	at org.apache.catalina.util.LifecycleBase.start(LifecycleBase.java:183)
	at org.apache.catalina.core.StandardService.addConnector(StandardService.java:226)
	at org.springframework.boot.web.embedded.tomcat.TomcatWebServer.addPreviouslyRemovedConnectors(TomcatWebServer.java:259)
	at org.springframework.boot.web.embedded.tomcat.TomcatWebServer.start(TomcatWebServer.java:197)
	at org.springframework.boot.web.servlet.context.ServletWebServerApplicationContext.startWebServer(ServletWebServerApplicationContext.java:311)
	at org.springframework.boot.web.servlet.context.ServletWebServerApplicationContext.finishRefresh(ServletWebServerApplicationContext.java:164)
	at org.springframework.context.support.AbstractApplicationContext.refresh(AbstractApplicationContext.java:552)
	at org.springframework.boot.web.servlet.context.ServletWebServerApplicationContext.refresh(ServletWebServerApplicationContext.java:142)
	at org.springframework.boot.SpringApplication.refresh(SpringApplication.java:775)
	at org.springframework.boot.SpringApplication.refreshContext(SpringApplication.java:397)
	at org.springframework.boot.SpringApplication.run(SpringApplication.java:316)
	at org.springframework.boot.SpringApplication.run(SpringApplication.java:1260)
	at org.springframework.boot.SpringApplication.run(SpringApplication.java:1248)
	at com.mqz.elk.web.ElkWebApplication.main(ElkWebApplication.java:25)
Caused by: java.net.BindException: Address already in use
	at sun.nio.ch.Net.bind0(Native Method)
	at sun.nio.ch.Net.bind(Net.java:438)
	at sun.nio.ch.Net.bind(Net.java:430)
	at sun.nio.ch.ServerSocketChannelImpl.bind(ServerSocketChannelImpl.java:225)
	at sun.nio.ch.ServerSocketAdaptor.bind(ServerSocketAdaptor.java:74)
	at org.apache.tomcat.util.net.NioEndpoint.initServerSocket(NioEndpoint.java:236)
	at org.apache.tomcat.util.net.NioEndpoint.bind(NioEndpoint.java:210)
	at org.apache.tomcat.util.net.AbstractEndpoint.bindWithCleanup(AbstractEndpoint.java:1103)
	at org.apache.tomcat.util.net.AbstractEndpoint.start(AbstractEndpoint.java:1189)
	at org.apache.coyote.AbstractProtocol.start(AbstractProtocol.java:568)
	at org.apache.catalina.connector.Connector.startInternal(Connector.java:1005)
	... 14 common frames omitted
2022-03-22 16:01:50 ERROR main org.springframework.boot.diagnostics.LoggingFailureAnalysisReporter 

***************************
APPLICATION FAILED TO START
***************************

Description:

The Tomcat connector configured to listen on port 5000 failed to start. The port may already be in use or the connector may be misconfigured.

Action:

Verify the connector's configuration, identify and stop any process that's listening on port 5000, or configure this application to listen on another port.

2022-03-22 16:02:22 ERROR main org.springframework.data.elasticsearch.repository.support.AbstractElasticsearchRepository failed to load elasticsearch nodes : MapperParsingException[Failed to parse mapping [poem_doc]: analyzer [ik_max_word] has not been configured in mappings]; nested: IllegalArgumentException[analyzer [ik_max_word] has not been configured in mappings];; java.lang.IllegalArgumentException: analyzer [ik_max_word] has not been configured in mappings
2022-03-22 16:02:22 ERROR main org.springframework.data.elasticsearch.repository.support.AbstractElasticsearchRepository failed to load elasticsearch nodes : MapperParsingException[Failed to parse mapping [poem_completion_doc]: analyzer [ik_max_word] has not been configured in mappings]; nested: IllegalArgumentException[analyzer [ik_max_word] has not been configured in mappings];; java.lang.IllegalArgumentException: analyzer [ik_max_word] has not been configured in mappings
2022-03-22 16:35:18 ERROR main org.springframework.data.elasticsearch.repository.support.AbstractElasticsearchRepository failed to load elasticsearch nodes : MapperParsingException[Failed to parse mapping [poem_doc]: analyzer [ik_max_word] has not been configured in mappings]; nested: IllegalArgumentException[analyzer [ik_max_word] has not been configured in mappings];; java.lang.IllegalArgumentException: analyzer [ik_max_word] has not been configured in mappings
2022-03-22 16:35:18 ERROR main org.springframework.data.elasticsearch.repository.support.AbstractElasticsearchRepository failed to load elasticsearch nodes : MapperParsingException[Failed to parse mapping [poem_completion_doc]: analyzer [ik_max_word] has not been configured in mappings]; nested: IllegalArgumentException[analyzer [ik_max_word] has not been configured in mappings];; java.lang.IllegalArgumentException: analyzer [ik_max_word] has not been configured in mappings
2022-03-22 16:35:20 ERROR main org.apache.catalina.util.LifecycleBase Failed to start component [Connector[HTTP/1.1-5000]]
org.apache.catalina.LifecycleException: Protocol handler start failed
	at org.apache.catalina.connector.Connector.startInternal(Connector.java:1008)
	at org.apache.catalina.util.LifecycleBase.start(LifecycleBase.java:183)
	at org.apache.catalina.core.StandardService.addConnector(StandardService.java:226)
	at org.springframework.boot.web.embedded.tomcat.TomcatWebServer.addPreviouslyRemovedConnectors(TomcatWebServer.java:259)
	at org.springframework.boot.web.embedded.tomcat.TomcatWebServer.start(TomcatWebServer.java:197)
	at org.springframework.boot.web.servlet.context.ServletWebServerApplicationContext.startWebServer(ServletWebServerApplicationContext.java:311)
	at org.springframework.boot.web.servlet.context.ServletWebServerApplicationContext.finishRefresh(ServletWebServerApplicationContext.java:164)
	at org.springframework.context.support.AbstractApplicationContext.refresh(AbstractApplicationContext.java:552)
	at org.springframework.boot.web.servlet.context.ServletWebServerApplicationContext.refresh(ServletWebServerApplicationContext.java:142)
	at org.springframework.boot.SpringApplication.refresh(SpringApplication.java:775)
	at org.springframework.boot.SpringApplication.refreshContext(SpringApplication.java:397)
	at org.springframework.boot.SpringApplication.run(SpringApplication.java:316)
	at org.springframework.boot.SpringApplication.run(SpringApplication.java:1260)
	at org.springframework.boot.SpringApplication.run(SpringApplication.java:1248)
	at com.mqz.elk.web.ElkWebApplication.main(ElkWebApplication.java:25)
Caused by: java.net.BindException: Address already in use
	at sun.nio.ch.Net.bind0(Native Method)
	at sun.nio.ch.Net.bind(Net.java:438)
	at sun.nio.ch.Net.bind(Net.java:430)
	at sun.nio.ch.ServerSocketChannelImpl.bind(ServerSocketChannelImpl.java:225)
	at sun.nio.ch.ServerSocketAdaptor.bind(ServerSocketAdaptor.java:74)
	at org.apache.tomcat.util.net.NioEndpoint.initServerSocket(NioEndpoint.java:236)
	at org.apache.tomcat.util.net.NioEndpoint.bind(NioEndpoint.java:210)
	at org.apache.tomcat.util.net.AbstractEndpoint.bindWithCleanup(AbstractEndpoint.java:1103)
	at org.apache.tomcat.util.net.AbstractEndpoint.start(AbstractEndpoint.java:1189)
	at org.apache.coyote.AbstractProtocol.start(AbstractProtocol.java:568)
	at org.apache.catalina.connector.Connector.startInternal(Connector.java:1005)
	... 14 common frames omitted
2022-03-22 16:35:20 ERROR main org.springframework.boot.diagnostics.LoggingFailureAnalysisReporter 

***************************
APPLICATION FAILED TO START
***************************

Description:

The Tomcat connector configured to listen on port 5000 failed to start. The port may already be in use or the connector may be misconfigured.

Action:

Verify the connector's configuration, identify and stop any process that's listening on port 5000, or configure this application to listen on another port.

2022-03-22 16:35:39 ERROR main org.springframework.data.elasticsearch.repository.support.AbstractElasticsearchRepository failed to load elasticsearch nodes : MapperParsingException[Failed to parse mapping [poem_doc]: analyzer [ik_max_word] has not been configured in mappings]; nested: IllegalArgumentException[analyzer [ik_max_word] has not been configured in mappings];; java.lang.IllegalArgumentException: analyzer [ik_max_word] has not been configured in mappings
2022-03-22 16:35:39 ERROR main org.springframework.data.elasticsearch.repository.support.AbstractElasticsearchRepository failed to load elasticsearch nodes : MapperParsingException[Failed to parse mapping [poem_completion_doc]: analyzer [ik_max_word] has not been configured in mappings]; nested: IllegalArgumentException[analyzer [ik_max_word] has not been configured in mappings];; java.lang.IllegalArgumentException: analyzer [ik_max_word] has not been configured in mappings
