2021-07-26 11:22:04 ERROR main org.springframework.data.elasticsearch.repository.support.AbstractElasticsearchRepository failed to load elasticsearch nodes : MapperParsingException[Failed to parse mapping [poem_doc]: analyzer [ik_max_word] has not been configured in mappings]; nested: IllegalArgumentException[analyzer [ik_max_word] has not been configured in mappings];; java.lang.IllegalArgumentException: analyzer [ik_max_word] has not been configured in mappings
2021-07-26 11:22:04 ERROR main org.springframework.data.elasticsearch.repository.support.AbstractElasticsearchRepository failed to load elasticsearch nodes : MapperParsingException[Failed to parse mapping [poem_completion_doc]: analyzer [ik_max_word] has not been configured in mappings]; nested: IllegalArgumentException[analyzer [ik_max_word] has not been configured in mappings];; java.lang.IllegalArgumentException: analyzer [ik_max_word] has not been configured in mappings
2021-07-26 11:22:06 ERROR main org.springframework.boot.diagnostics.LoggingFailureAnalysisReporter 

***************************
APPLICATION FAILED TO START
***************************

Description:

Parameter 0 of constructor in com.github.xiaoymin.knife4j.spring.plugin.DynamicResponseModelReader required a bean of type 'springfox.documentation.schema.TypeNameExtractor' that could not be found.


Action:

Consider defining a bean of type 'springfox.documentation.schema.TypeNameExtractor' in your configuration.

2021-07-26 11:24:36 ERROR main org.springframework.data.elasticsearch.repository.support.AbstractElasticsearchRepository failed to load elasticsearch nodes : MapperParsingException[Failed to parse mapping [poem_doc]: analyzer [ik_max_word] has not been configured in mappings]; nested: IllegalArgumentException[analyzer [ik_max_word] has not been configured in mappings];; java.lang.IllegalArgumentException: analyzer [ik_max_word] has not been configured in mappings
2021-07-26 11:24:37 ERROR main org.springframework.data.elasticsearch.repository.support.AbstractElasticsearchRepository failed to load elasticsearch nodes : MapperParsingException[Failed to parse mapping [poem_completion_doc]: analyzer [ik_max_word] has not been configured in mappings]; nested: IllegalArgumentException[analyzer [ik_max_word] has not been configured in mappings];; java.lang.IllegalArgumentException: analyzer [ik_max_word] has not been configured in mappings
2021-07-26 11:24:38 ERROR main org.springframework.boot.diagnostics.LoggingFailureAnalysisReporter 

***************************
APPLICATION FAILED TO START
***************************

Description:

Parameter 0 of constructor in com.github.xiaoymin.knife4j.spring.plugin.DynamicResponseModelReader required a bean of type 'springfox.documentation.schema.TypeNameExtractor' that could not be found.


Action:

Consider defining a bean of type 'springfox.documentation.schema.TypeNameExtractor' in your configuration.

2021-07-26 11:25:54 ERROR main org.springframework.data.elasticsearch.repository.support.AbstractElasticsearchRepository failed to load elasticsearch nodes : MapperParsingException[Failed to parse mapping [poem_doc]: analyzer [ik_max_word] has not been configured in mappings]; nested: IllegalArgumentException[analyzer [ik_max_word] has not been configured in mappings];; java.lang.IllegalArgumentException: analyzer [ik_max_word] has not been configured in mappings
2021-07-26 11:25:54 ERROR main org.springframework.data.elasticsearch.repository.support.AbstractElasticsearchRepository failed to load elasticsearch nodes : MapperParsingException[Failed to parse mapping [poem_completion_doc]: analyzer [ik_max_word] has not been configured in mappings]; nested: IllegalArgumentException[analyzer [ik_max_word] has not been configured in mappings];; java.lang.IllegalArgumentException: analyzer [ik_max_word] has not been configured in mappings
2021-07-26 13:34:07 ERROR main org.springframework.data.elasticsearch.repository.support.AbstractElasticsearchRepository failed to load elasticsearch nodes : MapperParsingException[Failed to parse mapping [poem_doc]: analyzer [ik_max_word] has not been configured in mappings]; nested: IllegalArgumentException[analyzer [ik_max_word] has not been configured in mappings];; java.lang.IllegalArgumentException: analyzer [ik_max_word] has not been configured in mappings
2021-07-26 13:34:07 ERROR main org.springframework.data.elasticsearch.repository.support.AbstractElasticsearchRepository failed to load elasticsearch nodes : MapperParsingException[Failed to parse mapping [poem_completion_doc]: analyzer [ik_max_word] has not been configured in mappings]; nested: IllegalArgumentException[analyzer [ik_max_word] has not been configured in mappings];; java.lang.IllegalArgumentException: analyzer [ik_max_word] has not been configured in mappings
2021-07-26 15:54:03 ERROR main org.springframework.data.elasticsearch.repository.support.AbstractElasticsearchRepository failed to load elasticsearch nodes : MapperParsingException[Failed to parse mapping [poem_doc]: analyzer [ik_max_word] has not been configured in mappings]; nested: IllegalArgumentException[analyzer [ik_max_word] has not been configured in mappings];; java.lang.IllegalArgumentException: analyzer [ik_max_word] has not been configured in mappings
2021-07-26 15:54:03 ERROR main org.springframework.data.elasticsearch.repository.support.AbstractElasticsearchRepository failed to load elasticsearch nodes : MapperParsingException[Failed to parse mapping [poem_completion_doc]: analyzer [ik_max_word] has not been configured in mappings]; nested: IllegalArgumentException[analyzer [ik_max_word] has not been configured in mappings];; java.lang.IllegalArgumentException: analyzer [ik_max_word] has not been configured in mappings
2021-07-26 16:52:43 ERROR main org.springframework.data.elasticsearch.repository.support.AbstractElasticsearchRepository failed to load elasticsearch nodes : MapperParsingException[Failed to parse mapping [poem_doc]: analyzer [ik_max_word] has not been configured in mappings]; nested: IllegalArgumentException[analyzer [ik_max_word] has not been configured in mappings];; java.lang.IllegalArgumentException: analyzer [ik_max_word] has not been configured in mappings
2021-07-26 16:52:44 ERROR main org.springframework.data.elasticsearch.repository.support.AbstractElasticsearchRepository failed to load elasticsearch nodes : MapperParsingException[Failed to parse mapping [poem_completion_doc]: analyzer [ik_max_word] has not been configured in mappings]; nested: IllegalArgumentException[analyzer [ik_max_word] has not been configured in mappings];; java.lang.IllegalArgumentException: analyzer [ik_max_word] has not been configured in mappings
