2021-08-18 11:16:58 INFO  main com.mqz.elk.web.ElkWebApplication Starting ElkWebApplication on xiaoguotudoudeiMac.local with PID 17805 (/Applications/mqz/project-head/better-elk/elk-web/target/classes started by xiaoguotudou in /Applications/mqz/project-head/better-elk)
2021-08-18 11:16:58 INFO  main com.mqz.elk.web.ElkWebApplication The following profiles are active: dev
2021-08-18 11:17:00 INFO  main org.springframework.data.repository.config.RepositoryConfigurationDelegate Bootstrapping Spring Data repositories in DEFAULT mode.
2021-08-18 11:17:00 INFO  main org.springframework.data.repository.config.RepositoryConfigurationDelegate Finished Spring Data repository scanning in 167ms. Found 2 repository interfaces.
2021-08-18 11:17:01 INFO  main org.springframework.boot.web.embedded.tomcat.TomcatWebServer Tomcat initialized with port(s): 5000 (http)
2021-08-18 11:17:03 INFO  main org.apache.catalina.core.StandardService Starting service [Tomcat]
2021-08-18 11:17:03 INFO  main org.apache.catalina.core.StandardEngine Starting Servlet engine: [Apache Tomcat/9.0.17]
2021-08-18 11:17:03 INFO  main org.apache.catalina.core.ContainerBase.[Tomcat].[localhost].[/] Initializing Spring embedded WebApplicationContext
2021-08-18 11:17:03 INFO  main org.springframework.web.context.ContextLoader Root WebApplicationContext: initialization completed in 5112 ms
2021-08-18 11:17:06 INFO  main org.springframework.boot.actuate.endpoint.web.ServletEndpointRegistrar Registered '/mqz/jolokia' to jolokia-actuator-endpoint
2021-08-18 11:17:07 INFO  main org.elasticsearch.plugins.PluginsService no modules loaded
2021-08-18 11:17:07 INFO  main org.elasticsearch.plugins.PluginsService loaded plugin [org.elasticsearch.index.reindex.ReindexPlugin]
2021-08-18 11:17:07 INFO  main org.elasticsearch.plugins.PluginsService loaded plugin [org.elasticsearch.join.ParentJoinPlugin]
2021-08-18 11:17:07 INFO  main org.elasticsearch.plugins.PluginsService loaded plugin [org.elasticsearch.percolator.PercolatorPlugin]
2021-08-18 11:17:07 INFO  main org.elasticsearch.plugins.PluginsService loaded plugin [org.elasticsearch.script.mustache.MustachePlugin]
2021-08-18 11:17:07 INFO  main org.elasticsearch.plugins.PluginsService loaded plugin [org.elasticsearch.transport.Netty4Plugin]
2021-08-18 11:17:13 INFO  main org.springframework.data.elasticsearch.client.TransportClientFactoryBean Adding transport node : 192.168.2.11:9300
2021-08-18 11:17:23 INFO  main org.springframework.boot.actuate.endpoint.web.EndpointLinksResolver Exposing 17 endpoint(s) beneath base path '/mqz'
2021-08-18 11:17:23 INFO  main springfox.documentation.spring.web.PropertySourcedRequestMappingHandlerMapping Mapped URL path [/v2/api-docs] onto method [public org.springframework.http.ResponseEntity<springfox.documentation.spring.web.json.Json> springfox.documentation.swagger2.web.Swagger2Controller.getDocumentation(java.lang.String,javax.servlet.http.HttpServletRequest)]
2021-08-18 11:17:23 INFO  main org.springframework.scheduling.concurrent.ThreadPoolTaskExecutor Initializing ExecutorService 'applicationTaskExecutor'
2021-08-18 11:17:24 INFO  main org.springframework.scheduling.concurrent.ThreadPoolTaskScheduler Initializing ExecutorService
2021-08-18 11:17:24 INFO  main springfox.documentation.spring.web.plugins.DocumentationPluginsBootstrapper Context refreshed
2021-08-18 11:17:24 INFO  main springfox.documentation.spring.web.plugins.DocumentationPluginsBootstrapper Found 2 custom documentation plugin(s)
2021-08-18 11:17:25 INFO  main springfox.documentation.spring.web.scanners.ApiListingReferenceScanner Scanning for api listing references
2021-08-18 11:17:25 INFO  main springfox.documentation.spring.web.readers.operation.CachingOperationNameGenerator Generating unique operation named: countUsingGET_1
2021-08-18 11:17:25 INFO  main springfox.documentation.spring.web.scanners.ApiListingReferenceScanner Scanning for api listing references
2021-08-18 11:17:25 INFO  main org.springframework.boot.web.embedded.tomcat.TomcatWebServer Tomcat started on port(s): 5000 (http) with context path ''
2021-08-18 11:17:25 INFO  main com.mqz.elk.web.ElkWebApplication Started ElkWebApplication in 47.608 seconds (JVM running for 53.321)
2021-08-18 11:17:25 INFO  RMI TCP Connection(7)-192.168.5.32 org.apache.catalina.core.ContainerBase.[Tomcat].[localhost].[/] Initializing Spring DispatcherServlet 'dispatcherServlet'
2021-08-18 11:17:25 INFO  RMI TCP Connection(7)-192.168.5.32 org.springframework.web.servlet.DispatcherServlet Initializing Servlet 'dispatcherServlet'
2021-08-18 11:17:25 INFO  RMI TCP Connection(7)-192.168.5.32 org.springframework.web.servlet.DispatcherServlet Completed initialization in 12 ms
2021-08-18 11:18:44 INFO  Thread-94 org.springframework.scheduling.concurrent.ThreadPoolTaskScheduler Shutting down ExecutorService
2021-08-18 11:18:44 INFO  Thread-94 org.springframework.scheduling.concurrent.ThreadPoolTaskExecutor Shutting down ExecutorService 'applicationTaskExecutor'
2021-08-18 11:20:00 INFO  main com.mqz.elk.web.ElkWebApplication Starting ElkWebApplication on xiaoguotudoudeiMac.local with PID 17873 (/Applications/mqz/project-head/better-elk/elk-web/target/classes started by xiaoguotudou in /Applications/mqz/project-head/better-elk)
2021-08-18 11:20:00 INFO  main com.mqz.elk.web.ElkWebApplication The following profiles are active: dev
2021-08-18 11:20:01 INFO  main org.springframework.data.repository.config.RepositoryConfigurationDelegate Bootstrapping Spring Data repositories in DEFAULT mode.
2021-08-18 11:20:02 INFO  main org.springframework.data.repository.config.RepositoryConfigurationDelegate Finished Spring Data repository scanning in 77ms. Found 2 repository interfaces.
2021-08-18 11:20:03 INFO  main org.springframework.boot.web.embedded.tomcat.TomcatWebServer Tomcat initialized with port(s): 5000 (http)
2021-08-18 11:20:03 INFO  main org.apache.catalina.core.StandardService Starting service [Tomcat]
2021-08-18 11:20:03 INFO  main org.apache.catalina.core.StandardEngine Starting Servlet engine: [Apache Tomcat/9.0.17]
2021-08-18 11:20:03 INFO  main org.apache.catalina.core.ContainerBase.[Tomcat].[localhost].[/] Initializing Spring embedded WebApplicationContext
2021-08-18 11:20:03 INFO  main org.springframework.web.context.ContextLoader Root WebApplicationContext: initialization completed in 2508 ms
2021-08-18 11:20:03 INFO  main org.springframework.boot.actuate.endpoint.web.ServletEndpointRegistrar Registered '/mqz/jolokia' to jolokia-actuator-endpoint
2021-08-18 11:20:04 INFO  main org.elasticsearch.plugins.PluginsService no modules loaded
2021-08-18 11:20:04 INFO  main org.elasticsearch.plugins.PluginsService loaded plugin [org.elasticsearch.index.reindex.ReindexPlugin]
2021-08-18 11:20:04 INFO  main org.elasticsearch.plugins.PluginsService loaded plugin [org.elasticsearch.join.ParentJoinPlugin]
2021-08-18 11:20:04 INFO  main org.elasticsearch.plugins.PluginsService loaded plugin [org.elasticsearch.percolator.PercolatorPlugin]
2021-08-18 11:20:04 INFO  main org.elasticsearch.plugins.PluginsService loaded plugin [org.elasticsearch.script.mustache.MustachePlugin]
2021-08-18 11:20:04 INFO  main org.elasticsearch.plugins.PluginsService loaded plugin [org.elasticsearch.transport.Netty4Plugin]
2021-08-18 11:20:11 INFO  main org.springframework.data.elasticsearch.client.TransportClientFactoryBean Adding transport node : 192.168.2.11:9300
2021-08-18 11:20:18 INFO  main org.springframework.boot.actuate.endpoint.web.EndpointLinksResolver Exposing 17 endpoint(s) beneath base path '/mqz'
2021-08-18 11:20:18 INFO  main springfox.documentation.spring.web.PropertySourcedRequestMappingHandlerMapping Mapped URL path [/v2/api-docs] onto method [public org.springframework.http.ResponseEntity<springfox.documentation.spring.web.json.Json> springfox.documentation.swagger2.web.Swagger2Controller.getDocumentation(java.lang.String,javax.servlet.http.HttpServletRequest)]
2021-08-18 11:20:19 INFO  main org.springframework.scheduling.concurrent.ThreadPoolTaskExecutor Initializing ExecutorService 'applicationTaskExecutor'
2021-08-18 11:20:20 INFO  main org.springframework.scheduling.concurrent.ThreadPoolTaskScheduler Initializing ExecutorService
2021-08-18 11:20:20 INFO  main springfox.documentation.spring.web.plugins.DocumentationPluginsBootstrapper Context refreshed
2021-08-18 11:20:20 INFO  main springfox.documentation.spring.web.plugins.DocumentationPluginsBootstrapper Found 3 custom documentation plugin(s)
2021-08-18 11:20:20 INFO  main springfox.documentation.spring.web.scanners.ApiListingReferenceScanner Scanning for api listing references
2021-08-18 11:20:20 INFO  main springfox.documentation.spring.web.scanners.ApiListingReferenceScanner Scanning for api listing references
2021-08-18 11:20:20 INFO  main springfox.documentation.spring.web.readers.operation.CachingOperationNameGenerator Generating unique operation named: countUsingGET_1
2021-08-18 11:20:20 INFO  main springfox.documentation.spring.web.scanners.ApiListingReferenceScanner Scanning for api listing references
2021-08-18 11:20:21 INFO  main org.springframework.boot.web.embedded.tomcat.TomcatWebServer Tomcat started on port(s): 5000 (http) with context path ''
2021-08-18 11:20:21 INFO  main com.mqz.elk.web.ElkWebApplication Started ElkWebApplication in 40.944 seconds (JVM running for 46.921)
2021-08-18 11:20:21 INFO  RMI TCP Connection(5)-192.168.5.32 org.apache.catalina.core.ContainerBase.[Tomcat].[localhost].[/] Initializing Spring DispatcherServlet 'dispatcherServlet'
2021-08-18 11:20:21 INFO  RMI TCP Connection(5)-192.168.5.32 org.springframework.web.servlet.DispatcherServlet Initializing Servlet 'dispatcherServlet'
2021-08-18 11:20:21 INFO  RMI TCP Connection(5)-192.168.5.32 org.springframework.web.servlet.DispatcherServlet Completed initialization in 69 ms
2021-08-18 18:00:34 INFO  Thread-86 org.springframework.scheduling.concurrent.ThreadPoolTaskScheduler Shutting down ExecutorService
2021-08-18 18:00:34 INFO  Thread-86 org.springframework.scheduling.concurrent.ThreadPoolTaskExecutor Shutting down ExecutorService 'applicationTaskExecutor'
