2021-09-08 14:08:53 INFO  main com.mqz.elk.web.ElkWebApplication Starting ElkWebApplication on xiaoguotudoudeiMac.local with PID 17064 (/Applications/mqz/better-elk/elk-web/target/classes started by xiaoguotudou in /Applications/mqz/better-elk)
2021-09-08 14:08:53 INFO  main com.mqz.elk.web.ElkWebApplication The following profiles are active: dev
2021-09-08 14:09:01 INFO  main org.springframework.data.repository.config.RepositoryConfigurationDelegate Bootstrapping Spring Data repositories in DEFAULT mode.
2021-09-08 14:09:01 INFO  main org.springframework.data.repository.config.RepositoryConfigurationDelegate Finished Spring Data repository scanning in 425ms. Found 2 repository interfaces.
2021-09-08 14:09:05 INFO  main org.springframework.boot.web.embedded.tomcat.TomcatWebServer Tomcat initialized with port(s): 5000 (http)
2021-09-08 14:09:06 INFO  main org.apache.catalina.core.StandardService Starting service [Tomcat]
2021-09-08 14:09:06 INFO  main org.apache.catalina.core.StandardEngine Starting Servlet engine: [Apache Tomcat/9.0.17]
2021-09-08 14:09:07 INFO  main org.apache.catalina.core.ContainerBase.[Tomcat].[localhost].[/] Initializing Spring embedded WebApplicationContext
2021-09-08 14:09:07 INFO  main org.springframework.web.context.ContextLoader Root WebApplicationContext: initialization completed in 13499 ms
2021-09-08 14:09:08 INFO  main org.springframework.boot.actuate.endpoint.web.ServletEndpointRegistrar Registered '/mqz/jolokia' to jolokia-actuator-endpoint
2021-09-08 14:09:12 INFO  main org.elasticsearch.plugins.PluginsService no modules loaded
2021-09-08 14:09:12 INFO  main org.elasticsearch.plugins.PluginsService loaded plugin [org.elasticsearch.index.reindex.ReindexPlugin]
2021-09-08 14:09:12 INFO  main org.elasticsearch.plugins.PluginsService loaded plugin [org.elasticsearch.join.ParentJoinPlugin]
2021-09-08 14:09:12 INFO  main org.elasticsearch.plugins.PluginsService loaded plugin [org.elasticsearch.percolator.PercolatorPlugin]
2021-09-08 14:09:12 INFO  main org.elasticsearch.plugins.PluginsService loaded plugin [org.elasticsearch.script.mustache.MustachePlugin]
2021-09-08 14:09:12 INFO  main org.elasticsearch.plugins.PluginsService loaded plugin [org.elasticsearch.transport.Netty4Plugin]
2021-09-08 14:09:29 INFO  main org.springframework.data.elasticsearch.client.TransportClientFactoryBean Adding transport node : 192.168.2.11:9300
2021-09-08 14:09:36 INFO  main org.springframework.boot.actuate.endpoint.web.EndpointLinksResolver Exposing 17 endpoint(s) beneath base path '/mqz'
2021-09-08 14:09:36 INFO  main springfox.documentation.spring.web.PropertySourcedRequestMappingHandlerMapping Mapped URL path [/v2/api-docs] onto method [public org.springframework.http.ResponseEntity<springfox.documentation.spring.web.json.Json> springfox.documentation.swagger2.web.Swagger2Controller.getDocumentation(java.lang.String,javax.servlet.http.HttpServletRequest)]
2021-09-08 14:09:36 INFO  main org.springframework.scheduling.concurrent.ThreadPoolTaskExecutor Initializing ExecutorService 'applicationTaskExecutor'
2021-09-08 14:09:37 INFO  main org.springframework.scheduling.concurrent.ThreadPoolTaskScheduler Initializing ExecutorService
2021-09-08 14:09:37 INFO  main springfox.documentation.spring.web.plugins.DocumentationPluginsBootstrapper Context refreshed
2021-09-08 14:09:37 INFO  main springfox.documentation.spring.web.plugins.DocumentationPluginsBootstrapper Found 3 custom documentation plugin(s)
2021-09-08 14:09:37 INFO  main springfox.documentation.spring.web.scanners.ApiListingReferenceScanner Scanning for api listing references
2021-09-08 14:09:38 INFO  main springfox.documentation.spring.web.scanners.ApiListingReferenceScanner Scanning for api listing references
2021-09-08 14:09:38 INFO  main springfox.documentation.spring.web.readers.operation.CachingOperationNameGenerator Generating unique operation named: countUsingGET_1
2021-09-08 14:09:38 INFO  main springfox.documentation.spring.web.scanners.ApiListingReferenceScanner Scanning for api listing references
2021-09-08 14:09:38 INFO  main org.springframework.boot.web.embedded.tomcat.TomcatWebServer Tomcat started on port(s): 5000 (http) with context path ''
2021-09-08 14:09:38 INFO  main com.mqz.elk.web.ElkWebApplication Started ElkWebApplication in 65.453 seconds (JVM running for 72.339)
2021-09-08 14:09:38 INFO  RMI TCP Connection(53)-192.168.1.104 org.apache.catalina.core.ContainerBase.[Tomcat].[localhost].[/] Initializing Spring DispatcherServlet 'dispatcherServlet'
2021-09-08 14:09:38 INFO  RMI TCP Connection(53)-192.168.1.104 org.springframework.web.servlet.DispatcherServlet Initializing Servlet 'dispatcherServlet'
2021-09-08 14:09:38 INFO  RMI TCP Connection(53)-192.168.1.104 org.springframework.web.servlet.DispatcherServlet Completed initialization in 13 ms
