2021-07-23 09:26:19 INFO  http-nio-5000-exec-8 com.mqz.elk.web.controller.user.EsController 【better-elk】查询索引:poem的所有文档！
2021-07-23 09:26:41 INFO  http-nio-5000-exec-9 com.mqz.elk.web.controller.user.EsController 【better-elk】关键字查找索引:poem的文档！
2021-07-23 09:26:47 INFO  http-nio-5000-exec-10 com.mqz.elk.web.controller.user.EsController 【better-elk】关键字查找索引:poem的文档！
2021-07-23 09:26:54 INFO  http-nio-5000-exec-1 com.mqz.elk.web.controller.user.EsController 【better-elk】关键字查找索引:poem的文档！
2021-07-23 09:26:58 INFO  http-nio-5000-exec-2 com.mqz.elk.web.controller.user.EsController 【better-elk】关键字查找索引:poem的文档！
2021-07-23 09:27:02 INFO  http-nio-5000-exec-3 com.mqz.elk.web.controller.user.EsController 【better-elk】关键字查找索引:poem的文档！
2021-07-23 09:27:09 INFO  http-nio-5000-exec-4 com.mqz.elk.web.controller.user.EsController 【better-elk】关键字查找索引:poem的文档！
2021-07-23 09:31:11 INFO  http-nio-5000-exec-8 com.mqz.elk.web.controller.user.EsController 【better-elk】查询索引:poem的所有文档！
2021-07-23 09:32:43 INFO  Thread-17 org.springframework.scheduling.concurrent.ThreadPoolTaskExecutor Shutting down ExecutorService 'applicationTaskExecutor'
2021-07-23 09:33:24 INFO  main com.mqz.elk.web.ElkWebApplication Starting ElkWebApplication on xiaoguotudoudeiMac.local with PID 14389 (/Applications/mqz/better-elk/elk-web/target/classes started by xiaoguotudou in /Applications/mqz/better-elk)
2021-07-23 09:33:24 INFO  main com.mqz.elk.web.ElkWebApplication The following profiles are active: dev
2021-07-23 09:33:25 INFO  main org.springframework.data.repository.config.RepositoryConfigurationDelegate Bootstrapping Spring Data repositories in DEFAULT mode.
2021-07-23 09:33:25 INFO  main org.springframework.data.repository.config.RepositoryConfigurationDelegate Finished Spring Data repository scanning in 65ms. Found 2 repository interfaces.
2021-07-23 09:33:27 INFO  main org.springframework.boot.web.embedded.tomcat.TomcatWebServer Tomcat initialized with port(s): 5000 (http)
2021-07-23 09:33:27 INFO  main org.apache.catalina.core.StandardService Starting service [Tomcat]
2021-07-23 09:33:27 INFO  main org.apache.catalina.core.StandardEngine Starting Servlet engine: [Apache Tomcat/9.0.17]
2021-07-23 09:33:27 INFO  main org.apache.catalina.core.ContainerBase.[Tomcat].[localhost].[/] Initializing Spring embedded WebApplicationContext
2021-07-23 09:33:27 INFO  main org.springframework.web.context.ContextLoader Root WebApplicationContext: initialization completed in 3392 ms
2021-07-23 09:33:28 INFO  main org.elasticsearch.plugins.PluginsService no modules loaded
2021-07-23 09:33:28 INFO  main org.elasticsearch.plugins.PluginsService loaded plugin [org.elasticsearch.index.reindex.ReindexPlugin]
2021-07-23 09:33:28 INFO  main org.elasticsearch.plugins.PluginsService loaded plugin [org.elasticsearch.join.ParentJoinPlugin]
2021-07-23 09:33:28 INFO  main org.elasticsearch.plugins.PluginsService loaded plugin [org.elasticsearch.percolator.PercolatorPlugin]
2021-07-23 09:33:28 INFO  main org.elasticsearch.plugins.PluginsService loaded plugin [org.elasticsearch.script.mustache.MustachePlugin]
2021-07-23 09:33:28 INFO  main org.elasticsearch.plugins.PluginsService loaded plugin [org.elasticsearch.transport.Netty4Plugin]
2021-07-23 09:33:34 INFO  main org.springframework.data.elasticsearch.client.TransportClientFactoryBean Adding transport node : 192.168.2.11:9300
2021-07-23 09:33:42 INFO  main org.apache.catalina.core.StandardService Stopping service [Tomcat]
2021-07-23 09:33:42 INFO  main org.springframework.boot.autoconfigure.logging.ConditionEvaluationReportLoggingListener 

Error starting ApplicationContext. To display the conditions report re-run your application with 'debug' enabled.
2021-07-23 09:35:17 INFO  main com.mqz.elk.web.ElkWebApplication Starting ElkWebApplication on xiaoguotudoudeiMac.local with PID 14405 (/Applications/mqz/better-elk/elk-web/target/classes started by xiaoguotudou in /Applications/mqz/better-elk)
2021-07-23 09:35:17 INFO  main com.mqz.elk.web.ElkWebApplication The following profiles are active: dev
2021-07-23 09:35:18 INFO  main org.springframework.data.repository.config.RepositoryConfigurationDelegate Bootstrapping Spring Data repositories in DEFAULT mode.
2021-07-23 09:35:18 INFO  main org.springframework.data.repository.config.RepositoryConfigurationDelegate Finished Spring Data repository scanning in 56ms. Found 2 repository interfaces.
2021-07-23 09:35:19 INFO  main org.springframework.boot.web.embedded.tomcat.TomcatWebServer Tomcat initialized with port(s): 5000 (http)
2021-07-23 09:35:19 INFO  main org.apache.catalina.core.StandardService Starting service [Tomcat]
2021-07-23 09:35:19 INFO  main org.apache.catalina.core.StandardEngine Starting Servlet engine: [Apache Tomcat/9.0.17]
2021-07-23 09:35:19 INFO  main org.apache.catalina.core.ContainerBase.[Tomcat].[localhost].[/] Initializing Spring embedded WebApplicationContext
2021-07-23 09:35:19 INFO  main org.springframework.web.context.ContextLoader Root WebApplicationContext: initialization completed in 1812 ms
2021-07-23 09:35:19 INFO  main org.elasticsearch.plugins.PluginsService no modules loaded
2021-07-23 09:35:19 INFO  main org.elasticsearch.plugins.PluginsService loaded plugin [org.elasticsearch.index.reindex.ReindexPlugin]
2021-07-23 09:35:19 INFO  main org.elasticsearch.plugins.PluginsService loaded plugin [org.elasticsearch.join.ParentJoinPlugin]
2021-07-23 09:35:19 INFO  main org.elasticsearch.plugins.PluginsService loaded plugin [org.elasticsearch.percolator.PercolatorPlugin]
2021-07-23 09:35:19 INFO  main org.elasticsearch.plugins.PluginsService loaded plugin [org.elasticsearch.script.mustache.MustachePlugin]
2021-07-23 09:35:19 INFO  main org.elasticsearch.plugins.PluginsService loaded plugin [org.elasticsearch.transport.Netty4Plugin]
2021-07-23 09:35:25 INFO  main org.springframework.data.elasticsearch.client.TransportClientFactoryBean Adding transport node : 192.168.2.11:9300
2021-07-23 09:35:32 INFO  main springfox.documentation.spring.web.PropertySourcedRequestMappingHandlerMapping Mapped URL path [/v2/api-docs] onto method [public org.springframework.http.ResponseEntity<springfox.documentation.spring.web.json.Json> springfox.documentation.swagger2.web.Swagger2Controller.getDocumentation(java.lang.String,javax.servlet.http.HttpServletRequest)]
2021-07-23 09:35:32 INFO  main org.springframework.scheduling.concurrent.ThreadPoolTaskExecutor Initializing ExecutorService 'applicationTaskExecutor'
2021-07-23 09:35:33 INFO  main springfox.documentation.spring.web.plugins.DocumentationPluginsBootstrapper Context refreshed
2021-07-23 09:35:33 INFO  main springfox.documentation.spring.web.plugins.DocumentationPluginsBootstrapper Found 2 custom documentation plugin(s)
2021-07-23 09:35:33 INFO  main springfox.documentation.spring.web.scanners.ApiListingReferenceScanner Scanning for api listing references
2021-07-23 09:35:33 INFO  main springfox.documentation.spring.web.readers.operation.CachingOperationNameGenerator Generating unique operation named: countUsingGET_1
2021-07-23 09:35:33 INFO  main springfox.documentation.spring.web.scanners.ApiListingReferenceScanner Scanning for api listing references
2021-07-23 09:35:33 INFO  main org.springframework.boot.web.embedded.tomcat.TomcatWebServer Tomcat started on port(s): 5000 (http) with context path ''
2021-07-23 09:35:33 INFO  main com.mqz.elk.web.ElkWebApplication Started ElkWebApplication in 37.047 seconds (JVM running for 43.463)
2021-07-23 09:36:38 INFO  http-nio-5000-exec-1 org.apache.catalina.core.ContainerBase.[Tomcat].[localhost].[/] Initializing Spring DispatcherServlet 'dispatcherServlet'
2021-07-23 09:36:38 INFO  http-nio-5000-exec-1 org.springframework.web.servlet.DispatcherServlet Initializing Servlet 'dispatcherServlet'
2021-07-23 09:36:38 INFO  http-nio-5000-exec-1 org.springframework.web.servlet.DispatcherServlet Completed initialization in 12 ms
2021-07-23 09:38:28 INFO  http-nio-5000-exec-2 com.mqz.elk.web.controller.user.EsController 【better-elk】已创建初始化数据，索引:poem_completion
2021-07-23 09:40:33 INFO  Thread-79 org.springframework.scheduling.concurrent.ThreadPoolTaskExecutor Shutting down ExecutorService 'applicationTaskExecutor'
2021-07-23 09:41:06 INFO  main com.mqz.elk.web.ElkWebApplication Starting ElkWebApplication on xiaoguotudoudeiMac.local with PID 14416 (/Applications/mqz/better-elk/elk-web/target/classes started by xiaoguotudou in /Applications/mqz/better-elk)
2021-07-23 09:41:06 INFO  main com.mqz.elk.web.ElkWebApplication The following profiles are active: dev
2021-07-23 09:41:07 INFO  main org.springframework.data.repository.config.RepositoryConfigurationDelegate Bootstrapping Spring Data repositories in DEFAULT mode.
2021-07-23 09:41:07 INFO  main org.springframework.data.repository.config.RepositoryConfigurationDelegate Finished Spring Data repository scanning in 51ms. Found 2 repository interfaces.
2021-07-23 09:41:07 INFO  main org.springframework.boot.web.embedded.tomcat.TomcatWebServer Tomcat initialized with port(s): 5000 (http)
2021-07-23 09:41:07 INFO  main org.apache.catalina.core.StandardService Starting service [Tomcat]
2021-07-23 09:41:07 INFO  main org.apache.catalina.core.StandardEngine Starting Servlet engine: [Apache Tomcat/9.0.17]
2021-07-23 09:41:08 INFO  main org.apache.catalina.core.ContainerBase.[Tomcat].[localhost].[/] Initializing Spring embedded WebApplicationContext
2021-07-23 09:41:08 INFO  main org.springframework.web.context.ContextLoader Root WebApplicationContext: initialization completed in 1320 ms
2021-07-23 09:41:08 INFO  main org.elasticsearch.plugins.PluginsService no modules loaded
2021-07-23 09:41:08 INFO  main org.elasticsearch.plugins.PluginsService loaded plugin [org.elasticsearch.index.reindex.ReindexPlugin]
2021-07-23 09:41:08 INFO  main org.elasticsearch.plugins.PluginsService loaded plugin [org.elasticsearch.join.ParentJoinPlugin]
2021-07-23 09:41:08 INFO  main org.elasticsearch.plugins.PluginsService loaded plugin [org.elasticsearch.percolator.PercolatorPlugin]
2021-07-23 09:41:08 INFO  main org.elasticsearch.plugins.PluginsService loaded plugin [org.elasticsearch.script.mustache.MustachePlugin]
2021-07-23 09:41:08 INFO  main org.elasticsearch.plugins.PluginsService loaded plugin [org.elasticsearch.transport.Netty4Plugin]
2021-07-23 09:41:14 INFO  main org.springframework.data.elasticsearch.client.TransportClientFactoryBean Adding transport node : 192.168.2.11:9300
2021-07-23 09:41:20 INFO  main springfox.documentation.spring.web.PropertySourcedRequestMappingHandlerMapping Mapped URL path [/v2/api-docs] onto method [public org.springframework.http.ResponseEntity<springfox.documentation.spring.web.json.Json> springfox.documentation.swagger2.web.Swagger2Controller.getDocumentation(java.lang.String,javax.servlet.http.HttpServletRequest)]
2021-07-23 09:41:20 INFO  main org.springframework.scheduling.concurrent.ThreadPoolTaskExecutor Initializing ExecutorService 'applicationTaskExecutor'
2021-07-23 09:41:21 INFO  main springfox.documentation.spring.web.plugins.DocumentationPluginsBootstrapper Context refreshed
2021-07-23 09:41:21 INFO  main springfox.documentation.spring.web.plugins.DocumentationPluginsBootstrapper Found 2 custom documentation plugin(s)
2021-07-23 09:41:21 INFO  main springfox.documentation.spring.web.scanners.ApiListingReferenceScanner Scanning for api listing references
2021-07-23 09:41:22 INFO  main springfox.documentation.spring.web.readers.operation.CachingOperationNameGenerator Generating unique operation named: countUsingGET_1
2021-07-23 09:41:22 INFO  main springfox.documentation.spring.web.scanners.ApiListingReferenceScanner Scanning for api listing references
2021-07-23 09:41:22 INFO  main org.springframework.boot.web.embedded.tomcat.TomcatWebServer Tomcat started on port(s): 5000 (http) with context path ''
2021-07-23 09:41:22 INFO  main com.mqz.elk.web.ElkWebApplication Started ElkWebApplication in 35.948 seconds (JVM running for 41.528)
2021-07-23 09:42:57 INFO  http-nio-5000-exec-1 org.apache.catalina.core.ContainerBase.[Tomcat].[localhost].[/] Initializing Spring DispatcherServlet 'dispatcherServlet'
2021-07-23 09:42:57 INFO  http-nio-5000-exec-1 org.springframework.web.servlet.DispatcherServlet Initializing Servlet 'dispatcherServlet'
2021-07-23 09:42:57 INFO  http-nio-5000-exec-1 org.springframework.web.servlet.DispatcherServlet Completed initialization in 7 ms
2021-07-23 09:42:57 INFO  http-nio-5000-exec-1 com.mqz.elk.web.controller.user.EsController 【better-elk】已创建初始化数据，索引:poem_completion
2021-07-23 10:09:48 INFO  elasticsearch[_client_][generic][T#2] org.elasticsearch.client.transport.TransportClientNodesService failed to get node info for {#transport#-1}{rw_4ItWsTtCiDnBLOUrPxg}{192.168.2.11}{192.168.2.11:9300}, disconnecting...
org.elasticsearch.transport.ReceiveTimeoutTransportException: [][192.168.2.11:9300][cluster:monitor/nodes/liveness] request_id [676] timed out after [5039ms]
	at org.elasticsearch.transport.TransportService$TimeoutHandler.run(TransportService.java:1016)
	at org.elasticsearch.common.util.concurrent.ThreadContext$ContextPreservingRunnable.run(ThreadContext.java:681)
	at java.util.concurrent.ThreadPoolExecutor.runWorker(ThreadPoolExecutor.java:1149)
	at java.util.concurrent.ThreadPoolExecutor$Worker.run(ThreadPoolExecutor.java:624)
	at java.lang.Thread.run(Thread.java:748)
2021-07-23 10:10:08 INFO  http-nio-5000-exec-7 com.mqz.elk.web.controller.user.EsController 【better-elk】查询索引:poem的所有文档！
2021-07-23 10:10:09 INFO  http-nio-5000-exec-8 com.mqz.elk.web.controller.user.EsController 【better-elk】查询索引:poem的所有文档！
2021-07-23 10:10:13 INFO  http-nio-5000-exec-9 com.mqz.elk.web.controller.user.EsController 【better-elk】关键字查找索引:poem的文档！
2021-07-23 10:10:23 INFO  http-nio-5000-exec-1 com.mqz.elk.web.controller.user.EsController 【better-elk】关键字查找索引:poem的文档！
2021-07-23 10:14:29 INFO  Thread-76 org.springframework.scheduling.concurrent.ThreadPoolTaskExecutor Shutting down ExecutorService 'applicationTaskExecutor'
2021-07-23 10:17:02 INFO  main com.mqz.elk.web.ElkWebApplication Starting ElkWebApplication on xiaoguotudoudeiMac.local with PID 14943 (/Applications/mqz/better-elk/elk-web/target/classes started by xiaoguotudou in /Applications/mqz/better-elk)
2021-07-23 10:17:02 INFO  main com.mqz.elk.web.ElkWebApplication The following profiles are active: dev
2021-07-23 10:17:03 INFO  main org.springframework.data.repository.config.RepositoryConfigurationDelegate Bootstrapping Spring Data repositories in DEFAULT mode.
2021-07-23 10:17:03 INFO  main org.springframework.data.repository.config.RepositoryConfigurationDelegate Finished Spring Data repository scanning in 69ms. Found 2 repository interfaces.
2021-07-23 10:17:04 INFO  main org.springframework.boot.web.embedded.tomcat.TomcatWebServer Tomcat initialized with port(s): 5000 (http)
2021-07-23 10:17:04 INFO  main org.apache.catalina.core.StandardService Starting service [Tomcat]
2021-07-23 10:17:04 INFO  main org.apache.catalina.core.StandardEngine Starting Servlet engine: [Apache Tomcat/9.0.17]
2021-07-23 10:17:04 INFO  main org.apache.catalina.core.ContainerBase.[Tomcat].[localhost].[/] Initializing Spring embedded WebApplicationContext
2021-07-23 10:17:04 INFO  main org.springframework.web.context.ContextLoader Root WebApplicationContext: initialization completed in 1988 ms
2021-07-23 10:17:05 INFO  main org.elasticsearch.plugins.PluginsService no modules loaded
2021-07-23 10:17:05 INFO  main org.elasticsearch.plugins.PluginsService loaded plugin [org.elasticsearch.index.reindex.ReindexPlugin]
2021-07-23 10:17:05 INFO  main org.elasticsearch.plugins.PluginsService loaded plugin [org.elasticsearch.join.ParentJoinPlugin]
2021-07-23 10:17:05 INFO  main org.elasticsearch.plugins.PluginsService loaded plugin [org.elasticsearch.percolator.PercolatorPlugin]
2021-07-23 10:17:05 INFO  main org.elasticsearch.plugins.PluginsService loaded plugin [org.elasticsearch.script.mustache.MustachePlugin]
2021-07-23 10:17:05 INFO  main org.elasticsearch.plugins.PluginsService loaded plugin [org.elasticsearch.transport.Netty4Plugin]
2021-07-23 10:17:10 INFO  main org.springframework.data.elasticsearch.client.TransportClientFactoryBean Adding transport node : 192.168.2.11:9300
2021-07-23 10:17:18 INFO  main org.apache.catalina.core.StandardService Stopping service [Tomcat]
2021-07-23 10:17:18 INFO  main org.springframework.boot.autoconfigure.logging.ConditionEvaluationReportLoggingListener 

Error starting ApplicationContext. To display the conditions report re-run your application with 'debug' enabled.
2021-07-23 10:18:52 INFO  main com.mqz.elk.web.ElkWebApplication Starting ElkWebApplication on xiaoguotudoudeiMac.local with PID 14958 (/Applications/mqz/better-elk/elk-web/target/classes started by xiaoguotudou in /Applications/mqz/better-elk)
2021-07-23 10:18:52 INFO  main com.mqz.elk.web.ElkWebApplication The following profiles are active: dev
2021-07-23 10:18:52 INFO  main org.springframework.data.repository.config.RepositoryConfigurationDelegate Bootstrapping Spring Data repositories in DEFAULT mode.
2021-07-23 10:18:53 INFO  main org.springframework.data.repository.config.RepositoryConfigurationDelegate Finished Spring Data repository scanning in 89ms. Found 2 repository interfaces.
2021-07-23 10:18:54 INFO  main org.springframework.boot.web.embedded.tomcat.TomcatWebServer Tomcat initialized with port(s): 5000 (http)
2021-07-23 10:18:54 INFO  main org.apache.catalina.core.StandardService Starting service [Tomcat]
2021-07-23 10:18:54 INFO  main org.apache.catalina.core.StandardEngine Starting Servlet engine: [Apache Tomcat/9.0.17]
2021-07-23 10:18:54 INFO  main org.apache.catalina.core.ContainerBase.[Tomcat].[localhost].[/] Initializing Spring embedded WebApplicationContext
2021-07-23 10:18:54 INFO  main org.springframework.web.context.ContextLoader Root WebApplicationContext: initialization completed in 2379 ms
2021-07-23 10:18:55 INFO  main org.elasticsearch.plugins.PluginsService no modules loaded
2021-07-23 10:18:55 INFO  main org.elasticsearch.plugins.PluginsService loaded plugin [org.elasticsearch.index.reindex.ReindexPlugin]
2021-07-23 10:18:55 INFO  main org.elasticsearch.plugins.PluginsService loaded plugin [org.elasticsearch.join.ParentJoinPlugin]
2021-07-23 10:18:55 INFO  main org.elasticsearch.plugins.PluginsService loaded plugin [org.elasticsearch.percolator.PercolatorPlugin]
2021-07-23 10:18:55 INFO  main org.elasticsearch.plugins.PluginsService loaded plugin [org.elasticsearch.script.mustache.MustachePlugin]
2021-07-23 10:18:55 INFO  main org.elasticsearch.plugins.PluginsService loaded plugin [org.elasticsearch.transport.Netty4Plugin]
2021-07-23 10:19:01 INFO  main org.springframework.data.elasticsearch.client.TransportClientFactoryBean Adding transport node : 192.168.2.11:9300
2021-07-23 10:19:07 INFO  main org.apache.catalina.core.StandardService Stopping service [Tomcat]
2021-07-23 10:19:07 INFO  main org.springframework.boot.autoconfigure.logging.ConditionEvaluationReportLoggingListener 

Error starting ApplicationContext. To display the conditions report re-run your application with 'debug' enabled.
2021-07-23 10:21:21 INFO  main com.mqz.elk.web.ElkWebApplication Starting ElkWebApplication on xiaoguotudoudeiMac.local with PID 14962 (/Applications/mqz/better-elk/elk-web/target/classes started by xiaoguotudou in /Applications/mqz/better-elk)
2021-07-23 10:21:21 INFO  main com.mqz.elk.web.ElkWebApplication The following profiles are active: dev
2021-07-23 10:21:21 INFO  main org.springframework.data.repository.config.RepositoryConfigurationDelegate Bootstrapping Spring Data repositories in DEFAULT mode.
2021-07-23 10:21:21 INFO  main org.springframework.data.repository.config.RepositoryConfigurationDelegate Finished Spring Data repository scanning in 50ms. Found 2 repository interfaces.
2021-07-23 10:21:22 INFO  main org.springframework.boot.web.embedded.tomcat.TomcatWebServer Tomcat initialized with port(s): 5000 (http)
2021-07-23 10:21:22 INFO  main org.apache.catalina.core.StandardService Starting service [Tomcat]
2021-07-23 10:21:22 INFO  main org.apache.catalina.core.StandardEngine Starting Servlet engine: [Apache Tomcat/9.0.17]
2021-07-23 10:21:22 INFO  main org.apache.catalina.core.ContainerBase.[Tomcat].[localhost].[/] Initializing Spring embedded WebApplicationContext
2021-07-23 10:21:22 INFO  main org.springframework.web.context.ContextLoader Root WebApplicationContext: initialization completed in 1491 ms
2021-07-23 10:21:23 INFO  main org.elasticsearch.plugins.PluginsService no modules loaded
2021-07-23 10:21:23 INFO  main org.elasticsearch.plugins.PluginsService loaded plugin [org.elasticsearch.index.reindex.ReindexPlugin]
2021-07-23 10:21:23 INFO  main org.elasticsearch.plugins.PluginsService loaded plugin [org.elasticsearch.join.ParentJoinPlugin]
2021-07-23 10:21:23 INFO  main org.elasticsearch.plugins.PluginsService loaded plugin [org.elasticsearch.percolator.PercolatorPlugin]
2021-07-23 10:21:23 INFO  main org.elasticsearch.plugins.PluginsService loaded plugin [org.elasticsearch.script.mustache.MustachePlugin]
2021-07-23 10:21:23 INFO  main org.elasticsearch.plugins.PluginsService loaded plugin [org.elasticsearch.transport.Netty4Plugin]
2021-07-23 10:21:28 INFO  main org.springframework.data.elasticsearch.client.TransportClientFactoryBean Adding transport node : 192.168.2.11:9300
2021-07-23 10:21:35 INFO  main org.apache.catalina.core.StandardService Stopping service [Tomcat]
2021-07-23 10:21:35 INFO  main org.springframework.boot.autoconfigure.logging.ConditionEvaluationReportLoggingListener 

Error starting ApplicationContext. To display the conditions report re-run your application with 'debug' enabled.
2021-07-23 10:44:16 INFO  main com.mqz.elk.web.ElkWebApplication Starting ElkWebApplication on xiaoguotudoudeiMac.local with PID 15020 (/Applications/mqz/better-elk/elk-web/target/classes started by xiaoguotudou in /Applications/mqz/better-elk)
2021-07-23 10:44:16 INFO  main com.mqz.elk.web.ElkWebApplication The following profiles are active: dev
2021-07-23 10:44:17 INFO  main org.springframework.data.repository.config.RepositoryConfigurationDelegate Bootstrapping Spring Data repositories in DEFAULT mode.
2021-07-23 10:44:17 INFO  main org.springframework.data.repository.config.RepositoryConfigurationDelegate Finished Spring Data repository scanning in 47ms. Found 2 repository interfaces.
2021-07-23 10:44:18 INFO  main org.springframework.boot.web.embedded.tomcat.TomcatWebServer Tomcat initialized with port(s): 5000 (http)
2021-07-23 10:44:18 INFO  main org.apache.catalina.core.StandardService Starting service [Tomcat]
2021-07-23 10:44:18 INFO  main org.apache.catalina.core.StandardEngine Starting Servlet engine: [Apache Tomcat/9.0.17]
2021-07-23 10:44:18 INFO  main org.apache.catalina.core.ContainerBase.[Tomcat].[localhost].[/] Initializing Spring embedded WebApplicationContext
2021-07-23 10:44:18 INFO  main org.springframework.web.context.ContextLoader Root WebApplicationContext: initialization completed in 1439 ms
2021-07-23 10:44:18 INFO  main org.elasticsearch.plugins.PluginsService no modules loaded
2021-07-23 10:44:18 INFO  main org.elasticsearch.plugins.PluginsService loaded plugin [org.elasticsearch.index.reindex.ReindexPlugin]
2021-07-23 10:44:18 INFO  main org.elasticsearch.plugins.PluginsService loaded plugin [org.elasticsearch.join.ParentJoinPlugin]
2021-07-23 10:44:18 INFO  main org.elasticsearch.plugins.PluginsService loaded plugin [org.elasticsearch.percolator.PercolatorPlugin]
2021-07-23 10:44:18 INFO  main org.elasticsearch.plugins.PluginsService loaded plugin [org.elasticsearch.script.mustache.MustachePlugin]
2021-07-23 10:44:18 INFO  main org.elasticsearch.plugins.PluginsService loaded plugin [org.elasticsearch.transport.Netty4Plugin]
2021-07-23 10:44:24 INFO  main org.springframework.data.elasticsearch.client.TransportClientFactoryBean Adding transport node : 192.168.2.11:9300
2021-07-23 10:44:31 INFO  main springfox.documentation.spring.web.PropertySourcedRequestMappingHandlerMapping Mapped URL path [/v2/api-docs] onto method [public org.springframework.http.ResponseEntity<springfox.documentation.spring.web.json.Json> springfox.documentation.swagger2.web.Swagger2Controller.getDocumentation(java.lang.String,javax.servlet.http.HttpServletRequest)]
2021-07-23 10:44:31 INFO  main org.springframework.scheduling.concurrent.ThreadPoolTaskExecutor Initializing ExecutorService 'applicationTaskExecutor'
2021-07-23 10:44:32 INFO  main springfox.documentation.spring.web.plugins.DocumentationPluginsBootstrapper Context refreshed
2021-07-23 10:44:32 INFO  main springfox.documentation.spring.web.plugins.DocumentationPluginsBootstrapper Found 2 custom documentation plugin(s)
2021-07-23 10:44:32 INFO  main springfox.documentation.spring.web.scanners.ApiListingReferenceScanner Scanning for api listing references
2021-07-23 10:44:32 INFO  main springfox.documentation.spring.web.readers.operation.CachingOperationNameGenerator Generating unique operation named: countUsingGET_1
2021-07-23 10:44:32 INFO  main springfox.documentation.spring.web.scanners.ApiListingReferenceScanner Scanning for api listing references
2021-07-23 10:44:32 INFO  main org.springframework.boot.web.embedded.tomcat.TomcatWebServer Tomcat started on port(s): 5000 (http) with context path ''
2021-07-23 10:44:32 INFO  main com.mqz.elk.web.ElkWebApplication Started ElkWebApplication in 36.782 seconds (JVM running for 42.533)
2021-07-23 15:41:29 INFO  http-nio-5000-exec-1 org.apache.catalina.core.ContainerBase.[Tomcat].[localhost].[/] Initializing Spring DispatcherServlet 'dispatcherServlet'
2021-07-23 15:41:29 INFO  http-nio-5000-exec-1 org.springframework.web.servlet.DispatcherServlet Initializing Servlet 'dispatcherServlet'
2021-07-23 15:41:29 INFO  http-nio-5000-exec-1 org.springframework.web.servlet.DispatcherServlet Completed initialization in 271 ms
2021-07-23 15:41:30 INFO  http-nio-5000-exec-1 com.mqz.elk.web.controller.user.EsController 【better-elk】关键字查找索引:poem的文档！
2021-07-23 15:41:33 INFO  http-nio-5000-exec-2 com.mqz.elk.web.controller.user.EsController 【better-elk】已创建初始化数据，索引:poem_completion
2021-07-23 16:03:43 INFO  Thread-77 org.springframework.scheduling.concurrent.ThreadPoolTaskExecutor Shutting down ExecutorService 'applicationTaskExecutor'
2021-07-23 16:04:24 INFO  main com.mqz.elk.web.ElkWebApplication Starting ElkWebApplication on xiaoguotudoudeiMac.local with PID 16816 (/Applications/mqz/better-elk/elk-web/target/classes started by xiaoguotudou in /Applications/mqz/better-elk)
2021-07-23 16:04:24 INFO  main com.mqz.elk.web.ElkWebApplication The following profiles are active: dev
2021-07-23 16:04:25 INFO  main org.springframework.data.repository.config.RepositoryConfigurationDelegate Bootstrapping Spring Data repositories in DEFAULT mode.
2021-07-23 16:04:26 INFO  main org.springframework.data.repository.config.RepositoryConfigurationDelegate Finished Spring Data repository scanning in 126ms. Found 2 repository interfaces.
2021-07-23 16:04:27 INFO  main org.springframework.boot.web.embedded.tomcat.TomcatWebServer Tomcat initialized with port(s): 5000 (http)
2021-07-23 16:04:27 INFO  main org.apache.catalina.core.StandardService Starting service [Tomcat]
2021-07-23 16:04:27 INFO  main org.apache.catalina.core.StandardEngine Starting Servlet engine: [Apache Tomcat/9.0.17]
2021-07-23 16:04:27 INFO  main org.apache.catalina.core.ContainerBase.[Tomcat].[localhost].[/] Initializing Spring embedded WebApplicationContext
2021-07-23 16:04:27 INFO  main org.springframework.web.context.ContextLoader Root WebApplicationContext: initialization completed in 2797 ms
2021-07-23 16:04:27 INFO  main org.elasticsearch.plugins.PluginsService no modules loaded
2021-07-23 16:04:27 INFO  main org.elasticsearch.plugins.PluginsService loaded plugin [org.elasticsearch.index.reindex.ReindexPlugin]
2021-07-23 16:04:27 INFO  main org.elasticsearch.plugins.PluginsService loaded plugin [org.elasticsearch.join.ParentJoinPlugin]
2021-07-23 16:04:27 INFO  main org.elasticsearch.plugins.PluginsService loaded plugin [org.elasticsearch.percolator.PercolatorPlugin]
2021-07-23 16:04:27 INFO  main org.elasticsearch.plugins.PluginsService loaded plugin [org.elasticsearch.script.mustache.MustachePlugin]
2021-07-23 16:04:27 INFO  main org.elasticsearch.plugins.PluginsService loaded plugin [org.elasticsearch.transport.Netty4Plugin]
2021-07-23 16:04:34 INFO  main org.springframework.data.elasticsearch.client.TransportClientFactoryBean Adding transport node : 192.168.2.11:9300
2021-07-23 16:04:41 INFO  main springfox.documentation.spring.web.PropertySourcedRequestMappingHandlerMapping Mapped URL path [/v2/api-docs] onto method [public org.springframework.http.ResponseEntity<springfox.documentation.spring.web.json.Json> springfox.documentation.swagger2.web.Swagger2Controller.getDocumentation(java.lang.String,javax.servlet.http.HttpServletRequest)]
2021-07-23 16:04:42 INFO  main org.springframework.scheduling.concurrent.ThreadPoolTaskExecutor Initializing ExecutorService 'applicationTaskExecutor'
2021-07-23 16:04:42 INFO  main springfox.documentation.spring.web.plugins.DocumentationPluginsBootstrapper Context refreshed
2021-07-23 16:04:42 INFO  main springfox.documentation.spring.web.plugins.DocumentationPluginsBootstrapper Found 2 custom documentation plugin(s)
2021-07-23 16:04:42 INFO  main springfox.documentation.spring.web.scanners.ApiListingReferenceScanner Scanning for api listing references
2021-07-23 16:04:42 INFO  main springfox.documentation.spring.web.readers.operation.CachingOperationNameGenerator Generating unique operation named: countUsingGET_1
2021-07-23 16:04:42 INFO  main springfox.documentation.spring.web.scanners.ApiListingReferenceScanner Scanning for api listing references
2021-07-23 16:04:42 INFO  main org.springframework.boot.web.embedded.tomcat.TomcatWebServer Tomcat started on port(s): 5000 (http) with context path ''
2021-07-23 16:04:42 INFO  main com.mqz.elk.web.ElkWebApplication Started ElkWebApplication in 39.897 seconds (JVM running for 46.906)
2021-07-23 16:05:45 INFO  http-nio-5000-exec-1 org.apache.catalina.core.ContainerBase.[Tomcat].[localhost].[/] Initializing Spring DispatcherServlet 'dispatcherServlet'
2021-07-23 16:05:45 INFO  http-nio-5000-exec-1 org.springframework.web.servlet.DispatcherServlet Initializing Servlet 'dispatcherServlet'
2021-07-23 16:05:45 INFO  http-nio-5000-exec-1 org.springframework.web.servlet.DispatcherServlet Completed initialization in 8 ms
2021-07-23 16:06:57 INFO  http-nio-5000-exec-1 com.mqz.elk.web.controller.user.EsController 【better-elk】已创建索引:poem
2021-07-23 16:07:02 INFO  http-nio-5000-exec-2 com.mqz.elk.web.controller.user.EsController 【better-elk】已删除索引:poem的所有文档！
2021-07-23 16:07:03 INFO  http-nio-5000-exec-2 com.mqz.elk.web.controller.user.EsController 【better-elk】已初始化索引:poem的所有文档！
2021-07-23 16:07:08 INFO  http-nio-5000-exec-3 com.mqz.elk.web.controller.user.EsController 【better-elk】poem-统计所有文档
2021-07-23 16:07:16 INFO  http-nio-5000-exec-5 com.mqz.elk.web.controller.user.EsController 【better-elk】查询索引:poem的所有文档！
2021-07-23 16:08:13 INFO  Thread-84 org.springframework.scheduling.concurrent.ThreadPoolTaskExecutor Shutting down ExecutorService 'applicationTaskExecutor'
2021-07-23 16:08:47 INFO  main com.mqz.elk.web.ElkWebApplication Starting ElkWebApplication on xiaoguotudoudeiMac.local with PID 16825 (/Applications/mqz/better-elk/elk-web/target/classes started by xiaoguotudou in /Applications/mqz/better-elk)
2021-07-23 16:08:47 INFO  main com.mqz.elk.web.ElkWebApplication The following profiles are active: dev
2021-07-23 16:08:48 INFO  main org.springframework.data.repository.config.RepositoryConfigurationDelegate Bootstrapping Spring Data repositories in DEFAULT mode.
2021-07-23 16:08:48 INFO  main org.springframework.data.repository.config.RepositoryConfigurationDelegate Finished Spring Data repository scanning in 50ms. Found 2 repository interfaces.
2021-07-23 16:08:49 INFO  main org.springframework.boot.web.embedded.tomcat.TomcatWebServer Tomcat initialized with port(s): 5000 (http)
2021-07-23 16:08:49 INFO  main org.apache.catalina.core.StandardService Starting service [Tomcat]
2021-07-23 16:08:49 INFO  main org.apache.catalina.core.StandardEngine Starting Servlet engine: [Apache Tomcat/9.0.17]
2021-07-23 16:08:49 INFO  main org.apache.catalina.core.ContainerBase.[Tomcat].[localhost].[/] Initializing Spring embedded WebApplicationContext
2021-07-23 16:08:49 INFO  main org.springframework.web.context.ContextLoader Root WebApplicationContext: initialization completed in 1296 ms
2021-07-23 16:08:49 INFO  main org.elasticsearch.plugins.PluginsService no modules loaded
2021-07-23 16:08:49 INFO  main org.elasticsearch.plugins.PluginsService loaded plugin [org.elasticsearch.index.reindex.ReindexPlugin]
2021-07-23 16:08:49 INFO  main org.elasticsearch.plugins.PluginsService loaded plugin [org.elasticsearch.join.ParentJoinPlugin]
2021-07-23 16:08:49 INFO  main org.elasticsearch.plugins.PluginsService loaded plugin [org.elasticsearch.percolator.PercolatorPlugin]
2021-07-23 16:08:49 INFO  main org.elasticsearch.plugins.PluginsService loaded plugin [org.elasticsearch.script.mustache.MustachePlugin]
2021-07-23 16:08:49 INFO  main org.elasticsearch.plugins.PluginsService loaded plugin [org.elasticsearch.transport.Netty4Plugin]
2021-07-23 16:08:55 INFO  main org.springframework.data.elasticsearch.client.TransportClientFactoryBean Adding transport node : 192.168.2.11:9300
2021-07-23 16:09:04 INFO  main springfox.documentation.spring.web.PropertySourcedRequestMappingHandlerMapping Mapped URL path [/v2/api-docs] onto method [public org.springframework.http.ResponseEntity<springfox.documentation.spring.web.json.Json> springfox.documentation.swagger2.web.Swagger2Controller.getDocumentation(java.lang.String,javax.servlet.http.HttpServletRequest)]
2021-07-23 16:09:04 INFO  main org.springframework.scheduling.concurrent.ThreadPoolTaskExecutor Initializing ExecutorService 'applicationTaskExecutor'
2021-07-23 16:09:05 INFO  main springfox.documentation.spring.web.plugins.DocumentationPluginsBootstrapper Context refreshed
2021-07-23 16:09:05 INFO  main springfox.documentation.spring.web.plugins.DocumentationPluginsBootstrapper Found 2 custom documentation plugin(s)
2021-07-23 16:09:05 INFO  main springfox.documentation.spring.web.scanners.ApiListingReferenceScanner Scanning for api listing references
2021-07-23 16:09:05 INFO  main springfox.documentation.spring.web.readers.operation.CachingOperationNameGenerator Generating unique operation named: countUsingGET_1
2021-07-23 16:09:06 INFO  main springfox.documentation.spring.web.scanners.ApiListingReferenceScanner Scanning for api listing references
2021-07-23 16:09:06 INFO  main org.springframework.boot.web.embedded.tomcat.TomcatWebServer Tomcat started on port(s): 5000 (http) with context path ''
2021-07-23 16:09:06 INFO  main com.mqz.elk.web.ElkWebApplication Started ElkWebApplication in 38.825 seconds (JVM running for 44.399)
2021-07-23 16:09:17 INFO  http-nio-5000-exec-1 org.apache.catalina.core.ContainerBase.[Tomcat].[localhost].[/] Initializing Spring DispatcherServlet 'dispatcherServlet'
2021-07-23 16:09:17 INFO  http-nio-5000-exec-1 org.springframework.web.servlet.DispatcherServlet Initializing Servlet 'dispatcherServlet'
2021-07-23 16:09:17 INFO  http-nio-5000-exec-1 org.springframework.web.servlet.DispatcherServlet Completed initialization in 7 ms
2021-07-23 16:09:36 INFO  http-nio-5000-exec-3 com.mqz.elk.web.controller.user.EsController searchHit : {
  "_index" : "poem",
  "_type" : "poem_doc",
  "_id" : "1ffff",
  "_version" : 1,
  "_score" : 7.942075,
  "_source" : {
    "id" : "1ffff",
    "userRemark" : "于谦《石灰吟》",
    "content" : "千锤万凿出深山，烈火焚烧若等闲。粉身碎骨浑不怕，要留清白在人间。"
  },
  "highlight" : {
    "content" : [
      "粉身碎骨浑不怕，要留<b color='red'>清</b>白在人间。"
    ]
  }
}
2021-07-23 16:09:36 INFO  http-nio-5000-exec-3 com.mqz.elk.web.controller.user.EsController highlightField: [content], fragments[[粉身碎骨浑不怕，要留<b color='red'>清</b>白在人间。]]
2021-07-23 16:09:36 INFO  http-nio-5000-exec-3 com.mqz.elk.web.controller.user.EsController highlightField: null
2021-07-23 16:09:36 INFO  http-nio-5000-exec-3 com.mqz.elk.web.controller.user.EsController searchHit : {
  "_index" : "poem",
  "_type" : "poem_doc",
  "_id" : "1jjjj",
  "_version" : 1,
  "_score" : 2.9538474,
  "_source" : {
    "id" : "1jjjj",
    "userRemark" : "《秣陵》 清·屈大均",
    "content" : "牛首开天阙，龙岗抱帝宫。六朝春草里，万井落花中。访旧乌衣少，听歌玉树空。如何亡国恨，尽在大江东。"
  },
  "highlight" : {
    "userRemark" : [
      "《秣陵》 <b color='red'>清</b>·屈大均"
    ]
  }
}
2021-07-23 16:09:36 INFO  http-nio-5000-exec-3 com.mqz.elk.web.controller.user.EsController highlightField: null
2021-07-23 16:09:36 INFO  http-nio-5000-exec-3 com.mqz.elk.web.controller.user.EsController highlightField: [userRemark], fragments[[《秣陵》 <b color='red'>清</b>·屈大均]]
2021-07-23 16:09:36 INFO  http-nio-5000-exec-3 com.mqz.elk.web.controller.user.EsController searchHit : {
  "_index" : "poem",
  "_type" : "poem_doc",
  "_id" : "1cccc",
  "_version" : 1,
  "_score" : 2.782073,
  "_source" : {
    "id" : "1cccc",
    "userRemark" : "李清照《夏日绝句》",
    "content" : "生当作人杰，死亦为鬼雄。至今思项羽，不肯过江东。"
  },
  "highlight" : {
    "userRemark" : [
      "李<b color='red'>清</b>照《夏日绝句》"
    ]
  }
}
2021-07-23 16:09:36 INFO  http-nio-5000-exec-3 com.mqz.elk.web.controller.user.EsController highlightField: null
2021-07-23 16:09:36 INFO  http-nio-5000-exec-3 com.mqz.elk.web.controller.user.EsController highlightField: [userRemark], fragments[[李<b color='red'>清</b>照《夏日绝句》]]
2021-07-23 16:09:36 INFO  http-nio-5000-exec-3 com.mqz.elk.web.controller.user.EsController searchHit : {
  "_index" : "poem",
  "_type" : "poem_doc",
  "_id" : "1gggg",
  "_version" : 1,
  "_score" : 2.629179,
  "_source" : {
    "id" : "1gggg",
    "userRemark" : "《海上(选一)》 清·顾炎武",
    "content" : "日入空山海气侵，秋光千里自登临。十年天地干戈老，四海苍生痛哭深。水涌神山来白鸟，云浮仙阙见黄金。此中何处无人世，只恐难酬壮士心。"
  },
  "highlight" : {
    "userRemark" : [
      "《海上(选一)》 <b color='red'>清</b>·顾炎武"
    ]
  }
}
2021-07-23 16:09:36 INFO  http-nio-5000-exec-3 com.mqz.elk.web.controller.user.EsController highlightField: null
2021-07-23 16:09:36 INFO  http-nio-5000-exec-3 com.mqz.elk.web.controller.user.EsController highlightField: [userRemark], fragments[[《海上(选一)》 <b color='red'>清</b>·顾炎武]]
2021-07-23 16:09:36 INFO  http-nio-5000-exec-3 com.mqz.elk.web.controller.user.EsController searchHit : {
  "_index" : "poem",
  "_type" : "poem_doc",
  "_id" : "1bbbb",
  "_version" : 1,
  "_score" : 1.8987379,
  "_source" : {
    "id" : "1bbbb",
    "userRemark" : "《出师讨满夷自瓜州至金陵》清·郑成功",
    "content" : "缟素临江誓灭胡，雄师一万气吞吴。试看天堑投鞭渡，不信中原不姓朱！"
  },
  "highlight" : {
    "userRemark" : [
      "《出师讨满夷自瓜州至金陵》<b color='red'>清</b>·郑成功"
    ]
  }
}
2021-07-23 16:09:36 INFO  http-nio-5000-exec-3 com.mqz.elk.web.controller.user.EsController highlightField: null
2021-07-23 16:09:36 INFO  http-nio-5000-exec-3 com.mqz.elk.web.controller.user.EsController highlightField: [userRemark], fragments[[《出师讨满夷自瓜州至金陵》<b color='red'>清</b>·郑成功]]
2021-07-23 16:47:15 INFO  Thread-81 org.springframework.scheduling.concurrent.ThreadPoolTaskExecutor Shutting down ExecutorService 'applicationTaskExecutor'
2021-07-23 16:47:54 INFO  main com.mqz.elk.web.ElkWebApplication Starting ElkWebApplication on xiaoguotudoudeiMac.local with PID 17027 (/Applications/mqz/better-elk/elk-web/target/classes started by xiaoguotudou in /Applications/mqz/better-elk)
2021-07-23 16:47:54 INFO  main com.mqz.elk.web.ElkWebApplication The following profiles are active: dev
2021-07-23 16:47:54 INFO  main org.springframework.data.repository.config.RepositoryConfigurationDelegate Bootstrapping Spring Data repositories in DEFAULT mode.
2021-07-23 16:47:54 INFO  main org.springframework.data.repository.config.RepositoryConfigurationDelegate Finished Spring Data repository scanning in 56ms. Found 2 repository interfaces.
2021-07-23 16:47:55 INFO  main org.springframework.boot.web.embedded.tomcat.TomcatWebServer Tomcat initialized with port(s): 5000 (http)
2021-07-23 16:47:55 INFO  main org.apache.catalina.core.StandardService Starting service [Tomcat]
2021-07-23 16:47:55 INFO  main org.apache.catalina.core.StandardEngine Starting Servlet engine: [Apache Tomcat/9.0.17]
2021-07-23 16:47:55 INFO  main org.apache.catalina.core.ContainerBase.[Tomcat].[localhost].[/] Initializing Spring embedded WebApplicationContext
2021-07-23 16:47:55 INFO  main org.springframework.web.context.ContextLoader Root WebApplicationContext: initialization completed in 1625 ms
2021-07-23 16:47:56 INFO  main org.elasticsearch.plugins.PluginsService no modules loaded
2021-07-23 16:47:56 INFO  main org.elasticsearch.plugins.PluginsService loaded plugin [org.elasticsearch.index.reindex.ReindexPlugin]
2021-07-23 16:47:56 INFO  main org.elasticsearch.plugins.PluginsService loaded plugin [org.elasticsearch.join.ParentJoinPlugin]
2021-07-23 16:47:56 INFO  main org.elasticsearch.plugins.PluginsService loaded plugin [org.elasticsearch.percolator.PercolatorPlugin]
2021-07-23 16:47:56 INFO  main org.elasticsearch.plugins.PluginsService loaded plugin [org.elasticsearch.script.mustache.MustachePlugin]
2021-07-23 16:47:56 INFO  main org.elasticsearch.plugins.PluginsService loaded plugin [org.elasticsearch.transport.Netty4Plugin]
2021-07-23 16:48:01 INFO  main org.springframework.data.elasticsearch.client.TransportClientFactoryBean Adding transport node : 192.168.2.11:9300
2021-07-23 16:48:10 INFO  main springfox.documentation.spring.web.PropertySourcedRequestMappingHandlerMapping Mapped URL path [/v2/api-docs] onto method [public org.springframework.http.ResponseEntity<springfox.documentation.spring.web.json.Json> springfox.documentation.swagger2.web.Swagger2Controller.getDocumentation(java.lang.String,javax.servlet.http.HttpServletRequest)]
2021-07-23 16:48:11 INFO  main org.springframework.scheduling.concurrent.ThreadPoolTaskExecutor Initializing ExecutorService 'applicationTaskExecutor'
2021-07-23 16:48:11 INFO  main springfox.documentation.spring.web.plugins.DocumentationPluginsBootstrapper Context refreshed
2021-07-23 16:48:11 INFO  main springfox.documentation.spring.web.plugins.DocumentationPluginsBootstrapper Found 2 custom documentation plugin(s)
2021-07-23 16:48:11 INFO  main springfox.documentation.spring.web.scanners.ApiListingReferenceScanner Scanning for api listing references
2021-07-23 16:48:11 INFO  main springfox.documentation.spring.web.readers.operation.CachingOperationNameGenerator Generating unique operation named: countUsingGET_1
2021-07-23 16:48:11 INFO  main springfox.documentation.spring.web.scanners.ApiListingReferenceScanner Scanning for api listing references
2021-07-23 16:48:11 INFO  main org.springframework.boot.web.embedded.tomcat.TomcatWebServer Tomcat started on port(s): 5000 (http) with context path ''
2021-07-23 16:48:11 INFO  main com.mqz.elk.web.ElkWebApplication Started ElkWebApplication in 38.408 seconds (JVM running for 44.274)
2021-07-23 16:54:44 INFO  Thread-81 org.springframework.scheduling.concurrent.ThreadPoolTaskExecutor Shutting down ExecutorService 'applicationTaskExecutor'
2021-07-23 16:55:18 INFO  main com.mqz.elk.web.ElkWebApplication Starting ElkWebApplication on xiaoguotudoudeiMac.local with PID 17067 (/Applications/mqz/better-elk/elk-web/target/classes started by xiaoguotudou in /Applications/mqz/better-elk)
2021-07-23 16:55:18 INFO  main com.mqz.elk.web.ElkWebApplication The following profiles are active: dev
2021-07-23 16:55:18 INFO  main org.springframework.data.repository.config.RepositoryConfigurationDelegate Bootstrapping Spring Data repositories in DEFAULT mode.
2021-07-23 16:55:18 INFO  main org.springframework.data.repository.config.RepositoryConfigurationDelegate Finished Spring Data repository scanning in 56ms. Found 2 repository interfaces.
2021-07-23 16:55:19 INFO  main org.springframework.boot.web.embedded.tomcat.TomcatWebServer Tomcat initialized with port(s): 5000 (http)
2021-07-23 16:55:19 INFO  main org.apache.catalina.core.StandardService Starting service [Tomcat]
2021-07-23 16:55:19 INFO  main org.apache.catalina.core.StandardEngine Starting Servlet engine: [Apache Tomcat/9.0.17]
2021-07-23 16:55:19 INFO  main org.apache.catalina.core.ContainerBase.[Tomcat].[localhost].[/] Initializing Spring embedded WebApplicationContext
2021-07-23 16:55:19 INFO  main org.springframework.web.context.ContextLoader Root WebApplicationContext: initialization completed in 1384 ms
2021-07-23 16:55:20 INFO  main org.elasticsearch.plugins.PluginsService no modules loaded
2021-07-23 16:55:20 INFO  main org.elasticsearch.plugins.PluginsService loaded plugin [org.elasticsearch.index.reindex.ReindexPlugin]
2021-07-23 16:55:20 INFO  main org.elasticsearch.plugins.PluginsService loaded plugin [org.elasticsearch.join.ParentJoinPlugin]
2021-07-23 16:55:20 INFO  main org.elasticsearch.plugins.PluginsService loaded plugin [org.elasticsearch.percolator.PercolatorPlugin]
2021-07-23 16:55:20 INFO  main org.elasticsearch.plugins.PluginsService loaded plugin [org.elasticsearch.script.mustache.MustachePlugin]
2021-07-23 16:55:20 INFO  main org.elasticsearch.plugins.PluginsService loaded plugin [org.elasticsearch.transport.Netty4Plugin]
2021-07-23 16:55:25 INFO  main org.springframework.data.elasticsearch.client.TransportClientFactoryBean Adding transport node : 192.168.2.11:9300
2021-07-23 16:55:35 INFO  main springfox.documentation.spring.web.PropertySourcedRequestMappingHandlerMapping Mapped URL path [/v2/api-docs] onto method [public org.springframework.http.ResponseEntity<springfox.documentation.spring.web.json.Json> springfox.documentation.swagger2.web.Swagger2Controller.getDocumentation(java.lang.String,javax.servlet.http.HttpServletRequest)]
2021-07-23 16:55:35 INFO  main org.springframework.scheduling.concurrent.ThreadPoolTaskExecutor Initializing ExecutorService 'applicationTaskExecutor'
2021-07-23 16:55:36 INFO  main springfox.documentation.spring.web.plugins.DocumentationPluginsBootstrapper Context refreshed
2021-07-23 16:55:36 INFO  main springfox.documentation.spring.web.plugins.DocumentationPluginsBootstrapper Found 2 custom documentation plugin(s)
2021-07-23 16:55:36 INFO  main springfox.documentation.spring.web.scanners.ApiListingReferenceScanner Scanning for api listing references
2021-07-23 16:55:36 INFO  main springfox.documentation.spring.web.readers.operation.CachingOperationNameGenerator Generating unique operation named: countUsingGET_1
2021-07-23 16:55:36 INFO  main springfox.documentation.spring.web.scanners.ApiListingReferenceScanner Scanning for api listing references
2021-07-23 16:55:36 INFO  main org.springframework.boot.web.embedded.tomcat.TomcatWebServer Tomcat started on port(s): 5000 (http) with context path ''
2021-07-23 16:55:36 INFO  main com.mqz.elk.web.ElkWebApplication Started ElkWebApplication in 39.003 seconds (JVM running for 44.797)
2021-07-23 16:56:44 INFO  http-nio-5000-exec-1 org.apache.catalina.core.ContainerBase.[Tomcat].[localhost].[/] Initializing Spring DispatcherServlet 'dispatcherServlet'
2021-07-23 16:56:44 INFO  http-nio-5000-exec-1 org.springframework.web.servlet.DispatcherServlet Initializing Servlet 'dispatcherServlet'
2021-07-23 16:56:44 INFO  http-nio-5000-exec-1 org.springframework.web.servlet.DispatcherServlet Completed initialization in 9 ms
2021-07-23 16:57:09 INFO  Thread-81 org.springframework.scheduling.concurrent.ThreadPoolTaskExecutor Shutting down ExecutorService 'applicationTaskExecutor'
2021-07-23 16:57:43 INFO  main com.mqz.elk.web.ElkWebApplication Starting ElkWebApplication on xiaoguotudoudeiMac.local with PID 17080 (/Applications/mqz/better-elk/elk-web/target/classes started by xiaoguotudou in /Applications/mqz/better-elk)
2021-07-23 16:57:43 INFO  main com.mqz.elk.web.ElkWebApplication The following profiles are active: dev
2021-07-23 16:57:43 INFO  main org.springframework.data.repository.config.RepositoryConfigurationDelegate Bootstrapping Spring Data repositories in DEFAULT mode.
2021-07-23 16:57:44 INFO  main org.springframework.data.repository.config.RepositoryConfigurationDelegate Finished Spring Data repository scanning in 72ms. Found 2 repository interfaces.
2021-07-23 16:57:44 INFO  main org.springframework.boot.web.embedded.tomcat.TomcatWebServer Tomcat initialized with port(s): 5000 (http)
2021-07-23 16:57:44 INFO  main org.apache.catalina.core.StandardService Starting service [Tomcat]
2021-07-23 16:57:44 INFO  main org.apache.catalina.core.StandardEngine Starting Servlet engine: [Apache Tomcat/9.0.17]
2021-07-23 16:57:45 INFO  main org.apache.catalina.core.ContainerBase.[Tomcat].[localhost].[/] Initializing Spring embedded WebApplicationContext
2021-07-23 16:57:45 INFO  main org.springframework.web.context.ContextLoader Root WebApplicationContext: initialization completed in 1675 ms
2021-07-23 16:57:45 INFO  main org.elasticsearch.plugins.PluginsService no modules loaded
2021-07-23 16:57:45 INFO  main org.elasticsearch.plugins.PluginsService loaded plugin [org.elasticsearch.index.reindex.ReindexPlugin]
2021-07-23 16:57:45 INFO  main org.elasticsearch.plugins.PluginsService loaded plugin [org.elasticsearch.join.ParentJoinPlugin]
2021-07-23 16:57:45 INFO  main org.elasticsearch.plugins.PluginsService loaded plugin [org.elasticsearch.percolator.PercolatorPlugin]
2021-07-23 16:57:45 INFO  main org.elasticsearch.plugins.PluginsService loaded plugin [org.elasticsearch.script.mustache.MustachePlugin]
2021-07-23 16:57:45 INFO  main org.elasticsearch.plugins.PluginsService loaded plugin [org.elasticsearch.transport.Netty4Plugin]
2021-07-23 16:57:51 INFO  main org.springframework.data.elasticsearch.client.TransportClientFactoryBean Adding transport node : 192.168.2.11:9300
2021-07-23 16:57:57 INFO  main springfox.documentation.spring.web.PropertySourcedRequestMappingHandlerMapping Mapped URL path [/v2/api-docs] onto method [public org.springframework.http.ResponseEntity<springfox.documentation.spring.web.json.Json> springfox.documentation.swagger2.web.Swagger2Controller.getDocumentation(java.lang.String,javax.servlet.http.HttpServletRequest)]
2021-07-23 16:57:57 INFO  main org.springframework.scheduling.concurrent.ThreadPoolTaskExecutor Initializing ExecutorService 'applicationTaskExecutor'
2021-07-23 16:57:58 INFO  main springfox.documentation.spring.web.plugins.DocumentationPluginsBootstrapper Context refreshed
2021-07-23 16:57:58 INFO  main springfox.documentation.spring.web.plugins.DocumentationPluginsBootstrapper Found 2 custom documentation plugin(s)
2021-07-23 16:57:58 INFO  main springfox.documentation.spring.web.scanners.ApiListingReferenceScanner Scanning for api listing references
2021-07-23 16:57:58 INFO  main springfox.documentation.spring.web.readers.operation.CachingOperationNameGenerator Generating unique operation named: countUsingGET_1
2021-07-23 16:57:58 INFO  main springfox.documentation.spring.web.scanners.ApiListingReferenceScanner Scanning for api listing references
2021-07-23 16:57:58 INFO  main org.springframework.boot.web.embedded.tomcat.TomcatWebServer Tomcat started on port(s): 5000 (http) with context path ''
2021-07-23 16:57:58 INFO  main com.mqz.elk.web.ElkWebApplication Started ElkWebApplication in 36.263 seconds (JVM running for 41.952)
2021-07-23 16:58:42 INFO  http-nio-5000-exec-1 org.apache.catalina.core.ContainerBase.[Tomcat].[localhost].[/] Initializing Spring DispatcherServlet 'dispatcherServlet'
2021-07-23 16:58:42 INFO  http-nio-5000-exec-1 org.springframework.web.servlet.DispatcherServlet Initializing Servlet 'dispatcherServlet'
2021-07-23 16:58:42 INFO  http-nio-5000-exec-1 org.springframework.web.servlet.DispatcherServlet Completed initialization in 7 ms
2021-07-23 16:59:03 INFO  Thread-76 org.springframework.scheduling.concurrent.ThreadPoolTaskExecutor Shutting down ExecutorService 'applicationTaskExecutor'
2021-07-23 16:59:36 INFO  main com.mqz.elk.web.ElkWebApplication Starting ElkWebApplication on xiaoguotudoudeiMac.local with PID 17085 (/Applications/mqz/better-elk/elk-web/target/classes started by xiaoguotudou in /Applications/mqz/better-elk)
2021-07-23 16:59:36 INFO  main com.mqz.elk.web.ElkWebApplication The following profiles are active: dev
2021-07-23 16:59:36 INFO  main org.springframework.data.repository.config.RepositoryConfigurationDelegate Bootstrapping Spring Data repositories in DEFAULT mode.
2021-07-23 16:59:36 INFO  main org.springframework.data.repository.config.RepositoryConfigurationDelegate Finished Spring Data repository scanning in 51ms. Found 2 repository interfaces.
2021-07-23 16:59:37 INFO  main org.springframework.boot.web.embedded.tomcat.TomcatWebServer Tomcat initialized with port(s): 5000 (http)
2021-07-23 16:59:37 INFO  main org.apache.catalina.core.StandardService Starting service [Tomcat]
2021-07-23 16:59:37 INFO  main org.apache.catalina.core.StandardEngine Starting Servlet engine: [Apache Tomcat/9.0.17]
2021-07-23 16:59:37 INFO  main org.apache.catalina.core.ContainerBase.[Tomcat].[localhost].[/] Initializing Spring embedded WebApplicationContext
2021-07-23 16:59:37 INFO  main org.springframework.web.context.ContextLoader Root WebApplicationContext: initialization completed in 1700 ms
2021-07-23 16:59:38 INFO  main org.elasticsearch.plugins.PluginsService no modules loaded
2021-07-23 16:59:38 INFO  main org.elasticsearch.plugins.PluginsService loaded plugin [org.elasticsearch.index.reindex.ReindexPlugin]
2021-07-23 16:59:38 INFO  main org.elasticsearch.plugins.PluginsService loaded plugin [org.elasticsearch.join.ParentJoinPlugin]
2021-07-23 16:59:38 INFO  main org.elasticsearch.plugins.PluginsService loaded plugin [org.elasticsearch.percolator.PercolatorPlugin]
2021-07-23 16:59:38 INFO  main org.elasticsearch.plugins.PluginsService loaded plugin [org.elasticsearch.script.mustache.MustachePlugin]
2021-07-23 16:59:38 INFO  main org.elasticsearch.plugins.PluginsService loaded plugin [org.elasticsearch.transport.Netty4Plugin]
2021-07-23 16:59:44 INFO  main org.springframework.data.elasticsearch.client.TransportClientFactoryBean Adding transport node : 192.168.2.11:9300
2021-07-23 16:59:50 INFO  main springfox.documentation.spring.web.PropertySourcedRequestMappingHandlerMapping Mapped URL path [/v2/api-docs] onto method [public org.springframework.http.ResponseEntity<springfox.documentation.spring.web.json.Json> springfox.documentation.swagger2.web.Swagger2Controller.getDocumentation(java.lang.String,javax.servlet.http.HttpServletRequest)]
2021-07-23 16:59:50 INFO  main org.springframework.scheduling.concurrent.ThreadPoolTaskExecutor Initializing ExecutorService 'applicationTaskExecutor'
2021-07-23 16:59:51 INFO  main springfox.documentation.spring.web.plugins.DocumentationPluginsBootstrapper Context refreshed
2021-07-23 16:59:51 INFO  main springfox.documentation.spring.web.plugins.DocumentationPluginsBootstrapper Found 2 custom documentation plugin(s)
2021-07-23 16:59:51 INFO  main springfox.documentation.spring.web.scanners.ApiListingReferenceScanner Scanning for api listing references
2021-07-23 16:59:51 INFO  main springfox.documentation.spring.web.readers.operation.CachingOperationNameGenerator Generating unique operation named: countUsingGET_1
2021-07-23 16:59:51 INFO  main springfox.documentation.spring.web.scanners.ApiListingReferenceScanner Scanning for api listing references
2021-07-23 16:59:51 INFO  main org.springframework.boot.web.embedded.tomcat.TomcatWebServer Tomcat started on port(s): 5000 (http) with context path ''
2021-07-23 16:59:51 INFO  main com.mqz.elk.web.ElkWebApplication Started ElkWebApplication in 36.116 seconds (JVM running for 41.718)
2021-07-23 17:00:07 INFO  http-nio-5000-exec-1 org.apache.catalina.core.ContainerBase.[Tomcat].[localhost].[/] Initializing Spring DispatcherServlet 'dispatcherServlet'
2021-07-23 17:00:07 INFO  http-nio-5000-exec-1 org.springframework.web.servlet.DispatcherServlet Initializing Servlet 'dispatcherServlet'
2021-07-23 17:00:07 INFO  http-nio-5000-exec-1 org.springframework.web.servlet.DispatcherServlet Completed initialization in 9 ms
2021-07-23 17:00:36 INFO  Thread-75 org.springframework.scheduling.concurrent.ThreadPoolTaskExecutor Shutting down ExecutorService 'applicationTaskExecutor'
2021-07-23 17:01:09 INFO  main com.mqz.elk.web.ElkWebApplication Starting ElkWebApplication on xiaoguotudoudeiMac.local with PID 17098 (/Applications/mqz/better-elk/elk-web/target/classes started by xiaoguotudou in /Applications/mqz/better-elk)
2021-07-23 17:01:09 INFO  main com.mqz.elk.web.ElkWebApplication The following profiles are active: dev
2021-07-23 17:01:10 INFO  main org.springframework.data.repository.config.RepositoryConfigurationDelegate Bootstrapping Spring Data repositories in DEFAULT mode.
2021-07-23 17:01:10 INFO  main org.springframework.data.repository.config.RepositoryConfigurationDelegate Finished Spring Data repository scanning in 66ms. Found 2 repository interfaces.
2021-07-23 17:01:11 INFO  main org.springframework.boot.web.embedded.tomcat.TomcatWebServer Tomcat initialized with port(s): 5000 (http)
2021-07-23 17:01:11 INFO  main org.apache.catalina.core.StandardService Starting service [Tomcat]
2021-07-23 17:01:11 INFO  main org.apache.catalina.core.StandardEngine Starting Servlet engine: [Apache Tomcat/9.0.17]
2021-07-23 17:01:11 INFO  main org.apache.catalina.core.ContainerBase.[Tomcat].[localhost].[/] Initializing Spring embedded WebApplicationContext
2021-07-23 17:01:11 INFO  main org.springframework.web.context.ContextLoader Root WebApplicationContext: initialization completed in 1441 ms
2021-07-23 17:01:11 INFO  main org.elasticsearch.plugins.PluginsService no modules loaded
2021-07-23 17:01:11 INFO  main org.elasticsearch.plugins.PluginsService loaded plugin [org.elasticsearch.index.reindex.ReindexPlugin]
2021-07-23 17:01:11 INFO  main org.elasticsearch.plugins.PluginsService loaded plugin [org.elasticsearch.join.ParentJoinPlugin]
2021-07-23 17:01:11 INFO  main org.elasticsearch.plugins.PluginsService loaded plugin [org.elasticsearch.percolator.PercolatorPlugin]
2021-07-23 17:01:11 INFO  main org.elasticsearch.plugins.PluginsService loaded plugin [org.elasticsearch.script.mustache.MustachePlugin]
2021-07-23 17:01:11 INFO  main org.elasticsearch.plugins.PluginsService loaded plugin [org.elasticsearch.transport.Netty4Plugin]
2021-07-23 17:01:17 INFO  main org.springframework.data.elasticsearch.client.TransportClientFactoryBean Adding transport node : 192.168.2.11:9300
2021-07-23 17:01:24 INFO  main springfox.documentation.spring.web.PropertySourcedRequestMappingHandlerMapping Mapped URL path [/v2/api-docs] onto method [public org.springframework.http.ResponseEntity<springfox.documentation.spring.web.json.Json> springfox.documentation.swagger2.web.Swagger2Controller.getDocumentation(java.lang.String,javax.servlet.http.HttpServletRequest)]
2021-07-23 17:01:24 INFO  main org.springframework.scheduling.concurrent.ThreadPoolTaskExecutor Initializing ExecutorService 'applicationTaskExecutor'
2021-07-23 17:01:25 INFO  main springfox.documentation.spring.web.plugins.DocumentationPluginsBootstrapper Context refreshed
2021-07-23 17:01:25 INFO  main springfox.documentation.spring.web.plugins.DocumentationPluginsBootstrapper Found 2 custom documentation plugin(s)
2021-07-23 17:01:25 INFO  main springfox.documentation.spring.web.scanners.ApiListingReferenceScanner Scanning for api listing references
2021-07-23 17:01:25 INFO  main springfox.documentation.spring.web.readers.operation.CachingOperationNameGenerator Generating unique operation named: countUsingGET_1
2021-07-23 17:01:25 INFO  main springfox.documentation.spring.web.scanners.ApiListingReferenceScanner Scanning for api listing references
2021-07-23 17:01:25 INFO  main org.springframework.boot.web.embedded.tomcat.TomcatWebServer Tomcat started on port(s): 5000 (http) with context path ''
2021-07-23 17:01:25 INFO  main com.mqz.elk.web.ElkWebApplication Started ElkWebApplication in 36.329 seconds (JVM running for 42.275)
2021-07-23 17:01:29 INFO  Thread-76 org.springframework.scheduling.concurrent.ThreadPoolTaskExecutor Shutting down ExecutorService 'applicationTaskExecutor'
2021-07-23 17:09:17 INFO  main com.mqz.elk.web.ElkWebApplication Starting ElkWebApplication v0.0.1 on xiaoguotudoudeiMac.local with PID 17307 (/Applications/mqz/better-elk/elk-web/target/elk-web-0.0.1.jar started by xiaoguotudou in /Applications/mqz/better-elk)
2021-07-23 17:09:17 INFO  main com.mqz.elk.web.ElkWebApplication The following profiles are active: dev
2021-07-23 17:09:18 INFO  main org.springframework.data.repository.config.RepositoryConfigurationDelegate Bootstrapping Spring Data repositories in DEFAULT mode.
2021-07-23 17:09:18 INFO  main org.springframework.data.repository.config.RepositoryConfigurationDelegate Finished Spring Data repository scanning in 63ms. Found 2 repository interfaces.
2021-07-23 17:09:19 INFO  main org.springframework.boot.web.embedded.tomcat.TomcatWebServer Tomcat initialized with port(s): 5000 (http)
2021-07-23 17:09:19 INFO  main org.apache.catalina.core.StandardService Starting service [Tomcat]
2021-07-23 17:09:19 INFO  main org.apache.catalina.core.StandardEngine Starting Servlet engine: [Apache Tomcat/9.0.17]
2021-07-23 17:09:19 INFO  main org.apache.catalina.core.ContainerBase.[Tomcat].[localhost].[/] Initializing Spring embedded WebApplicationContext
2021-07-23 17:09:19 INFO  main org.springframework.web.context.ContextLoader Root WebApplicationContext: initialization completed in 1823 ms
2021-07-23 17:09:19 INFO  main org.elasticsearch.plugins.PluginsService no modules loaded
2021-07-23 17:09:19 INFO  main org.elasticsearch.plugins.PluginsService loaded plugin [org.elasticsearch.index.reindex.ReindexPlugin]
2021-07-23 17:09:19 INFO  main org.elasticsearch.plugins.PluginsService loaded plugin [org.elasticsearch.join.ParentJoinPlugin]
2021-07-23 17:09:19 INFO  main org.elasticsearch.plugins.PluginsService loaded plugin [org.elasticsearch.percolator.PercolatorPlugin]
2021-07-23 17:09:19 INFO  main org.elasticsearch.plugins.PluginsService loaded plugin [org.elasticsearch.script.mustache.MustachePlugin]
2021-07-23 17:09:19 INFO  main org.elasticsearch.plugins.PluginsService loaded plugin [org.elasticsearch.transport.Netty4Plugin]
2021-07-23 17:09:25 INFO  main org.springframework.data.elasticsearch.client.TransportClientFactoryBean Adding transport node : 192.168.2.11:9300
2021-07-23 17:09:32 INFO  main springfox.documentation.spring.web.PropertySourcedRequestMappingHandlerMapping Mapped URL path [/v2/api-docs] onto method [public org.springframework.http.ResponseEntity<springfox.documentation.spring.web.json.Json> springfox.documentation.swagger2.web.Swagger2Controller.getDocumentation(java.lang.String,javax.servlet.http.HttpServletRequest)]
2021-07-23 17:09:32 INFO  main org.springframework.scheduling.concurrent.ThreadPoolTaskExecutor Initializing ExecutorService 'applicationTaskExecutor'
2021-07-23 17:09:33 INFO  main springfox.documentation.spring.web.plugins.DocumentationPluginsBootstrapper Context refreshed
2021-07-23 17:09:33 INFO  main springfox.documentation.spring.web.plugins.DocumentationPluginsBootstrapper Found 2 custom documentation plugin(s)
2021-07-23 17:09:33 INFO  main springfox.documentation.spring.web.scanners.ApiListingReferenceScanner Scanning for api listing references
2021-07-23 17:09:33 INFO  main springfox.documentation.spring.web.readers.operation.CachingOperationNameGenerator Generating unique operation named: countUsingGET_1
2021-07-23 17:09:33 INFO  main springfox.documentation.spring.web.scanners.ApiListingReferenceScanner Scanning for api listing references
2021-07-23 17:09:33 INFO  main org.springframework.boot.web.embedded.tomcat.TomcatWebServer Tomcat started on port(s): 5000 (http) with context path ''
2021-07-23 17:09:33 INFO  main com.mqz.elk.web.ElkWebApplication Started ElkWebApplication in 36.299 seconds (JVM running for 36.688)
2021-07-23 17:09:37 INFO  http-nio-5000-exec-1 org.apache.catalina.core.ContainerBase.[Tomcat].[localhost].[/] Initializing Spring DispatcherServlet 'dispatcherServlet'
2021-07-23 17:09:37 INFO  http-nio-5000-exec-1 org.springframework.web.servlet.DispatcherServlet Initializing Servlet 'dispatcherServlet'
2021-07-23 17:09:37 INFO  http-nio-5000-exec-1 org.springframework.web.servlet.DispatcherServlet Completed initialization in 13 ms
2021-07-23 17:11:57 INFO  Thread-5 org.springframework.scheduling.concurrent.ThreadPoolTaskExecutor Shutting down ExecutorService 'applicationTaskExecutor'
2021-07-23 17:13:34 INFO  main com.mqz.elk.web.ElkWebApplication Starting ElkWebApplication v0.0.1 on xiaoguotudoudeiMac.local with PID 17365 (/Applications/mqz/better-elk/elk-web/target/elk-web-0.0.1.jar started by xiaoguotudou in /Applications/mqz/better-elk)
2021-07-23 17:13:34 INFO  main com.mqz.elk.web.ElkWebApplication The following profiles are active: dev
2021-07-23 17:13:34 INFO  main org.springframework.data.repository.config.RepositoryConfigurationDelegate Bootstrapping Spring Data repositories in DEFAULT mode.
2021-07-23 17:13:34 INFO  main org.springframework.data.repository.config.RepositoryConfigurationDelegate Finished Spring Data repository scanning in 69ms. Found 2 repository interfaces.
2021-07-23 17:13:36 INFO  main org.springframework.boot.web.embedded.tomcat.TomcatWebServer Tomcat initialized with port(s): 5000 (http)
2021-07-23 17:13:36 INFO  main org.apache.catalina.core.StandardService Starting service [Tomcat]
2021-07-23 17:13:36 INFO  main org.apache.catalina.core.StandardEngine Starting Servlet engine: [Apache Tomcat/9.0.17]
2021-07-23 17:13:36 INFO  main org.apache.catalina.core.ContainerBase.[Tomcat].[localhost].[/] Initializing Spring embedded WebApplicationContext
2021-07-23 17:13:36 INFO  main org.springframework.web.context.ContextLoader Root WebApplicationContext: initialization completed in 1718 ms
2021-07-23 17:13:36 INFO  main org.elasticsearch.plugins.PluginsService no modules loaded
2021-07-23 17:13:36 INFO  main org.elasticsearch.plugins.PluginsService loaded plugin [org.elasticsearch.index.reindex.ReindexPlugin]
2021-07-23 17:13:36 INFO  main org.elasticsearch.plugins.PluginsService loaded plugin [org.elasticsearch.join.ParentJoinPlugin]
2021-07-23 17:13:36 INFO  main org.elasticsearch.plugins.PluginsService loaded plugin [org.elasticsearch.percolator.PercolatorPlugin]
2021-07-23 17:13:36 INFO  main org.elasticsearch.plugins.PluginsService loaded plugin [org.elasticsearch.script.mustache.MustachePlugin]
2021-07-23 17:13:36 INFO  main org.elasticsearch.plugins.PluginsService loaded plugin [org.elasticsearch.transport.Netty4Plugin]
2021-07-23 17:13:42 INFO  main org.springframework.data.elasticsearch.client.TransportClientFactoryBean Adding transport node : 192.168.2.11:9300
2021-07-23 17:13:49 INFO  main org.apache.catalina.core.StandardService Stopping service [Tomcat]
2021-07-23 17:13:49 INFO  main org.springframework.boot.autoconfigure.logging.ConditionEvaluationReportLoggingListener 

Error starting ApplicationContext. To display the conditions report re-run your application with 'debug' enabled.
