2021-07-22 08:55:58 INFO  http-nio-5000-exec-1 org.apache.catalina.core.ContainerBase.[Tomcat].[localhost].[/] Initializing Spring DispatcherServlet 'dispatcherServlet'
2021-07-22 08:55:58 INFO  http-nio-5000-exec-1 org.springframework.web.servlet.DispatcherServlet Initializing Servlet 'dispatcherServlet'
2021-07-22 08:55:58 INFO  http-nio-5000-exec-1 org.springframework.web.servlet.DispatcherServlet Completed initialization in 49 ms
2021-07-22 08:55:59 INFO  http-nio-5000-exec-1 com.mqz.elk.web.controller.user.EsController 【better-elk】已删除索引:poem的所有文档！
2021-07-22 08:55:59 INFO  http-nio-5000-exec-1 com.mqz.elk.web.controller.user.EsController 【better-elk】已初始化索引:poem的所有文档！
2021-07-22 08:56:29 INFO  http-nio-5000-exec-2 com.mqz.elk.web.controller.user.EsController 【better-elk】查询索引:poem的所有文档！
2021-07-22 08:56:31 INFO  http-nio-5000-exec-3 com.mqz.elk.web.controller.user.EsController 【better-elk】查询索引:poem的所有文档！
2021-07-22 10:08:57 INFO  http-nio-5000-exec-5 com.mqz.elk.web.controller.user.EsController 【better-elk】查询索引:poem的所有文档！
2021-07-22 10:09:31 INFO  http-nio-5000-exec-1 com.mqz.elk.web.controller.user.EsController 【better-elk】已删除索引:poem的所有文档！
2021-07-22 10:09:31 INFO  http-nio-5000-exec-1 com.mqz.elk.web.controller.user.EsController 【better-elk】已初始化索引:poem的所有文档！
2021-07-22 11:09:30 INFO  http-nio-5000-exec-3 com.mqz.elk.web.controller.user.EsController 【better-elk】已删除索引:poem的所有文档！
2021-07-22 11:09:30 INFO  http-nio-5000-exec-3 com.mqz.elk.web.controller.user.EsController 【better-elk】已初始化索引:poem的所有文档！
2021-07-22 11:20:21 INFO  http-nio-5000-exec-5 com.mqz.elk.web.controller.user.EsController 【better-elk】已删除索引:poem的所有文档！
2021-07-22 11:22:36 INFO  http-nio-5000-exec-7 com.mqz.elk.web.controller.user.EsController 【better-elk】已删除索引:poem的所有文档！
2021-07-22 11:22:36 INFO  http-nio-5000-exec-7 com.mqz.elk.web.controller.user.EsController 【better-elk】已初始化索引:poem的所有文档！
2021-07-22 11:24:05 INFO  http-nio-5000-exec-9 com.mqz.elk.web.controller.user.EsController 【better-elk】查询索引:poem的所有文档！
2021-07-22 11:24:12 INFO  http-nio-5000-exec-10 com.mqz.elk.web.controller.user.EsController 【better-elk】查询索引:poem的所有文档！
2021-07-22 11:24:13 INFO  http-nio-5000-exec-1 com.mqz.elk.web.controller.user.EsController 【better-elk】查询索引:poem的所有文档！
2021-07-22 11:24:20 INFO  http-nio-5000-exec-2 com.mqz.elk.web.controller.user.EsController 【better-elk】关键字查找索引:poem的文档！
2021-07-22 11:26:47 INFO  http-nio-5000-exec-4 com.mqz.elk.web.controller.user.EsController 【better-elk】查询索引:poem的所有文档！
2021-07-22 11:30:32 INFO  Thread-77 org.springframework.scheduling.concurrent.ThreadPoolTaskExecutor Shutting down ExecutorService 'applicationTaskExecutor'
2021-07-22 11:31:12 INFO  main com.mqz.elk.web.ElkWebApplication Starting ElkWebApplication on xiaoguotudoudeiMac.local with PID 12500 (/Applications/mqz/better-elk/elk-web/target/classes started by xiaoguotudou in /Applications/mqz/better-elk)
2021-07-22 11:31:12 INFO  main com.mqz.elk.web.ElkWebApplication The following profiles are active: dev
2021-07-22 11:31:12 INFO  main org.springframework.data.repository.config.RepositoryConfigurationDelegate Bootstrapping Spring Data repositories in DEFAULT mode.
2021-07-22 11:31:12 INFO  main org.springframework.data.repository.config.RepositoryConfigurationDelegate Finished Spring Data repository scanning in 52ms. Found 1 repository interfaces.
2021-07-22 11:31:13 INFO  main org.springframework.boot.web.embedded.tomcat.TomcatWebServer Tomcat initialized with port(s): 5000 (http)
2021-07-22 11:31:13 INFO  main org.apache.catalina.core.StandardService Starting service [Tomcat]
2021-07-22 11:31:13 INFO  main org.apache.catalina.core.StandardEngine Starting Servlet engine: [Apache Tomcat/9.0.17]
2021-07-22 11:31:13 INFO  main org.apache.catalina.core.ContainerBase.[Tomcat].[localhost].[/] Initializing Spring embedded WebApplicationContext
2021-07-22 11:31:13 INFO  main org.springframework.web.context.ContextLoader Root WebApplicationContext: initialization completed in 1498 ms
2021-07-22 11:31:14 INFO  main org.elasticsearch.plugins.PluginsService no modules loaded
2021-07-22 11:31:14 INFO  main org.elasticsearch.plugins.PluginsService loaded plugin [org.elasticsearch.index.reindex.ReindexPlugin]
2021-07-22 11:31:14 INFO  main org.elasticsearch.plugins.PluginsService loaded plugin [org.elasticsearch.join.ParentJoinPlugin]
2021-07-22 11:31:14 INFO  main org.elasticsearch.plugins.PluginsService loaded plugin [org.elasticsearch.percolator.PercolatorPlugin]
2021-07-22 11:31:14 INFO  main org.elasticsearch.plugins.PluginsService loaded plugin [org.elasticsearch.script.mustache.MustachePlugin]
2021-07-22 11:31:14 INFO  main org.elasticsearch.plugins.PluginsService loaded plugin [org.elasticsearch.transport.Netty4Plugin]
2021-07-22 11:31:20 INFO  main org.springframework.data.elasticsearch.client.TransportClientFactoryBean Adding transport node : 192.168.2.11:9300
2021-07-22 11:31:26 INFO  main springfox.documentation.spring.web.PropertySourcedRequestMappingHandlerMapping Mapped URL path [/v2/api-docs] onto method [public org.springframework.http.ResponseEntity<springfox.documentation.spring.web.json.Json> springfox.documentation.swagger2.web.Swagger2Controller.getDocumentation(java.lang.String,javax.servlet.http.HttpServletRequest)]
2021-07-22 11:31:27 INFO  main org.springframework.scheduling.concurrent.ThreadPoolTaskExecutor Initializing ExecutorService 'applicationTaskExecutor'
2021-07-22 11:31:29 INFO  main springfox.documentation.spring.web.plugins.DocumentationPluginsBootstrapper Context refreshed
2021-07-22 11:31:29 INFO  main springfox.documentation.spring.web.plugins.DocumentationPluginsBootstrapper Found 2 custom documentation plugin(s)
2021-07-22 11:31:29 INFO  main springfox.documentation.spring.web.scanners.ApiListingReferenceScanner Scanning for api listing references
2021-07-22 11:31:30 INFO  main springfox.documentation.spring.web.scanners.ApiListingReferenceScanner Scanning for api listing references
2021-07-22 11:31:30 INFO  main org.springframework.boot.web.embedded.tomcat.TomcatWebServer Tomcat started on port(s): 5000 (http) with context path ''
2021-07-22 11:31:30 INFO  main com.mqz.elk.web.ElkWebApplication Started ElkWebApplication in 39.164 seconds (JVM running for 44.82)
2021-07-22 11:32:03 INFO  http-nio-5000-exec-1 org.apache.catalina.core.ContainerBase.[Tomcat].[localhost].[/] Initializing Spring DispatcherServlet 'dispatcherServlet'
2021-07-22 11:32:03 INFO  http-nio-5000-exec-1 org.springframework.web.servlet.DispatcherServlet Initializing Servlet 'dispatcherServlet'
2021-07-22 11:32:03 INFO  http-nio-5000-exec-1 org.springframework.web.servlet.DispatcherServlet Completed initialization in 14 ms
2021-07-22 11:32:17 INFO  http-nio-5000-exec-7 com.mqz.elk.web.controller.user.EsController 【better-elk】查询索引:poem的所有文档！
2021-07-22 11:32:49 INFO  http-nio-5000-exec-8 com.mqz.elk.web.controller.user.EsController 【better-elk】查询索引:poem的所有文档！
2021-07-22 11:33:12 INFO  http-nio-5000-exec-10 com.mqz.elk.web.controller.user.EsController 【better-elk】查询索引:poem的所有文档！
2021-07-22 11:33:23 INFO  http-nio-5000-exec-1 com.mqz.elk.web.controller.user.EsController 【better-elk】查询索引:poem的所有文档！
2021-07-22 11:33:23 INFO  http-nio-5000-exec-2 com.mqz.elk.web.controller.user.EsController 【better-elk】查询索引:poem的所有文档！
2021-07-22 11:33:23 INFO  http-nio-5000-exec-3 com.mqz.elk.web.controller.user.EsController 【better-elk】查询索引:poem的所有文档！
2021-07-22 11:33:24 INFO  http-nio-5000-exec-4 com.mqz.elk.web.controller.user.EsController 【better-elk】查询索引:poem的所有文档！
2021-07-22 11:33:28 INFO  http-nio-5000-exec-5 com.mqz.elk.web.controller.user.EsController 【better-elk】查询索引:poem的所有文档！
2021-07-22 11:34:26 INFO  http-nio-5000-exec-6 com.mqz.elk.web.controller.user.EsController 【better-elk】查询索引:poem的所有文档！
2021-07-22 11:35:08 INFO  http-nio-5000-exec-7 com.mqz.elk.web.controller.user.EsController 【better-elk】查询索引:poem的所有文档！
2021-07-22 11:35:17 INFO  http-nio-5000-exec-8 com.mqz.elk.web.controller.user.EsController 【better-elk】查询索引:poem的所有文档！
2021-07-22 11:35:21 INFO  http-nio-5000-exec-9 com.mqz.elk.web.controller.user.EsController 【better-elk】查询索引:poem的所有文档！
2021-07-22 11:58:14 INFO  Thread-79 org.springframework.scheduling.concurrent.ThreadPoolTaskExecutor Shutting down ExecutorService 'applicationTaskExecutor'
2021-07-22 11:58:49 INFO  main com.mqz.elk.web.ElkWebApplication Starting ElkWebApplication on xiaoguotudoudeiMac.local with PID 12563 (/Applications/mqz/better-elk/elk-web/target/classes started by xiaoguotudou in /Applications/mqz/better-elk)
2021-07-22 11:58:49 INFO  main com.mqz.elk.web.ElkWebApplication The following profiles are active: dev
2021-07-22 11:58:50 INFO  main org.springframework.data.repository.config.RepositoryConfigurationDelegate Bootstrapping Spring Data repositories in DEFAULT mode.
2021-07-22 11:58:50 INFO  main org.springframework.data.repository.config.RepositoryConfigurationDelegate Finished Spring Data repository scanning in 44ms. Found 1 repository interfaces.
2021-07-22 11:58:50 INFO  main org.springframework.boot.web.embedded.tomcat.TomcatWebServer Tomcat initialized with port(s): 5000 (http)
2021-07-22 11:58:50 INFO  main org.apache.catalina.core.StandardService Starting service [Tomcat]
2021-07-22 11:58:50 INFO  main org.apache.catalina.core.StandardEngine Starting Servlet engine: [Apache Tomcat/9.0.17]
2021-07-22 11:58:50 INFO  main org.apache.catalina.core.ContainerBase.[Tomcat].[localhost].[/] Initializing Spring embedded WebApplicationContext
2021-07-22 11:58:50 INFO  main org.springframework.web.context.ContextLoader Root WebApplicationContext: initialization completed in 1356 ms
2021-07-22 11:58:51 INFO  main org.elasticsearch.plugins.PluginsService no modules loaded
2021-07-22 11:58:51 INFO  main org.elasticsearch.plugins.PluginsService loaded plugin [org.elasticsearch.index.reindex.ReindexPlugin]
2021-07-22 11:58:51 INFO  main org.elasticsearch.plugins.PluginsService loaded plugin [org.elasticsearch.join.ParentJoinPlugin]
2021-07-22 11:58:51 INFO  main org.elasticsearch.plugins.PluginsService loaded plugin [org.elasticsearch.percolator.PercolatorPlugin]
2021-07-22 11:58:51 INFO  main org.elasticsearch.plugins.PluginsService loaded plugin [org.elasticsearch.script.mustache.MustachePlugin]
2021-07-22 11:58:51 INFO  main org.elasticsearch.plugins.PluginsService loaded plugin [org.elasticsearch.transport.Netty4Plugin]
2021-07-22 11:58:57 INFO  main org.springframework.data.elasticsearch.client.TransportClientFactoryBean Adding transport node : 192.168.2.11:9300
2021-07-22 11:59:03 INFO  main springfox.documentation.spring.web.PropertySourcedRequestMappingHandlerMapping Mapped URL path [/v2/api-docs] onto method [public org.springframework.http.ResponseEntity<springfox.documentation.spring.web.json.Json> springfox.documentation.swagger2.web.Swagger2Controller.getDocumentation(java.lang.String,javax.servlet.http.HttpServletRequest)]
2021-07-22 11:59:03 INFO  main org.springframework.scheduling.concurrent.ThreadPoolTaskExecutor Initializing ExecutorService 'applicationTaskExecutor'
2021-07-22 11:59:05 INFO  main springfox.documentation.spring.web.plugins.DocumentationPluginsBootstrapper Context refreshed
2021-07-22 11:59:05 INFO  main springfox.documentation.spring.web.plugins.DocumentationPluginsBootstrapper Found 2 custom documentation plugin(s)
2021-07-22 11:59:05 INFO  main springfox.documentation.spring.web.scanners.ApiListingReferenceScanner Scanning for api listing references
2021-07-22 11:59:05 INFO  main springfox.documentation.spring.web.readers.operation.CachingOperationNameGenerator Generating unique operation named: countUsingGET_1
2021-07-22 11:59:05 INFO  main springfox.documentation.spring.web.scanners.ApiListingReferenceScanner Scanning for api listing references
2021-07-22 11:59:05 INFO  main org.springframework.boot.web.embedded.tomcat.TomcatWebServer Tomcat started on port(s): 5000 (http) with context path ''
2021-07-22 11:59:05 INFO  main com.mqz.elk.web.ElkWebApplication Started ElkWebApplication in 36.302 seconds (JVM running for 41.964)
2021-07-22 13:34:00 INFO  http-nio-5000-exec-1 org.apache.catalina.core.ContainerBase.[Tomcat].[localhost].[/] Initializing Spring DispatcherServlet 'dispatcherServlet'
2021-07-22 13:34:00 INFO  http-nio-5000-exec-1 org.springframework.web.servlet.DispatcherServlet Initializing Servlet 'dispatcherServlet'
2021-07-22 13:34:00 INFO  http-nio-5000-exec-1 org.springframework.web.servlet.DispatcherServlet Completed initialization in 35 ms
2021-07-22 13:35:57 INFO  http-nio-5000-exec-9 com.mqz.elk.web.controller.user.EsController 【better-elk】poemRepository 关键字查找索引:poem的文档！
2021-07-22 13:36:08 INFO  http-nio-5000-exec-10 com.mqz.elk.web.controller.user.EsController 【better-elk】poemRepository 关键字查找索引:poem的文档！
2021-07-22 13:37:05 INFO  http-nio-5000-exec-1 com.mqz.elk.web.controller.user.EsController 【better-elk】poemRepository 关键字查找索引:poem的文档！
2021-07-22 14:38:56 INFO  Thread-76 org.springframework.scheduling.concurrent.ThreadPoolTaskExecutor Shutting down ExecutorService 'applicationTaskExecutor'
2021-07-22 14:39:35 INFO  main com.mqz.elk.web.ElkWebApplication Starting ElkWebApplication on xiaoguotudoudeiMac.local with PID 12810 (/Applications/mqz/better-elk/elk-web/target/classes started by xiaoguotudou in /Applications/mqz/better-elk)
2021-07-22 14:39:35 INFO  main com.mqz.elk.web.ElkWebApplication The following profiles are active: dev
2021-07-22 14:39:35 INFO  main org.springframework.data.repository.config.RepositoryConfigurationDelegate Bootstrapping Spring Data repositories in DEFAULT mode.
2021-07-22 14:39:36 INFO  main org.springframework.data.repository.config.RepositoryConfigurationDelegate Finished Spring Data repository scanning in 65ms. Found 1 repository interfaces.
2021-07-22 14:39:36 INFO  main org.springframework.boot.web.embedded.tomcat.TomcatWebServer Tomcat initialized with port(s): 5000 (http)
2021-07-22 14:39:36 INFO  main org.apache.catalina.core.StandardService Starting service [Tomcat]
2021-07-22 14:39:36 INFO  main org.apache.catalina.core.StandardEngine Starting Servlet engine: [Apache Tomcat/9.0.17]
2021-07-22 14:39:36 INFO  main org.apache.catalina.core.ContainerBase.[Tomcat].[localhost].[/] Initializing Spring embedded WebApplicationContext
2021-07-22 14:39:36 INFO  main org.springframework.web.context.ContextLoader Root WebApplicationContext: initialization completed in 1685 ms
2021-07-22 14:39:37 INFO  main org.elasticsearch.plugins.PluginsService no modules loaded
2021-07-22 14:39:37 INFO  main org.elasticsearch.plugins.PluginsService loaded plugin [org.elasticsearch.index.reindex.ReindexPlugin]
2021-07-22 14:39:37 INFO  main org.elasticsearch.plugins.PluginsService loaded plugin [org.elasticsearch.join.ParentJoinPlugin]
2021-07-22 14:39:37 INFO  main org.elasticsearch.plugins.PluginsService loaded plugin [org.elasticsearch.percolator.PercolatorPlugin]
2021-07-22 14:39:37 INFO  main org.elasticsearch.plugins.PluginsService loaded plugin [org.elasticsearch.script.mustache.MustachePlugin]
2021-07-22 14:39:37 INFO  main org.elasticsearch.plugins.PluginsService loaded plugin [org.elasticsearch.transport.Netty4Plugin]
2021-07-22 14:39:43 INFO  main org.springframework.data.elasticsearch.client.TransportClientFactoryBean Adding transport node : 192.168.2.11:9300
2021-07-22 14:39:49 INFO  main springfox.documentation.spring.web.PropertySourcedRequestMappingHandlerMapping Mapped URL path [/v2/api-docs] onto method [public org.springframework.http.ResponseEntity<springfox.documentation.spring.web.json.Json> springfox.documentation.swagger2.web.Swagger2Controller.getDocumentation(java.lang.String,javax.servlet.http.HttpServletRequest)]
2021-07-22 14:39:50 INFO  main org.springframework.scheduling.concurrent.ThreadPoolTaskExecutor Initializing ExecutorService 'applicationTaskExecutor'
2021-07-22 14:39:51 INFO  main springfox.documentation.spring.web.plugins.DocumentationPluginsBootstrapper Context refreshed
2021-07-22 14:39:51 INFO  main springfox.documentation.spring.web.plugins.DocumentationPluginsBootstrapper Found 2 custom documentation plugin(s)
2021-07-22 14:39:51 INFO  main springfox.documentation.spring.web.scanners.ApiListingReferenceScanner Scanning for api listing references
2021-07-22 14:39:51 INFO  main springfox.documentation.spring.web.readers.operation.CachingOperationNameGenerator Generating unique operation named: countUsingGET_1
2021-07-22 14:39:51 INFO  main springfox.documentation.spring.web.scanners.ApiListingReferenceScanner Scanning for api listing references
2021-07-22 14:39:51 INFO  main org.springframework.boot.web.embedded.tomcat.TomcatWebServer Tomcat started on port(s): 5000 (http) with context path ''
2021-07-22 14:39:51 INFO  main com.mqz.elk.web.ElkWebApplication Started ElkWebApplication in 37.082 seconds (JVM running for 42.785)
2021-07-22 14:40:03 INFO  http-nio-5000-exec-1 org.apache.catalina.core.ContainerBase.[Tomcat].[localhost].[/] Initializing Spring DispatcherServlet 'dispatcherServlet'
2021-07-22 14:40:03 INFO  http-nio-5000-exec-1 org.springframework.web.servlet.DispatcherServlet Initializing Servlet 'dispatcherServlet'
2021-07-22 14:40:03 INFO  http-nio-5000-exec-1 org.springframework.web.servlet.DispatcherServlet Completed initialization in 9 ms
2021-07-22 14:42:25 INFO  Thread-77 org.springframework.scheduling.concurrent.ThreadPoolTaskExecutor Shutting down ExecutorService 'applicationTaskExecutor'
2021-07-22 14:43:00 INFO  main com.mqz.elk.web.ElkWebApplication Starting ElkWebApplication on xiaoguotudoudeiMac.local with PID 12852 (/Applications/mqz/better-elk/elk-web/target/classes started by xiaoguotudou in /Applications/mqz/better-elk)
2021-07-22 14:43:00 INFO  main com.mqz.elk.web.ElkWebApplication The following profiles are active: dev
2021-07-22 14:43:01 INFO  main org.springframework.data.repository.config.RepositoryConfigurationDelegate Bootstrapping Spring Data repositories in DEFAULT mode.
2021-07-22 14:43:01 INFO  main org.springframework.data.repository.config.RepositoryConfigurationDelegate Finished Spring Data repository scanning in 76ms. Found 1 repository interfaces.
2021-07-22 14:43:02 INFO  main org.springframework.boot.web.embedded.tomcat.TomcatWebServer Tomcat initialized with port(s): 5000 (http)
2021-07-22 14:43:02 INFO  main org.apache.catalina.core.StandardService Starting service [Tomcat]
2021-07-22 14:43:02 INFO  main org.apache.catalina.core.StandardEngine Starting Servlet engine: [Apache Tomcat/9.0.17]
2021-07-22 14:43:02 INFO  main org.apache.catalina.core.ContainerBase.[Tomcat].[localhost].[/] Initializing Spring embedded WebApplicationContext
2021-07-22 14:43:02 INFO  main org.springframework.web.context.ContextLoader Root WebApplicationContext: initialization completed in 1855 ms
2021-07-22 14:43:03 INFO  main org.elasticsearch.plugins.PluginsService no modules loaded
2021-07-22 14:43:03 INFO  main org.elasticsearch.plugins.PluginsService loaded plugin [org.elasticsearch.index.reindex.ReindexPlugin]
2021-07-22 14:43:03 INFO  main org.elasticsearch.plugins.PluginsService loaded plugin [org.elasticsearch.join.ParentJoinPlugin]
2021-07-22 14:43:03 INFO  main org.elasticsearch.plugins.PluginsService loaded plugin [org.elasticsearch.percolator.PercolatorPlugin]
2021-07-22 14:43:03 INFO  main org.elasticsearch.plugins.PluginsService loaded plugin [org.elasticsearch.script.mustache.MustachePlugin]
2021-07-22 14:43:03 INFO  main org.elasticsearch.plugins.PluginsService loaded plugin [org.elasticsearch.transport.Netty4Plugin]
2021-07-22 14:43:09 INFO  main org.springframework.data.elasticsearch.client.TransportClientFactoryBean Adding transport node : 192.168.2.11:9300
2021-07-22 14:43:15 INFO  main springfox.documentation.spring.web.PropertySourcedRequestMappingHandlerMapping Mapped URL path [/v2/api-docs] onto method [public org.springframework.http.ResponseEntity<springfox.documentation.spring.web.json.Json> springfox.documentation.swagger2.web.Swagger2Controller.getDocumentation(java.lang.String,javax.servlet.http.HttpServletRequest)]
2021-07-22 14:43:15 INFO  main org.springframework.scheduling.concurrent.ThreadPoolTaskExecutor Initializing ExecutorService 'applicationTaskExecutor'
2021-07-22 14:43:16 INFO  main springfox.documentation.spring.web.plugins.DocumentationPluginsBootstrapper Context refreshed
2021-07-22 14:43:16 INFO  main springfox.documentation.spring.web.plugins.DocumentationPluginsBootstrapper Found 2 custom documentation plugin(s)
2021-07-22 14:43:16 INFO  main springfox.documentation.spring.web.scanners.ApiListingReferenceScanner Scanning for api listing references
2021-07-22 14:43:17 INFO  main springfox.documentation.spring.web.readers.operation.CachingOperationNameGenerator Generating unique operation named: countUsingGET_1
2021-07-22 14:43:17 INFO  main springfox.documentation.spring.web.scanners.ApiListingReferenceScanner Scanning for api listing references
2021-07-22 14:43:17 INFO  main org.springframework.boot.web.embedded.tomcat.TomcatWebServer Tomcat started on port(s): 5000 (http) with context path ''
2021-07-22 14:43:17 INFO  main com.mqz.elk.web.ElkWebApplication Started ElkWebApplication in 36.935 seconds (JVM running for 42.549)
2021-07-22 14:43:26 INFO  http-nio-5000-exec-1 org.apache.catalina.core.ContainerBase.[Tomcat].[localhost].[/] Initializing Spring DispatcherServlet 'dispatcherServlet'
2021-07-22 14:43:26 INFO  http-nio-5000-exec-1 org.springframework.web.servlet.DispatcherServlet Initializing Servlet 'dispatcherServlet'
2021-07-22 14:43:26 INFO  http-nio-5000-exec-1 org.springframework.web.servlet.DispatcherServlet Completed initialization in 7 ms
2021-07-22 14:44:25 INFO  http-nio-5000-exec-9 com.mqz.elk.web.controller.user.EsController 【信息】关键字自动补全请求：{"suggest":{"keyword_suggest":{"prefix":"《","completion":{"field":"userRemarks","size":5}}}}
2021-07-22 14:44:44 INFO  http-nio-5000-exec-10 com.mqz.elk.web.controller.user.EsController 【信息】关键字自动补全请求：{"suggest":{"keyword_suggest":{"prefix":"《","completion":{"field":"userRemark","size":5}}}}
2021-07-22 15:00:55 INFO  http-nio-5000-exec-1 com.mqz.elk.web.controller.user.EsController 【信息】关键字自动补全请求：{"suggest":{"keyword_suggest":{"prefix":"《","completion":{"field":"userRemark","size":5}}}}
2021-07-22 15:00:55 INFO  http-nio-5000-exec-1 com.mqz.elk.web.controller.user.EsController 【信息】关键字自动补全搜索结果：[]
2021-07-22 15:01:00 INFO  http-nio-5000-exec-2 com.mqz.elk.web.controller.user.EsController 【信息】关键字自动补全请求：{"suggest":{"keyword_suggest":{"prefix":"","completion":{"field":"userRemark","size":5}}}}
2021-07-22 15:01:00 INFO  http-nio-5000-exec-2 com.mqz.elk.web.controller.user.EsController 【信息】关键字自动补全搜索结果：[]
2021-07-22 15:02:23 INFO  http-nio-5000-exec-4 com.mqz.elk.web.controller.user.EsController 【信息】关键字自动补全请求：{"suggest":{"keyword_suggest":{"prefix":"","completion":{"field":"userRemark","size":5}}}}
2021-07-22 15:02:24 INFO  http-nio-5000-exec-4 com.mqz.elk.web.controller.user.EsController 【信息】关键字自动补全搜索结果：[]
2021-07-22 15:38:38 INFO  Thread-78 org.springframework.scheduling.concurrent.ThreadPoolTaskExecutor Shutting down ExecutorService 'applicationTaskExecutor'
2021-07-22 15:39:14 INFO  main com.mqz.elk.web.ElkWebApplication Starting ElkWebApplication on xiaoguotudoudeiMac.local with PID 13044 (/Applications/mqz/better-elk/elk-web/target/classes started by xiaoguotudou in /Applications/mqz/better-elk)
2021-07-22 15:39:14 INFO  main com.mqz.elk.web.ElkWebApplication The following profiles are active: dev
2021-07-22 15:39:15 INFO  main org.springframework.data.repository.config.RepositoryConfigurationDelegate Bootstrapping Spring Data repositories in DEFAULT mode.
2021-07-22 15:39:15 INFO  main org.springframework.data.repository.config.RepositoryConfigurationDelegate Finished Spring Data repository scanning in 52ms. Found 2 repository interfaces.
2021-07-22 15:39:16 INFO  main org.springframework.boot.web.embedded.tomcat.TomcatWebServer Tomcat initialized with port(s): 5000 (http)
2021-07-22 15:39:16 INFO  main org.apache.catalina.core.StandardService Starting service [Tomcat]
2021-07-22 15:39:16 INFO  main org.apache.catalina.core.StandardEngine Starting Servlet engine: [Apache Tomcat/9.0.17]
2021-07-22 15:39:16 INFO  main org.apache.catalina.core.ContainerBase.[Tomcat].[localhost].[/] Initializing Spring embedded WebApplicationContext
2021-07-22 15:39:16 INFO  main org.springframework.web.context.ContextLoader Root WebApplicationContext: initialization completed in 1323 ms
2021-07-22 15:39:16 INFO  main org.elasticsearch.plugins.PluginsService no modules loaded
2021-07-22 15:39:16 INFO  main org.elasticsearch.plugins.PluginsService loaded plugin [org.elasticsearch.index.reindex.ReindexPlugin]
2021-07-22 15:39:16 INFO  main org.elasticsearch.plugins.PluginsService loaded plugin [org.elasticsearch.join.ParentJoinPlugin]
2021-07-22 15:39:16 INFO  main org.elasticsearch.plugins.PluginsService loaded plugin [org.elasticsearch.percolator.PercolatorPlugin]
2021-07-22 15:39:16 INFO  main org.elasticsearch.plugins.PluginsService loaded plugin [org.elasticsearch.script.mustache.MustachePlugin]
2021-07-22 15:39:16 INFO  main org.elasticsearch.plugins.PluginsService loaded plugin [org.elasticsearch.transport.Netty4Plugin]
2021-07-22 15:39:22 INFO  main org.springframework.data.elasticsearch.client.TransportClientFactoryBean Adding transport node : 192.168.2.11:9300
2021-07-22 15:39:29 INFO  main org.apache.catalina.core.StandardService Stopping service [Tomcat]
2021-07-22 15:39:29 INFO  main org.springframework.boot.autoconfigure.logging.ConditionEvaluationReportLoggingListener 

Error starting ApplicationContext. To display the conditions report re-run your application with 'debug' enabled.
2021-07-22 15:42:17 INFO  main com.mqz.elk.web.ElkWebApplication Starting ElkWebApplication on xiaoguotudoudeiMac.local with PID 13048 (/Applications/mqz/better-elk/elk-web/target/classes started by xiaoguotudou in /Applications/mqz/better-elk)
2021-07-22 15:42:17 INFO  main com.mqz.elk.web.ElkWebApplication The following profiles are active: dev
2021-07-22 15:42:18 INFO  main org.springframework.data.repository.config.RepositoryConfigurationDelegate Bootstrapping Spring Data repositories in DEFAULT mode.
2021-07-22 15:42:18 INFO  main org.springframework.data.repository.config.RepositoryConfigurationDelegate Finished Spring Data repository scanning in 62ms. Found 2 repository interfaces.
2021-07-22 15:42:19 INFO  main org.springframework.boot.web.embedded.tomcat.TomcatWebServer Tomcat initialized with port(s): 5000 (http)
2021-07-22 15:42:19 INFO  main org.apache.catalina.core.StandardService Starting service [Tomcat]
2021-07-22 15:42:19 INFO  main org.apache.catalina.core.StandardEngine Starting Servlet engine: [Apache Tomcat/9.0.17]
2021-07-22 15:42:19 INFO  main org.apache.catalina.core.ContainerBase.[Tomcat].[localhost].[/] Initializing Spring embedded WebApplicationContext
2021-07-22 15:42:19 INFO  main org.springframework.web.context.ContextLoader Root WebApplicationContext: initialization completed in 1793 ms
2021-07-22 15:42:19 INFO  main org.elasticsearch.plugins.PluginsService no modules loaded
2021-07-22 15:42:19 INFO  main org.elasticsearch.plugins.PluginsService loaded plugin [org.elasticsearch.index.reindex.ReindexPlugin]
2021-07-22 15:42:19 INFO  main org.elasticsearch.plugins.PluginsService loaded plugin [org.elasticsearch.join.ParentJoinPlugin]
2021-07-22 15:42:19 INFO  main org.elasticsearch.plugins.PluginsService loaded plugin [org.elasticsearch.percolator.PercolatorPlugin]
2021-07-22 15:42:19 INFO  main org.elasticsearch.plugins.PluginsService loaded plugin [org.elasticsearch.script.mustache.MustachePlugin]
2021-07-22 15:42:19 INFO  main org.elasticsearch.plugins.PluginsService loaded plugin [org.elasticsearch.transport.Netty4Plugin]
2021-07-22 15:42:25 INFO  main org.springframework.data.elasticsearch.client.TransportClientFactoryBean Adding transport node : 192.168.2.11:9300
2021-07-22 15:42:32 INFO  main springfox.documentation.spring.web.PropertySourcedRequestMappingHandlerMapping Mapped URL path [/v2/api-docs] onto method [public org.springframework.http.ResponseEntity<springfox.documentation.spring.web.json.Json> springfox.documentation.swagger2.web.Swagger2Controller.getDocumentation(java.lang.String,javax.servlet.http.HttpServletRequest)]
2021-07-22 15:42:32 INFO  main org.springframework.scheduling.concurrent.ThreadPoolTaskExecutor Initializing ExecutorService 'applicationTaskExecutor'
2021-07-22 15:42:33 INFO  main springfox.documentation.spring.web.plugins.DocumentationPluginsBootstrapper Context refreshed
2021-07-22 15:42:33 INFO  main springfox.documentation.spring.web.plugins.DocumentationPluginsBootstrapper Found 2 custom documentation plugin(s)
2021-07-22 15:42:33 INFO  main springfox.documentation.spring.web.scanners.ApiListingReferenceScanner Scanning for api listing references
2021-07-22 15:42:34 INFO  main springfox.documentation.spring.web.readers.operation.CachingOperationNameGenerator Generating unique operation named: countUsingGET_1
2021-07-22 15:42:34 INFO  main springfox.documentation.spring.web.scanners.ApiListingReferenceScanner Scanning for api listing references
2021-07-22 15:42:34 INFO  main org.springframework.boot.web.embedded.tomcat.TomcatWebServer Tomcat started on port(s): 5000 (http) with context path ''
2021-07-22 15:42:34 INFO  main com.mqz.elk.web.ElkWebApplication Started ElkWebApplication in 37.464 seconds (JVM running for 43.152)
2021-07-22 15:52:29 INFO  http-nio-5000-exec-1 org.apache.catalina.core.ContainerBase.[Tomcat].[localhost].[/] Initializing Spring DispatcherServlet 'dispatcherServlet'
2021-07-22 15:52:29 INFO  http-nio-5000-exec-1 org.springframework.web.servlet.DispatcherServlet Initializing Servlet 'dispatcherServlet'
2021-07-22 15:52:29 INFO  http-nio-5000-exec-1 org.springframework.web.servlet.DispatcherServlet Completed initialization in 21 ms
2021-07-22 15:52:50 INFO  http-nio-5000-exec-6 com.mqz.elk.web.controller.user.EsController 【better-elk】已创建索引:poem_completion
2021-07-22 16:00:34 INFO  http-nio-5000-exec-10 com.mqz.elk.web.controller.user.EsController 【better-elk】已创建初始化数据，索引:poem_completion
2021-07-22 16:04:14 INFO  http-nio-5000-exec-2 com.mqz.elk.web.controller.user.EsController 【信息】关键字自动补全请求：{"suggest":{"keyword_suggest":{"prefix":"12","completion":{"field":"completionKey","size":5}}}}
2021-07-22 16:22:43 INFO  Thread-78 org.springframework.scheduling.concurrent.ThreadPoolTaskExecutor Shutting down ExecutorService 'applicationTaskExecutor'
2021-07-22 16:23:19 INFO  main com.mqz.elk.web.ElkWebApplication Starting ElkWebApplication on xiaoguotudoudeiMac.local with PID 13190 (/Applications/mqz/better-elk/elk-web/target/classes started by xiaoguotudou in /Applications/mqz/better-elk)
2021-07-22 16:23:19 INFO  main com.mqz.elk.web.ElkWebApplication The following profiles are active: dev
2021-07-22 16:23:19 INFO  main org.springframework.data.repository.config.RepositoryConfigurationDelegate Bootstrapping Spring Data repositories in DEFAULT mode.
2021-07-22 16:23:19 INFO  main org.springframework.data.repository.config.RepositoryConfigurationDelegate Finished Spring Data repository scanning in 55ms. Found 2 repository interfaces.
2021-07-22 16:23:20 INFO  main org.springframework.boot.web.embedded.tomcat.TomcatWebServer Tomcat initialized with port(s): 5000 (http)
2021-07-22 16:23:20 INFO  main org.apache.catalina.core.StandardService Starting service [Tomcat]
2021-07-22 16:23:20 INFO  main org.apache.catalina.core.StandardEngine Starting Servlet engine: [Apache Tomcat/9.0.17]
2021-07-22 16:23:20 INFO  main org.apache.catalina.core.ContainerBase.[Tomcat].[localhost].[/] Initializing Spring embedded WebApplicationContext
2021-07-22 16:23:20 INFO  main org.springframework.web.context.ContextLoader Root WebApplicationContext: initialization completed in 1393 ms
2021-07-22 16:23:21 INFO  main org.elasticsearch.plugins.PluginsService no modules loaded
2021-07-22 16:23:21 INFO  main org.elasticsearch.plugins.PluginsService loaded plugin [org.elasticsearch.index.reindex.ReindexPlugin]
2021-07-22 16:23:21 INFO  main org.elasticsearch.plugins.PluginsService loaded plugin [org.elasticsearch.join.ParentJoinPlugin]
2021-07-22 16:23:21 INFO  main org.elasticsearch.plugins.PluginsService loaded plugin [org.elasticsearch.percolator.PercolatorPlugin]
2021-07-22 16:23:21 INFO  main org.elasticsearch.plugins.PluginsService loaded plugin [org.elasticsearch.script.mustache.MustachePlugin]
2021-07-22 16:23:21 INFO  main org.elasticsearch.plugins.PluginsService loaded plugin [org.elasticsearch.transport.Netty4Plugin]
2021-07-22 16:23:27 INFO  main org.springframework.data.elasticsearch.client.TransportClientFactoryBean Adding transport node : 192.168.2.11:9300
2021-07-22 16:23:33 INFO  main org.apache.catalina.core.StandardService Stopping service [Tomcat]
2021-07-22 16:23:33 INFO  main org.springframework.boot.autoconfigure.logging.ConditionEvaluationReportLoggingListener 

Error starting ApplicationContext. To display the conditions report re-run your application with 'debug' enabled.
2021-07-22 16:25:20 INFO  main com.mqz.elk.web.ElkWebApplication Starting ElkWebApplication on xiaoguotudoudeiMac.local with PID 13194 (/Applications/mqz/better-elk/elk-web/target/classes started by xiaoguotudou in /Applications/mqz/better-elk)
2021-07-22 16:25:20 INFO  main com.mqz.elk.web.ElkWebApplication The following profiles are active: dev
2021-07-22 16:25:21 INFO  main org.springframework.data.repository.config.RepositoryConfigurationDelegate Bootstrapping Spring Data repositories in DEFAULT mode.
2021-07-22 16:25:21 INFO  main org.springframework.data.repository.config.RepositoryConfigurationDelegate Finished Spring Data repository scanning in 58ms. Found 2 repository interfaces.
2021-07-22 16:25:21 INFO  main org.springframework.boot.web.embedded.tomcat.TomcatWebServer Tomcat initialized with port(s): 5000 (http)
2021-07-22 16:25:21 INFO  main org.apache.catalina.core.StandardService Starting service [Tomcat]
2021-07-22 16:25:21 INFO  main org.apache.catalina.core.StandardEngine Starting Servlet engine: [Apache Tomcat/9.0.17]
2021-07-22 16:25:22 INFO  main org.apache.catalina.core.ContainerBase.[Tomcat].[localhost].[/] Initializing Spring embedded WebApplicationContext
2021-07-22 16:25:22 INFO  main org.springframework.web.context.ContextLoader Root WebApplicationContext: initialization completed in 1502 ms
2021-07-22 16:25:22 INFO  main org.elasticsearch.plugins.PluginsService no modules loaded
2021-07-22 16:25:22 INFO  main org.elasticsearch.plugins.PluginsService loaded plugin [org.elasticsearch.index.reindex.ReindexPlugin]
2021-07-22 16:25:22 INFO  main org.elasticsearch.plugins.PluginsService loaded plugin [org.elasticsearch.join.ParentJoinPlugin]
2021-07-22 16:25:22 INFO  main org.elasticsearch.plugins.PluginsService loaded plugin [org.elasticsearch.percolator.PercolatorPlugin]
2021-07-22 16:25:22 INFO  main org.elasticsearch.plugins.PluginsService loaded plugin [org.elasticsearch.script.mustache.MustachePlugin]
2021-07-22 16:25:22 INFO  main org.elasticsearch.plugins.PluginsService loaded plugin [org.elasticsearch.transport.Netty4Plugin]
2021-07-22 16:25:28 INFO  main org.springframework.data.elasticsearch.client.TransportClientFactoryBean Adding transport node : 192.168.2.11:9300
2021-07-22 16:25:34 INFO  main springfox.documentation.spring.web.PropertySourcedRequestMappingHandlerMapping Mapped URL path [/v2/api-docs] onto method [public org.springframework.http.ResponseEntity<springfox.documentation.spring.web.json.Json> springfox.documentation.swagger2.web.Swagger2Controller.getDocumentation(java.lang.String,javax.servlet.http.HttpServletRequest)]
2021-07-22 16:25:34 INFO  main org.springframework.scheduling.concurrent.ThreadPoolTaskExecutor Initializing ExecutorService 'applicationTaskExecutor'
2021-07-22 16:25:35 INFO  main springfox.documentation.spring.web.plugins.DocumentationPluginsBootstrapper Context refreshed
2021-07-22 16:25:35 INFO  main springfox.documentation.spring.web.plugins.DocumentationPluginsBootstrapper Found 2 custom documentation plugin(s)
2021-07-22 16:25:35 INFO  main springfox.documentation.spring.web.scanners.ApiListingReferenceScanner Scanning for api listing references
2021-07-22 16:25:35 INFO  main springfox.documentation.spring.web.readers.operation.CachingOperationNameGenerator Generating unique operation named: countUsingGET_1
2021-07-22 16:25:36 INFO  main springfox.documentation.spring.web.scanners.ApiListingReferenceScanner Scanning for api listing references
2021-07-22 16:25:36 INFO  main org.springframework.boot.web.embedded.tomcat.TomcatWebServer Tomcat started on port(s): 5000 (http) with context path ''
2021-07-22 16:25:36 INFO  main com.mqz.elk.web.ElkWebApplication Started ElkWebApplication in 36.346 seconds (JVM running for 42.099)
2021-07-22 16:27:19 INFO  http-nio-5000-exec-1 org.apache.catalina.core.ContainerBase.[Tomcat].[localhost].[/] Initializing Spring DispatcherServlet 'dispatcherServlet'
2021-07-22 16:27:19 INFO  http-nio-5000-exec-1 org.springframework.web.servlet.DispatcherServlet Initializing Servlet 'dispatcherServlet'
2021-07-22 16:27:19 INFO  http-nio-5000-exec-1 org.springframework.web.servlet.DispatcherServlet Completed initialization in 11 ms
2021-07-22 16:33:03 INFO  Thread-77 org.springframework.scheduling.concurrent.ThreadPoolTaskExecutor Shutting down ExecutorService 'applicationTaskExecutor'
2021-07-22 16:33:38 INFO  main com.mqz.elk.web.ElkWebApplication Starting ElkWebApplication on xiaoguotudoudeiMac.local with PID 13231 (/Applications/mqz/better-elk/elk-web/target/classes started by xiaoguotudou in /Applications/mqz/better-elk)
2021-07-22 16:33:38 INFO  main com.mqz.elk.web.ElkWebApplication The following profiles are active: dev
2021-07-22 16:33:39 INFO  main org.springframework.data.repository.config.RepositoryConfigurationDelegate Bootstrapping Spring Data repositories in DEFAULT mode.
2021-07-22 16:33:39 INFO  main org.springframework.data.repository.config.RepositoryConfigurationDelegate Finished Spring Data repository scanning in 48ms. Found 2 repository interfaces.
2021-07-22 16:33:39 INFO  main org.springframework.boot.web.embedded.tomcat.TomcatWebServer Tomcat initialized with port(s): 5000 (http)
2021-07-22 16:33:39 INFO  main org.apache.catalina.core.StandardService Starting service [Tomcat]
2021-07-22 16:33:39 INFO  main org.apache.catalina.core.StandardEngine Starting Servlet engine: [Apache Tomcat/9.0.17]
2021-07-22 16:33:39 INFO  main org.apache.catalina.core.ContainerBase.[Tomcat].[localhost].[/] Initializing Spring embedded WebApplicationContext
2021-07-22 16:33:39 INFO  main org.springframework.web.context.ContextLoader Root WebApplicationContext: initialization completed in 1295 ms
2021-07-22 16:33:40 INFO  main org.elasticsearch.plugins.PluginsService no modules loaded
2021-07-22 16:33:40 INFO  main org.elasticsearch.plugins.PluginsService loaded plugin [org.elasticsearch.index.reindex.ReindexPlugin]
2021-07-22 16:33:40 INFO  main org.elasticsearch.plugins.PluginsService loaded plugin [org.elasticsearch.join.ParentJoinPlugin]
2021-07-22 16:33:40 INFO  main org.elasticsearch.plugins.PluginsService loaded plugin [org.elasticsearch.percolator.PercolatorPlugin]
2021-07-22 16:33:40 INFO  main org.elasticsearch.plugins.PluginsService loaded plugin [org.elasticsearch.script.mustache.MustachePlugin]
2021-07-22 16:33:40 INFO  main org.elasticsearch.plugins.PluginsService loaded plugin [org.elasticsearch.transport.Netty4Plugin]
2021-07-22 16:33:46 INFO  main org.springframework.data.elasticsearch.client.TransportClientFactoryBean Adding transport node : 192.168.2.11:9300
2021-07-22 16:33:53 INFO  main org.apache.catalina.core.StandardService Stopping service [Tomcat]
2021-07-22 16:33:53 INFO  main org.springframework.boot.autoconfigure.logging.ConditionEvaluationReportLoggingListener 

Error starting ApplicationContext. To display the conditions report re-run your application with 'debug' enabled.
2021-07-22 16:35:07 INFO  main com.mqz.elk.web.ElkWebApplication Starting ElkWebApplication on xiaoguotudoudeiMac.local with PID 13234 (/Applications/mqz/better-elk/elk-web/target/classes started by xiaoguotudou in /Applications/mqz/better-elk)
2021-07-22 16:35:07 INFO  main com.mqz.elk.web.ElkWebApplication The following profiles are active: dev
2021-07-22 16:35:08 INFO  main org.springframework.data.repository.config.RepositoryConfigurationDelegate Bootstrapping Spring Data repositories in DEFAULT mode.
2021-07-22 16:35:08 INFO  main org.springframework.data.repository.config.RepositoryConfigurationDelegate Finished Spring Data repository scanning in 48ms. Found 2 repository interfaces.
2021-07-22 16:35:08 INFO  main org.springframework.boot.web.embedded.tomcat.TomcatWebServer Tomcat initialized with port(s): 5000 (http)
2021-07-22 16:35:08 INFO  main org.apache.catalina.core.StandardService Starting service [Tomcat]
2021-07-22 16:35:08 INFO  main org.apache.catalina.core.StandardEngine Starting Servlet engine: [Apache Tomcat/9.0.17]
2021-07-22 16:35:08 INFO  main org.apache.catalina.core.ContainerBase.[Tomcat].[localhost].[/] Initializing Spring embedded WebApplicationContext
2021-07-22 16:35:08 INFO  main org.springframework.web.context.ContextLoader Root WebApplicationContext: initialization completed in 1300 ms
2021-07-22 16:35:09 INFO  main org.elasticsearch.plugins.PluginsService no modules loaded
2021-07-22 16:35:09 INFO  main org.elasticsearch.plugins.PluginsService loaded plugin [org.elasticsearch.index.reindex.ReindexPlugin]
2021-07-22 16:35:09 INFO  main org.elasticsearch.plugins.PluginsService loaded plugin [org.elasticsearch.join.ParentJoinPlugin]
2021-07-22 16:35:09 INFO  main org.elasticsearch.plugins.PluginsService loaded plugin [org.elasticsearch.percolator.PercolatorPlugin]
2021-07-22 16:35:09 INFO  main org.elasticsearch.plugins.PluginsService loaded plugin [org.elasticsearch.script.mustache.MustachePlugin]
2021-07-22 16:35:09 INFO  main org.elasticsearch.plugins.PluginsService loaded plugin [org.elasticsearch.transport.Netty4Plugin]
2021-07-22 16:35:14 INFO  main org.springframework.data.elasticsearch.client.TransportClientFactoryBean Adding transport node : 192.168.2.11:9300
2021-07-22 16:35:21 INFO  main springfox.documentation.spring.web.PropertySourcedRequestMappingHandlerMapping Mapped URL path [/v2/api-docs] onto method [public org.springframework.http.ResponseEntity<springfox.documentation.spring.web.json.Json> springfox.documentation.swagger2.web.Swagger2Controller.getDocumentation(java.lang.String,javax.servlet.http.HttpServletRequest)]
2021-07-22 16:35:21 INFO  main org.springframework.scheduling.concurrent.ThreadPoolTaskExecutor Initializing ExecutorService 'applicationTaskExecutor'
2021-07-22 16:35:22 INFO  main springfox.documentation.spring.web.plugins.DocumentationPluginsBootstrapper Context refreshed
2021-07-22 16:35:22 INFO  main springfox.documentation.spring.web.plugins.DocumentationPluginsBootstrapper Found 2 custom documentation plugin(s)
2021-07-22 16:35:22 INFO  main springfox.documentation.spring.web.scanners.ApiListingReferenceScanner Scanning for api listing references
2021-07-22 16:35:22 INFO  main springfox.documentation.spring.web.readers.operation.CachingOperationNameGenerator Generating unique operation named: countUsingGET_1
2021-07-22 16:35:22 INFO  main springfox.documentation.spring.web.scanners.ApiListingReferenceScanner Scanning for api listing references
2021-07-22 16:35:22 INFO  main org.springframework.boot.web.embedded.tomcat.TomcatWebServer Tomcat started on port(s): 5000 (http) with context path ''
2021-07-22 16:35:22 INFO  main com.mqz.elk.web.ElkWebApplication Started ElkWebApplication in 35.844 seconds (JVM running for 41.473)
2021-07-22 16:36:36 INFO  Thread-75 org.springframework.scheduling.concurrent.ThreadPoolTaskExecutor Shutting down ExecutorService 'applicationTaskExecutor'
2021-07-22 16:36:39 INFO  main com.mqz.elk.web.ElkWebApplication Starting ElkWebApplication on xiaoguotudoudeiMac.local with PID 13238 (/Applications/mqz/better-elk/elk-web/target/classes started by xiaoguotudou in /Applications/mqz/better-elk)
2021-07-22 16:36:39 INFO  main com.mqz.elk.web.ElkWebApplication The following profiles are active: dev
2021-07-22 16:36:40 INFO  main org.springframework.data.repository.config.RepositoryConfigurationDelegate Bootstrapping Spring Data repositories in DEFAULT mode.
2021-07-22 16:36:40 INFO  main org.springframework.data.repository.config.RepositoryConfigurationDelegate Finished Spring Data repository scanning in 92ms. Found 2 repository interfaces.
2021-07-22 16:36:41 INFO  main org.springframework.boot.web.embedded.tomcat.TomcatWebServer Tomcat initialized with port(s): 5000 (http)
2021-07-22 16:36:41 INFO  main org.apache.catalina.core.StandardService Starting service [Tomcat]
2021-07-22 16:36:41 INFO  main org.apache.catalina.core.StandardEngine Starting Servlet engine: [Apache Tomcat/9.0.17]
2021-07-22 16:36:41 INFO  main org.apache.catalina.core.ContainerBase.[Tomcat].[localhost].[/] Initializing Spring embedded WebApplicationContext
2021-07-22 16:36:41 INFO  main org.springframework.web.context.ContextLoader Root WebApplicationContext: initialization completed in 1412 ms
2021-07-22 16:36:41 INFO  main org.elasticsearch.plugins.PluginsService no modules loaded
2021-07-22 16:36:41 INFO  main org.elasticsearch.plugins.PluginsService loaded plugin [org.elasticsearch.index.reindex.ReindexPlugin]
2021-07-22 16:36:41 INFO  main org.elasticsearch.plugins.PluginsService loaded plugin [org.elasticsearch.join.ParentJoinPlugin]
2021-07-22 16:36:41 INFO  main org.elasticsearch.plugins.PluginsService loaded plugin [org.elasticsearch.percolator.PercolatorPlugin]
2021-07-22 16:36:41 INFO  main org.elasticsearch.plugins.PluginsService loaded plugin [org.elasticsearch.script.mustache.MustachePlugin]
2021-07-22 16:36:41 INFO  main org.elasticsearch.plugins.PluginsService loaded plugin [org.elasticsearch.transport.Netty4Plugin]
2021-07-22 16:36:42 INFO  main org.springframework.data.elasticsearch.client.TransportClientFactoryBean Adding transport node : 192.168.2.11:9300
2021-07-22 16:36:44 INFO  main springfox.documentation.spring.web.PropertySourcedRequestMappingHandlerMapping Mapped URL path [/v2/api-docs] onto method [public org.springframework.http.ResponseEntity<springfox.documentation.spring.web.json.Json> springfox.documentation.swagger2.web.Swagger2Controller.getDocumentation(java.lang.String,javax.servlet.http.HttpServletRequest)]
2021-07-22 16:36:44 INFO  main org.springframework.scheduling.concurrent.ThreadPoolTaskExecutor Initializing ExecutorService 'applicationTaskExecutor'
2021-07-22 16:36:45 INFO  main springfox.documentation.spring.web.plugins.DocumentationPluginsBootstrapper Context refreshed
2021-07-22 16:36:45 INFO  main springfox.documentation.spring.web.plugins.DocumentationPluginsBootstrapper Found 2 custom documentation plugin(s)
2021-07-22 16:36:45 INFO  main springfox.documentation.spring.web.scanners.ApiListingReferenceScanner Scanning for api listing references
2021-07-22 16:36:45 INFO  main springfox.documentation.spring.web.readers.operation.CachingOperationNameGenerator Generating unique operation named: countUsingGET_1
2021-07-22 16:36:45 INFO  main springfox.documentation.spring.web.scanners.ApiListingReferenceScanner Scanning for api listing references
2021-07-22 16:36:45 INFO  main org.springframework.boot.web.embedded.tomcat.TomcatWebServer Tomcat started on port(s): 5000 (http) with context path ''
2021-07-22 16:36:45 INFO  main com.mqz.elk.web.ElkWebApplication Started ElkWebApplication in 6.456 seconds (JVM running for 7.223)
2021-07-22 16:37:11 INFO  Thread-16 org.springframework.scheduling.concurrent.ThreadPoolTaskExecutor Shutting down ExecutorService 'applicationTaskExecutor'
2021-07-22 16:37:15 INFO  main com.mqz.elk.web.ElkWebApplication Starting ElkWebApplication on xiaoguotudoudeiMac.local with PID 13243 (/Applications/mqz/better-elk/elk-web/target/classes started by xiaoguotudou in /Applications/mqz/better-elk)
2021-07-22 16:37:15 INFO  main com.mqz.elk.web.ElkWebApplication The following profiles are active: dev
2021-07-22 16:37:16 INFO  main org.springframework.data.repository.config.RepositoryConfigurationDelegate Bootstrapping Spring Data repositories in DEFAULT mode.
2021-07-22 16:37:16 INFO  main org.springframework.data.repository.config.RepositoryConfigurationDelegate Finished Spring Data repository scanning in 55ms. Found 2 repository interfaces.
2021-07-22 16:37:16 INFO  main org.springframework.boot.web.embedded.tomcat.TomcatWebServer Tomcat initialized with port(s): 5000 (http)
2021-07-22 16:37:16 INFO  main org.apache.catalina.core.StandardService Starting service [Tomcat]
2021-07-22 16:37:16 INFO  main org.apache.catalina.core.StandardEngine Starting Servlet engine: [Apache Tomcat/9.0.17]
2021-07-22 16:37:17 INFO  main org.apache.catalina.core.ContainerBase.[Tomcat].[localhost].[/] Initializing Spring embedded WebApplicationContext
2021-07-22 16:37:17 INFO  main org.springframework.web.context.ContextLoader Root WebApplicationContext: initialization completed in 1487 ms
2021-07-22 16:37:17 INFO  main org.elasticsearch.plugins.PluginsService no modules loaded
2021-07-22 16:37:17 INFO  main org.elasticsearch.plugins.PluginsService loaded plugin [org.elasticsearch.index.reindex.ReindexPlugin]
2021-07-22 16:37:17 INFO  main org.elasticsearch.plugins.PluginsService loaded plugin [org.elasticsearch.join.ParentJoinPlugin]
2021-07-22 16:37:17 INFO  main org.elasticsearch.plugins.PluginsService loaded plugin [org.elasticsearch.percolator.PercolatorPlugin]
2021-07-22 16:37:17 INFO  main org.elasticsearch.plugins.PluginsService loaded plugin [org.elasticsearch.script.mustache.MustachePlugin]
2021-07-22 16:37:17 INFO  main org.elasticsearch.plugins.PluginsService loaded plugin [org.elasticsearch.transport.Netty4Plugin]
2021-07-22 16:37:18 INFO  main org.springframework.data.elasticsearch.client.TransportClientFactoryBean Adding transport node : 192.168.2.11:9300
2021-07-22 16:37:19 INFO  main springfox.documentation.spring.web.PropertySourcedRequestMappingHandlerMapping Mapped URL path [/v2/api-docs] onto method [public org.springframework.http.ResponseEntity<springfox.documentation.spring.web.json.Json> springfox.documentation.swagger2.web.Swagger2Controller.getDocumentation(java.lang.String,javax.servlet.http.HttpServletRequest)]
2021-07-22 16:37:19 INFO  main org.springframework.scheduling.concurrent.ThreadPoolTaskExecutor Initializing ExecutorService 'applicationTaskExecutor'
2021-07-22 16:37:20 INFO  main springfox.documentation.spring.web.plugins.DocumentationPluginsBootstrapper Context refreshed
2021-07-22 16:37:20 INFO  main springfox.documentation.spring.web.plugins.DocumentationPluginsBootstrapper Found 2 custom documentation plugin(s)
2021-07-22 16:37:20 INFO  main springfox.documentation.spring.web.scanners.ApiListingReferenceScanner Scanning for api listing references
2021-07-22 16:37:21 INFO  main springfox.documentation.spring.web.readers.operation.CachingOperationNameGenerator Generating unique operation named: countUsingGET_1
2021-07-22 16:37:21 INFO  main springfox.documentation.spring.web.scanners.ApiListingReferenceScanner Scanning for api listing references
2021-07-22 16:37:21 INFO  main org.springframework.boot.web.embedded.tomcat.TomcatWebServer Tomcat started on port(s): 5000 (http) with context path ''
2021-07-22 16:37:21 INFO  main com.mqz.elk.web.ElkWebApplication Started ElkWebApplication in 6.724 seconds (JVM running for 7.547)
2021-07-22 16:37:46 INFO  http-nio-5000-exec-1 org.apache.catalina.core.ContainerBase.[Tomcat].[localhost].[/] Initializing Spring DispatcherServlet 'dispatcherServlet'
2021-07-22 16:37:46 INFO  http-nio-5000-exec-1 org.springframework.web.servlet.DispatcherServlet Initializing Servlet 'dispatcherServlet'
2021-07-22 16:37:46 INFO  http-nio-5000-exec-1 org.springframework.web.servlet.DispatcherServlet Completed initialization in 7 ms
2021-07-22 16:37:46 INFO  http-nio-5000-exec-1 com.mqz.elk.web.controller.user.EsController 【better-elk】已创建初始化数据，索引:poem_completion
2021-07-22 16:38:36 INFO  http-nio-5000-exec-2 com.mqz.elk.web.controller.user.EsController 【信息】关键字自动补全请求：{"suggest":{"keyword_suggest":{"prefix":"12","completion":{"field":"completionKey","size":5}}}}
2021-07-22 16:48:36 INFO  Thread-16 org.springframework.scheduling.concurrent.ThreadPoolTaskExecutor Shutting down ExecutorService 'applicationTaskExecutor'
2021-07-22 16:49:32 INFO  main com.mqz.elk.web.ElkWebApplication Starting ElkWebApplication on xiaoguotudoudeiMac.local with PID 13259 (/Applications/mqz/better-elk/elk-web/target/classes started by xiaoguotudou in /Applications/mqz/better-elk)
2021-07-22 16:49:32 INFO  main com.mqz.elk.web.ElkWebApplication The following profiles are active: dev
2021-07-22 16:49:33 INFO  main org.springframework.data.repository.config.RepositoryConfigurationDelegate Bootstrapping Spring Data repositories in DEFAULT mode.
2021-07-22 16:49:33 INFO  main org.springframework.data.repository.config.RepositoryConfigurationDelegate Finished Spring Data repository scanning in 61ms. Found 2 repository interfaces.
2021-07-22 16:49:34 INFO  main org.springframework.boot.web.embedded.tomcat.TomcatWebServer Tomcat initialized with port(s): 5000 (http)
2021-07-22 16:49:34 INFO  main org.apache.catalina.core.StandardService Starting service [Tomcat]
2021-07-22 16:49:34 INFO  main org.apache.catalina.core.StandardEngine Starting Servlet engine: [Apache Tomcat/9.0.17]
2021-07-22 16:49:34 INFO  main org.apache.catalina.core.ContainerBase.[Tomcat].[localhost].[/] Initializing Spring embedded WebApplicationContext
2021-07-22 16:49:34 INFO  main org.springframework.web.context.ContextLoader Root WebApplicationContext: initialization completed in 1715 ms
2021-07-22 16:49:34 INFO  main org.elasticsearch.plugins.PluginsService no modules loaded
2021-07-22 16:49:34 INFO  main org.elasticsearch.plugins.PluginsService loaded plugin [org.elasticsearch.index.reindex.ReindexPlugin]
2021-07-22 16:49:34 INFO  main org.elasticsearch.plugins.PluginsService loaded plugin [org.elasticsearch.join.ParentJoinPlugin]
2021-07-22 16:49:34 INFO  main org.elasticsearch.plugins.PluginsService loaded plugin [org.elasticsearch.percolator.PercolatorPlugin]
2021-07-22 16:49:34 INFO  main org.elasticsearch.plugins.PluginsService loaded plugin [org.elasticsearch.script.mustache.MustachePlugin]
2021-07-22 16:49:34 INFO  main org.elasticsearch.plugins.PluginsService loaded plugin [org.elasticsearch.transport.Netty4Plugin]
2021-07-22 16:49:41 INFO  main org.springframework.data.elasticsearch.client.TransportClientFactoryBean Adding transport node : 192.168.2.11:9300
2021-07-22 16:49:49 INFO  main springfox.documentation.spring.web.PropertySourcedRequestMappingHandlerMapping Mapped URL path [/v2/api-docs] onto method [public org.springframework.http.ResponseEntity<springfox.documentation.spring.web.json.Json> springfox.documentation.swagger2.web.Swagger2Controller.getDocumentation(java.lang.String,javax.servlet.http.HttpServletRequest)]
2021-07-22 16:49:49 INFO  main org.springframework.scheduling.concurrent.ThreadPoolTaskExecutor Initializing ExecutorService 'applicationTaskExecutor'
2021-07-22 16:49:51 INFO  main springfox.documentation.spring.web.plugins.DocumentationPluginsBootstrapper Context refreshed
2021-07-22 16:49:51 INFO  main springfox.documentation.spring.web.plugins.DocumentationPluginsBootstrapper Found 2 custom documentation plugin(s)
2021-07-22 16:49:51 INFO  main springfox.documentation.spring.web.scanners.ApiListingReferenceScanner Scanning for api listing references
2021-07-22 16:49:51 INFO  main springfox.documentation.spring.web.readers.operation.CachingOperationNameGenerator Generating unique operation named: countUsingGET_1
2021-07-22 16:49:51 INFO  main springfox.documentation.spring.web.scanners.ApiListingReferenceScanner Scanning for api listing references
2021-07-22 16:49:51 INFO  main org.springframework.boot.web.embedded.tomcat.TomcatWebServer Tomcat started on port(s): 5000 (http) with context path ''
2021-07-22 16:49:51 INFO  main com.mqz.elk.web.ElkWebApplication Started ElkWebApplication in 39.728 seconds (JVM running for 45.395)
2021-07-22 16:52:11 INFO  http-nio-5000-exec-1 org.apache.catalina.core.ContainerBase.[Tomcat].[localhost].[/] Initializing Spring DispatcherServlet 'dispatcherServlet'
2021-07-22 16:52:11 INFO  http-nio-5000-exec-1 org.springframework.web.servlet.DispatcherServlet Initializing Servlet 'dispatcherServlet'
2021-07-22 16:52:11 INFO  http-nio-5000-exec-1 org.springframework.web.servlet.DispatcherServlet Completed initialization in 20 ms
2021-07-22 16:52:11 INFO  http-nio-5000-exec-1 com.mqz.elk.web.controller.user.EsController 【better-elk】已创建初始化数据，索引:poem_completion
2021-07-22 16:52:32 INFO  http-nio-5000-exec-2 com.mqz.elk.web.controller.user.EsController 【信息】关键字自动补全请求：{"suggest":{"keyword_suggest":{"prefix":"12","completion":{"field":"completionKey","size":5}}}}
2021-07-22 16:59:36 INFO  Thread-82 org.springframework.scheduling.concurrent.ThreadPoolTaskExecutor Shutting down ExecutorService 'applicationTaskExecutor'
2021-07-22 17:00:10 INFO  main com.mqz.elk.web.ElkWebApplication Starting ElkWebApplication on xiaoguotudoudeiMac.local with PID 13283 (/Applications/mqz/better-elk/elk-web/target/classes started by xiaoguotudou in /Applications/mqz/better-elk)
2021-07-22 17:00:10 INFO  main com.mqz.elk.web.ElkWebApplication The following profiles are active: dev
2021-07-22 17:00:11 INFO  main org.springframework.data.repository.config.RepositoryConfigurationDelegate Bootstrapping Spring Data repositories in DEFAULT mode.
2021-07-22 17:00:11 INFO  main org.springframework.data.repository.config.RepositoryConfigurationDelegate Finished Spring Data repository scanning in 53ms. Found 2 repository interfaces.
2021-07-22 17:00:11 INFO  main org.springframework.boot.web.embedded.tomcat.TomcatWebServer Tomcat initialized with port(s): 5000 (http)
2021-07-22 17:00:11 INFO  main org.apache.catalina.core.StandardService Starting service [Tomcat]
2021-07-22 17:00:11 INFO  main org.apache.catalina.core.StandardEngine Starting Servlet engine: [Apache Tomcat/9.0.17]
2021-07-22 17:00:12 INFO  main org.apache.catalina.core.ContainerBase.[Tomcat].[localhost].[/] Initializing Spring embedded WebApplicationContext
2021-07-22 17:00:12 INFO  main org.springframework.web.context.ContextLoader Root WebApplicationContext: initialization completed in 1427 ms
2021-07-22 17:00:12 INFO  main org.elasticsearch.plugins.PluginsService no modules loaded
2021-07-22 17:00:12 INFO  main org.elasticsearch.plugins.PluginsService loaded plugin [org.elasticsearch.index.reindex.ReindexPlugin]
2021-07-22 17:00:12 INFO  main org.elasticsearch.plugins.PluginsService loaded plugin [org.elasticsearch.join.ParentJoinPlugin]
2021-07-22 17:00:12 INFO  main org.elasticsearch.plugins.PluginsService loaded plugin [org.elasticsearch.percolator.PercolatorPlugin]
2021-07-22 17:00:12 INFO  main org.elasticsearch.plugins.PluginsService loaded plugin [org.elasticsearch.script.mustache.MustachePlugin]
2021-07-22 17:00:12 INFO  main org.elasticsearch.plugins.PluginsService loaded plugin [org.elasticsearch.transport.Netty4Plugin]
2021-07-22 17:00:18 INFO  main org.springframework.data.elasticsearch.client.TransportClientFactoryBean Adding transport node : 192.168.2.11:9300
2021-07-22 17:00:24 INFO  main springfox.documentation.spring.web.PropertySourcedRequestMappingHandlerMapping Mapped URL path [/v2/api-docs] onto method [public org.springframework.http.ResponseEntity<springfox.documentation.spring.web.json.Json> springfox.documentation.swagger2.web.Swagger2Controller.getDocumentation(java.lang.String,javax.servlet.http.HttpServletRequest)]
2021-07-22 17:00:24 INFO  main org.springframework.scheduling.concurrent.ThreadPoolTaskExecutor Initializing ExecutorService 'applicationTaskExecutor'
2021-07-22 17:00:25 INFO  main springfox.documentation.spring.web.plugins.DocumentationPluginsBootstrapper Context refreshed
2021-07-22 17:00:25 INFO  main springfox.documentation.spring.web.plugins.DocumentationPluginsBootstrapper Found 2 custom documentation plugin(s)
2021-07-22 17:00:25 INFO  main springfox.documentation.spring.web.scanners.ApiListingReferenceScanner Scanning for api listing references
2021-07-22 17:00:25 INFO  main springfox.documentation.spring.web.readers.operation.CachingOperationNameGenerator Generating unique operation named: countUsingGET_1
2021-07-22 17:00:25 INFO  main springfox.documentation.spring.web.scanners.ApiListingReferenceScanner Scanning for api listing references
2021-07-22 17:00:25 INFO  main org.springframework.boot.web.embedded.tomcat.TomcatWebServer Tomcat started on port(s): 5000 (http) with context path ''
2021-07-22 17:00:25 INFO  main com.mqz.elk.web.ElkWebApplication Started ElkWebApplication in 35.681 seconds (JVM running for 41.298)
2021-07-22 17:00:40 INFO  http-nio-5000-exec-1 org.apache.catalina.core.ContainerBase.[Tomcat].[localhost].[/] Initializing Spring DispatcherServlet 'dispatcherServlet'
2021-07-22 17:00:40 INFO  http-nio-5000-exec-1 org.springframework.web.servlet.DispatcherServlet Initializing Servlet 'dispatcherServlet'
2021-07-22 17:00:40 INFO  http-nio-5000-exec-1 org.springframework.web.servlet.DispatcherServlet Completed initialization in 9 ms
2021-07-22 17:03:16 INFO  http-nio-5000-exec-4 com.mqz.elk.web.controller.user.EsController 【better-elk】已创建初始化数据，索引:poem_completion
2021-07-22 17:11:33 INFO  Thread-75 org.springframework.scheduling.concurrent.ThreadPoolTaskExecutor Shutting down ExecutorService 'applicationTaskExecutor'
2021-07-22 17:12:48 INFO  main com.mqz.elk.web.ElkWebApplication Starting ElkWebApplication on xiaoguotudoudeiMac.local with PID 13332 (/Applications/mqz/better-elk/elk-web/target/classes started by xiaoguotudou in /Applications/mqz/better-elk)
2021-07-22 17:12:48 INFO  main com.mqz.elk.web.ElkWebApplication The following profiles are active: dev
2021-07-22 17:12:49 INFO  main org.springframework.data.repository.config.RepositoryConfigurationDelegate Bootstrapping Spring Data repositories in DEFAULT mode.
2021-07-22 17:12:49 INFO  main org.springframework.data.repository.config.RepositoryConfigurationDelegate Finished Spring Data repository scanning in 52ms. Found 2 repository interfaces.
2021-07-22 17:12:49 INFO  main org.springframework.boot.web.embedded.tomcat.TomcatWebServer Tomcat initialized with port(s): 5000 (http)
2021-07-22 17:12:49 INFO  main org.apache.catalina.core.StandardService Starting service [Tomcat]
2021-07-22 17:12:49 INFO  main org.apache.catalina.core.StandardEngine Starting Servlet engine: [Apache Tomcat/9.0.17]
2021-07-22 17:12:50 INFO  main org.apache.catalina.core.ContainerBase.[Tomcat].[localhost].[/] Initializing Spring embedded WebApplicationContext
2021-07-22 17:12:50 INFO  main org.springframework.web.context.ContextLoader Root WebApplicationContext: initialization completed in 1498 ms
2021-07-22 17:12:50 INFO  main org.elasticsearch.plugins.PluginsService no modules loaded
2021-07-22 17:12:50 INFO  main org.elasticsearch.plugins.PluginsService loaded plugin [org.elasticsearch.index.reindex.ReindexPlugin]
2021-07-22 17:12:50 INFO  main org.elasticsearch.plugins.PluginsService loaded plugin [org.elasticsearch.join.ParentJoinPlugin]
2021-07-22 17:12:50 INFO  main org.elasticsearch.plugins.PluginsService loaded plugin [org.elasticsearch.percolator.PercolatorPlugin]
2021-07-22 17:12:50 INFO  main org.elasticsearch.plugins.PluginsService loaded plugin [org.elasticsearch.script.mustache.MustachePlugin]
2021-07-22 17:12:50 INFO  main org.elasticsearch.plugins.PluginsService loaded plugin [org.elasticsearch.transport.Netty4Plugin]
2021-07-22 17:12:56 INFO  main org.springframework.data.elasticsearch.client.TransportClientFactoryBean Adding transport node : 192.168.2.11:9300
2021-07-22 17:13:02 INFO  main springfox.documentation.spring.web.PropertySourcedRequestMappingHandlerMapping Mapped URL path [/v2/api-docs] onto method [public org.springframework.http.ResponseEntity<springfox.documentation.spring.web.json.Json> springfox.documentation.swagger2.web.Swagger2Controller.getDocumentation(java.lang.String,javax.servlet.http.HttpServletRequest)]
2021-07-22 17:13:03 INFO  main org.springframework.scheduling.concurrent.ThreadPoolTaskExecutor Initializing ExecutorService 'applicationTaskExecutor'
2021-07-22 17:13:04 INFO  main springfox.documentation.spring.web.plugins.DocumentationPluginsBootstrapper Context refreshed
2021-07-22 17:13:04 INFO  main springfox.documentation.spring.web.plugins.DocumentationPluginsBootstrapper Found 2 custom documentation plugin(s)
2021-07-22 17:13:04 INFO  main springfox.documentation.spring.web.scanners.ApiListingReferenceScanner Scanning for api listing references
2021-07-22 17:13:04 INFO  main springfox.documentation.spring.web.readers.operation.CachingOperationNameGenerator Generating unique operation named: countUsingGET_1
2021-07-22 17:13:04 INFO  main springfox.documentation.spring.web.scanners.ApiListingReferenceScanner Scanning for api listing references
2021-07-22 17:13:04 INFO  main org.springframework.boot.web.embedded.tomcat.TomcatWebServer Tomcat started on port(s): 5000 (http) with context path ''
2021-07-22 17:13:04 INFO  main com.mqz.elk.web.ElkWebApplication Started ElkWebApplication in 36.567 seconds (JVM running for 42.174)
2021-07-22 17:13:48 INFO  http-nio-5000-exec-1 org.apache.catalina.core.ContainerBase.[Tomcat].[localhost].[/] Initializing Spring DispatcherServlet 'dispatcherServlet'
2021-07-22 17:13:48 INFO  http-nio-5000-exec-1 org.springframework.web.servlet.DispatcherServlet Initializing Servlet 'dispatcherServlet'
2021-07-22 17:13:48 INFO  http-nio-5000-exec-1 org.springframework.web.servlet.DispatcherServlet Completed initialization in 10 ms
2021-07-22 17:13:48 INFO  http-nio-5000-exec-1 com.mqz.elk.web.controller.user.EsController 【better-elk】poem_completion已经存在无需创建
2021-07-22 17:13:55 INFO  http-nio-5000-exec-2 com.mqz.elk.web.controller.user.EsController 【better-elk】已创建初始化数据，索引:poem_completion
2021-07-22 17:14:02 INFO  http-nio-5000-exec-3 com.mqz.elk.web.controller.user.EsController 【better-elk】已创建初始化数据，索引:poem_completion
2021-07-22 17:37:30 INFO  Thread-75 org.springframework.scheduling.concurrent.ThreadPoolTaskExecutor Shutting down ExecutorService 'applicationTaskExecutor'
2021-07-22 17:37:36 INFO  main com.mqz.elk.web.ElkWebApplication Starting ElkWebApplication on xiaoguotudoudeiMac.local with PID 13400 (/Applications/mqz/better-elk/elk-web/target/classes started by xiaoguotudou in /Applications/mqz/better-elk)
2021-07-22 17:37:36 INFO  main com.mqz.elk.web.ElkWebApplication The following profiles are active: dev
2021-07-22 17:37:37 INFO  main org.springframework.data.repository.config.RepositoryConfigurationDelegate Bootstrapping Spring Data repositories in DEFAULT mode.
2021-07-22 17:37:37 INFO  main org.springframework.data.repository.config.RepositoryConfigurationDelegate Finished Spring Data repository scanning in 53ms. Found 2 repository interfaces.
2021-07-22 17:37:38 INFO  main org.springframework.boot.web.embedded.tomcat.TomcatWebServer Tomcat initialized with port(s): 5000 (http)
2021-07-22 17:37:38 INFO  main org.apache.catalina.core.StandardService Starting service [Tomcat]
2021-07-22 17:37:38 INFO  main org.apache.catalina.core.StandardEngine Starting Servlet engine: [Apache Tomcat/9.0.17]
2021-07-22 17:37:38 INFO  main org.apache.catalina.core.ContainerBase.[Tomcat].[localhost].[/] Initializing Spring embedded WebApplicationContext
2021-07-22 17:37:38 INFO  main org.springframework.web.context.ContextLoader Root WebApplicationContext: initialization completed in 1591 ms
2021-07-22 17:37:38 INFO  main org.elasticsearch.plugins.PluginsService no modules loaded
2021-07-22 17:37:38 INFO  main org.elasticsearch.plugins.PluginsService loaded plugin [org.elasticsearch.index.reindex.ReindexPlugin]
2021-07-22 17:37:38 INFO  main org.elasticsearch.plugins.PluginsService loaded plugin [org.elasticsearch.join.ParentJoinPlugin]
2021-07-22 17:37:38 INFO  main org.elasticsearch.plugins.PluginsService loaded plugin [org.elasticsearch.percolator.PercolatorPlugin]
2021-07-22 17:37:38 INFO  main org.elasticsearch.plugins.PluginsService loaded plugin [org.elasticsearch.script.mustache.MustachePlugin]
2021-07-22 17:37:38 INFO  main org.elasticsearch.plugins.PluginsService loaded plugin [org.elasticsearch.transport.Netty4Plugin]
2021-07-22 17:37:39 INFO  main org.springframework.data.elasticsearch.client.TransportClientFactoryBean Adding transport node : 192.168.2.11:9300
2021-07-22 17:37:41 INFO  main springfox.documentation.spring.web.PropertySourcedRequestMappingHandlerMapping Mapped URL path [/v2/api-docs] onto method [public org.springframework.http.ResponseEntity<springfox.documentation.spring.web.json.Json> springfox.documentation.swagger2.web.Swagger2Controller.getDocumentation(java.lang.String,javax.servlet.http.HttpServletRequest)]
2021-07-22 17:37:41 INFO  main org.springframework.scheduling.concurrent.ThreadPoolTaskExecutor Initializing ExecutorService 'applicationTaskExecutor'
2021-07-22 17:37:42 INFO  main springfox.documentation.spring.web.plugins.DocumentationPluginsBootstrapper Context refreshed
2021-07-22 17:37:42 INFO  main springfox.documentation.spring.web.plugins.DocumentationPluginsBootstrapper Found 2 custom documentation plugin(s)
2021-07-22 17:37:42 INFO  main springfox.documentation.spring.web.scanners.ApiListingReferenceScanner Scanning for api listing references
2021-07-22 17:37:42 INFO  main springfox.documentation.spring.web.readers.operation.CachingOperationNameGenerator Generating unique operation named: countUsingGET_1
2021-07-22 17:37:42 INFO  main springfox.documentation.spring.web.scanners.ApiListingReferenceScanner Scanning for api listing references
2021-07-22 17:37:42 INFO  main org.springframework.boot.web.embedded.tomcat.TomcatWebServer Tomcat started on port(s): 5000 (http) with context path ''
2021-07-22 17:37:42 INFO  main com.mqz.elk.web.ElkWebApplication Started ElkWebApplication in 6.833 seconds (JVM running for 7.753)
2021-07-22 17:39:00 INFO  http-nio-5000-exec-1 org.apache.catalina.core.ContainerBase.[Tomcat].[localhost].[/] Initializing Spring DispatcherServlet 'dispatcherServlet'
2021-07-22 17:39:00 INFO  http-nio-5000-exec-1 org.springframework.web.servlet.DispatcherServlet Initializing Servlet 'dispatcherServlet'
2021-07-22 17:39:00 INFO  http-nio-5000-exec-1 org.springframework.web.servlet.DispatcherServlet Completed initialization in 6 ms
2021-07-22 17:39:00 INFO  http-nio-5000-exec-1 com.mqz.elk.web.controller.user.EsController 【better-elk】poem_completion已经存在无需创建
2021-07-22 17:39:04 INFO  http-nio-5000-exec-2 com.mqz.elk.web.controller.user.EsController 【better-elk】已创建初始化数据，索引:poem_completion
